{"/home/nicoj/dev/xXN1CG4M3RXx/n1code/admin/src/App.jsx": {"path":"/home/nicoj/dev/xXN1CG4M3RXx/n1code/admin/src/App.jsx","statementMap":{"0":{"start":{"line":16,"column":0},"end":{"line":16,"column":24}},"1":{"start":{"line":16,"column":24},"end":{"line":16,"column":null}},"2":{"start":{"line":17,"column":2},"end":{"line":17,"column":null}},"3":{"start":{"line":17,"column":11},"end":{"line":17,"column":null}},"4":{"start":{"line":17,"column":20},"end":{"line":17,"column":52}},"5":{"start":{"line":17,"column":52},"end":{"line":17,"column":null}},"6":{"start":{"line":17,"column":52},"end":{"line":17,"column":21}},"7":{"start":{"line":17,"column":52},"end":{"line":18,"column":17}},"8":{"start":{"line":21,"column":0},"end":{"line":21,"column":null}},"9":{"start":{"line":22,"column":2},"end":{"line":22,"column":null}},"10":{"start":{"line":23,"column":2},"end":{"line":23,"column":46}},"11":{"start":{"line":23,"column":46},"end":{"line":31,"column":null}},"12":{"start":{"line":25,"column":12},"end":{"line":30,"column":null}},"13":{"start":{"line":26,"column":4},"end":{"line":29,"column":6}},"14":{"start":{"line":27,"column":6},"end":{"line":27,"column":null}},"15":{"start":{"line":28,"column":6},"end":{"line":28,"column":23}},"16":{"start":{"line":29,"column":6},"end":{"line":30,"column":30}},"17":{"start":{"line":30,"column":17},"end":{"line":30,"column":30}},"18":{"start":{"line":31,"column":5},"end":{"line":31,"column":7}},"19":{"start":{"line":31,"column":7},"end":{"line":31,"column":null}},"20":{"start":{"line":25,"column":2},"end":{"line":31,"column":null}},"21":{"start":{"line":33,"column":2},"end":{"line":33,"column":null}},"22":{"start":{"line":33,"column":13},"end":{"line":33,"column":null}},"23":{"start":{"line":33,"column":22},"end":{"line":33,"column":null}},"24":{"start":{"line":33,"column":129},"end":{"line":33,"column":null}},"25":{"start":{"line":33,"column":129},"end":{"line":33,"column":37}},"26":{"start":{"line":33,"column":129},"end":{"line":70,"column":null}},"27":{"start":{"line":38,"column":7},"end":{"line":69,"column":null}},"28":{"start":{"line":70,"column":7},"end":{"line":70,"column":null}},"29":{"start":{"line":70,"column":7},"end":{"line":74,"column":null}},"30":{"start":{"line":74,"column":10},"end":{"line":74,"column":83}},"31":{"start":{"line":74,"column":83},"end":{"line":74,"column":null}},"32":{"start":{"line":74,"column":83},"end":{"line":75,"column":93}},"33":{"start":{"line":75,"column":63},"end":{"line":75,"column":76}},"34":{"start":{"line":75,"column":76},"end":{"line":75,"column":93}},"35":{"start":{"line":75,"column":76},"end":{"line":75,"column":null}},"36":{"start":{"line":75,"column":10},"end":{"line":75,"column":97}},"37":{"start":{"line":75,"column":97},"end":{"line":75,"column":null}},"38":{"start":{"line":75,"column":97},"end":{"line":76,"column":107}},"39":{"start":{"line":76,"column":71},"end":{"line":76,"column":90}},"40":{"start":{"line":76,"column":90},"end":{"line":76,"column":107}},"41":{"start":{"line":76,"column":90},"end":{"line":76,"column":null}},"42":{"start":{"line":76,"column":10},"end":{"line":76,"column":111}},"43":{"start":{"line":76,"column":111},"end":{"line":76,"column":null}},"44":{"start":{"line":76,"column":111},"end":{"line":77,"column":106}},"45":{"start":{"line":77,"column":71},"end":{"line":77,"column":89}},"46":{"start":{"line":77,"column":89},"end":{"line":77,"column":106}},"47":{"start":{"line":77,"column":89},"end":{"line":77,"column":null}},"48":{"start":{"line":77,"column":10},"end":{"line":77,"column":110}},"49":{"start":{"line":77,"column":110},"end":{"line":77,"column":null}},"50":{"start":{"line":77,"column":110},"end":{"line":78,"column":103}},"51":{"start":{"line":78,"column":69},"end":{"line":78,"column":86}},"52":{"start":{"line":78,"column":86},"end":{"line":78,"column":103}},"53":{"start":{"line":78,"column":86},"end":{"line":78,"column":null}},"54":{"start":{"line":78,"column":10},"end":{"line":78,"column":107}},"55":{"start":{"line":78,"column":107},"end":{"line":78,"column":null}},"56":{"start":{"line":78,"column":107},"end":{"line":79,"column":101}},"57":{"start":{"line":79,"column":68},"end":{"line":79,"column":84}},"58":{"start":{"line":79,"column":84},"end":{"line":79,"column":101}},"59":{"start":{"line":79,"column":84},"end":{"line":79,"column":null}},"60":{"start":{"line":79,"column":10},"end":{"line":79,"column":105}},"61":{"start":{"line":79,"column":105},"end":{"line":79,"column":null}},"62":{"start":{"line":79,"column":105},"end":{"line":80,"column":109}},"63":{"start":{"line":80,"column":72},"end":{"line":80,"column":92}},"64":{"start":{"line":80,"column":92},"end":{"line":80,"column":109}},"65":{"start":{"line":80,"column":92},"end":{"line":80,"column":null}},"66":{"start":{"line":80,"column":10},"end":{"line":80,"column":113}},"67":{"start":{"line":80,"column":113},"end":{"line":80,"column":null}},"68":{"start":{"line":80,"column":113},"end":{"line":81,"column":97}},"69":{"start":{"line":81,"column":66},"end":{"line":81,"column":80}},"70":{"start":{"line":81,"column":80},"end":{"line":81,"column":97}},"71":{"start":{"line":81,"column":80},"end":{"line":81,"column":null}},"72":{"start":{"line":81,"column":10},"end":{"line":81,"column":101}},"73":{"start":{"line":81,"column":101},"end":{"line":81,"column":null}},"74":{"start":{"line":81,"column":101},"end":{"line":82,"column":101}},"75":{"start":{"line":82,"column":68},"end":{"line":82,"column":84}},"76":{"start":{"line":82,"column":84},"end":{"line":82,"column":101}},"77":{"start":{"line":82,"column":84},"end":{"line":82,"column":null}},"78":{"start":{"line":82,"column":10},"end":{"line":82,"column":105}},"79":{"start":{"line":82,"column":105},"end":{"line":82,"column":null}},"80":{"start":{"line":82,"column":105},"end":{"line":83,"column":111}},"81":{"start":{"line":83,"column":72},"end":{"line":83,"column":94}},"82":{"start":{"line":83,"column":94},"end":{"line":83,"column":111}},"83":{"start":{"line":83,"column":94},"end":{"line":83,"column":null}},"84":{"start":{"line":83,"column":10},"end":{"line":83,"column":115}},"85":{"start":{"line":83,"column":115},"end":{"line":83,"column":null}},"86":{"start":{"line":83,"column":115},"end":{"line":84,"column":null}},"87":{"start":{"line":84,"column":10},"end":{"line":84,"column":58}},"88":{"start":{"line":84,"column":58},"end":{"line":84,"column":null}},"89":{"start":{"line":84,"column":58},"end":{"line":86,"column":null}},"90":{"start":{"line":72,"column":6},"end":{"line":86,"column":null}},"91":{"start":{"line":86,"column":13},"end":{"line":86,"column":null}},"92":{"start":{"line":86,"column":13},"end":{"line":87,"column":null}},"93":{"start":{"line":36,"column":4},"end":{"line":87,"column":null}},"94":{"start":{"line":87,"column":10},"end":{"line":87,"column":null}},"95":{"start":{"line":87,"column":10},"end":{"line":36,"column":19}},"96":{"start":{"line":21,"column":0},"end":{"line":66,"column":51}},"97":{"start":{"line":62,"column":51},"end":{"line":62,"column":63}},"98":{"start":{"line":62,"column":63},"end":{"line":62,"column":193}},"99":{"start":{"line":61,"column":47},"end":{"line":61,"column":59}},"100":{"start":{"line":61,"column":59},"end":{"line":61,"column":189}},"101":{"start":{"line":60,"column":45},"end":{"line":60,"column":57}},"102":{"start":{"line":60,"column":57},"end":{"line":60,"column":187}},"103":{"start":{"line":59,"column":51},"end":{"line":59,"column":63}},"104":{"start":{"line":59,"column":63},"end":{"line":59,"column":193}},"105":{"start":{"line":58,"column":47},"end":{"line":58,"column":59}},"106":{"start":{"line":58,"column":59},"end":{"line":58,"column":189}},"107":{"start":{"line":57,"column":48},"end":{"line":57,"column":60}},"108":{"start":{"line":57,"column":60},"end":{"line":57,"column":190}},"109":{"start":{"line":56,"column":50},"end":{"line":56,"column":62}},"110":{"start":{"line":56,"column":62},"end":{"line":56,"column":192}},"111":{"start":{"line":55,"column":50},"end":{"line":55,"column":62}},"112":{"start":{"line":55,"column":62},"end":{"line":55,"column":192}},"113":{"start":{"line":54,"column":46},"end":{"line":54,"column":58}},"114":{"start":{"line":54,"column":58},"end":{"line":54,"column":188}},"115":{"start":{"line":21,"column":0},"end":{"line":50,"column":50}}},"fnMap":{"0":{"name":"ProtectedRoute","decl":{"start":{"line":16,"column":0},"end":{"line":16,"column":24}},"loc":{"start":{"line":16,"column":0},"end":{"line":18,"column":null}},"line":16},"1":{"name":"App","decl":{"start":{"line":21,"column":0},"end":{"line":21,"column":null}},"loc":{"start":{"line":21,"column":0},"end":{"line":87,"column":null}},"line":21},"2":{"name":"(anonymous_2)","decl":{"start":{"line":25,"column":12},"end":{"line":25,"column":null}},"loc":{"start":{"line":25,"column":12},"end":{"line":30,"column":null}},"line":25},"3":{"name":"(anonymous_3)","decl":{"start":{"line":26,"column":43},"end":{"line":26,"column":49}},"loc":{"start":{"line":26,"column":49},"end":{"line":28,"column":null}},"line":26},"4":{"name":"(anonymous_4)","decl":{"start":{"line":29,"column":6},"end":{"line":29,"column":null}},"loc":{"start":{"line":30,"column":17},"end":{"line":30,"column":30}},"line":30}},"branchMap":{"0":{"loc":{"start":{"line":17,"column":2},"end":{"line":17,"column":null}},"type":"if","locations":[{"start":{"line":17,"column":2},"end":{"line":17,"column":null}},{"start":{},"end":{}}],"line":17},"1":{"loc":{"start":{"line":17,"column":11},"end":{"line":17,"column":null}},"type":"if","locations":[{"start":{"line":17,"column":11},"end":{"line":17,"column":null}},{"start":{"line":17,"column":52},"end":{"line":17,"column":null}}],"line":17},"2":{"loc":{"start":{"line":23,"column":46},"end":{"line":31,"column":null}},"type":"if","locations":[{"start":{"line":23,"column":46},"end":{"line":31,"column":null}},{"start":{"line":31,"column":7},"end":{"line":31,"column":null}}],"line":23},"3":{"loc":{"start":{"line":33,"column":2},"end":{"line":33,"column":null}},"type":"if","locations":[{"start":{"line":33,"column":2},"end":{"line":33,"column":null}},{"start":{},"end":{}}],"line":33},"4":{"loc":{"start":{"line":33,"column":13},"end":{"line":33,"column":null}},"type":"if","locations":[{"start":{"line":33,"column":13},"end":{"line":33,"column":null}},{"start":{"line":33,"column":129},"end":{"line":33,"column":null}}],"line":33},"5":{"loc":{"start":{"line":33,"column":129},"end":{"line":70,"column":null}},"type":"if","locations":[{"start":{"line":33,"column":129},"end":{"line":70,"column":null}},{"start":{"line":70,"column":7},"end":{"line":70,"column":null}}],"line":33},"6":{"loc":{"start":{"line":38,"column":7},"end":{"line":69,"column":null}},"type":"binary-expr","locations":[{"start":{"line":38,"column":7},"end":{"line":38,"column":null}},{"start":{"line":39,"column":8},"end":{"line":69,"column":null}}],"line":38},"7":{"loc":{"start":{"line":70,"column":7},"end":{"line":74,"column":null}},"type":"if","locations":[{"start":{"line":70,"column":7},"end":{"line":74,"column":null}},{"start":{"line":74,"column":83},"end":{"line":74,"column":null}}],"line":70},"8":{"loc":{"start":{"line":74,"column":40},"end":{"line":74,"column":79}},"type":"cond-expr","locations":[{"start":{"line":74,"column":48},"end":{"line":74,"column":61}},{"start":{"line":74,"column":60},"end":{"line":74,"column":79}}],"line":74},"9":{"loc":{"start":{"line":74,"column":83},"end":{"line":75,"column":93}},"type":"if","locations":[{"start":{"line":74,"column":83},"end":{"line":75,"column":93}},{"start":{"line":75,"column":76},"end":{"line":75,"column":93}}],"line":74},"10":{"loc":{"start":{"line":75,"column":76},"end":{"line":75,"column":null}},"type":"if","locations":[{"start":{"line":75,"column":76},"end":{"line":75,"column":null}},{"start":{"line":75,"column":97},"end":{"line":75,"column":null}}],"line":75},"11":{"loc":{"start":{"line":75,"column":97},"end":{"line":76,"column":107}},"type":"if","locations":[{"start":{"line":75,"column":97},"end":{"line":76,"column":107}},{"start":{"line":76,"column":90},"end":{"line":76,"column":107}}],"line":75},"12":{"loc":{"start":{"line":76,"column":90},"end":{"line":76,"column":null}},"type":"if","locations":[{"start":{"line":76,"column":90},"end":{"line":76,"column":null}},{"start":{"line":76,"column":111},"end":{"line":76,"column":null}}],"line":76},"13":{"loc":{"start":{"line":76,"column":111},"end":{"line":77,"column":106}},"type":"if","locations":[{"start":{"line":76,"column":111},"end":{"line":77,"column":106}},{"start":{"line":77,"column":89},"end":{"line":77,"column":106}}],"line":76},"14":{"loc":{"start":{"line":77,"column":89},"end":{"line":77,"column":null}},"type":"if","locations":[{"start":{"line":77,"column":89},"end":{"line":77,"column":null}},{"start":{"line":77,"column":110},"end":{"line":77,"column":null}}],"line":77},"15":{"loc":{"start":{"line":77,"column":110},"end":{"line":78,"column":103}},"type":"if","locations":[{"start":{"line":77,"column":110},"end":{"line":78,"column":103}},{"start":{"line":78,"column":86},"end":{"line":78,"column":103}}],"line":77},"16":{"loc":{"start":{"line":78,"column":86},"end":{"line":78,"column":null}},"type":"if","locations":[{"start":{"line":78,"column":86},"end":{"line":78,"column":null}},{"start":{"line":78,"column":107},"end":{"line":78,"column":null}}],"line":78},"17":{"loc":{"start":{"line":78,"column":107},"end":{"line":79,"column":101}},"type":"if","locations":[{"start":{"line":78,"column":107},"end":{"line":79,"column":101}},{"start":{"line":79,"column":84},"end":{"line":79,"column":101}}],"line":78},"18":{"loc":{"start":{"line":79,"column":84},"end":{"line":79,"column":null}},"type":"if","locations":[{"start":{"line":79,"column":84},"end":{"line":79,"column":null}},{"start":{"line":79,"column":105},"end":{"line":79,"column":null}}],"line":79},"19":{"loc":{"start":{"line":79,"column":105},"end":{"line":80,"column":109}},"type":"if","locations":[{"start":{"line":79,"column":105},"end":{"line":80,"column":109}},{"start":{"line":80,"column":92},"end":{"line":80,"column":109}}],"line":79},"20":{"loc":{"start":{"line":80,"column":92},"end":{"line":80,"column":null}},"type":"if","locations":[{"start":{"line":80,"column":92},"end":{"line":80,"column":null}},{"start":{"line":80,"column":113},"end":{"line":80,"column":null}}],"line":80},"21":{"loc":{"start":{"line":80,"column":113},"end":{"line":81,"column":97}},"type":"if","locations":[{"start":{"line":80,"column":113},"end":{"line":81,"column":97}},{"start":{"line":81,"column":80},"end":{"line":81,"column":97}}],"line":80},"22":{"loc":{"start":{"line":81,"column":80},"end":{"line":81,"column":null}},"type":"if","locations":[{"start":{"line":81,"column":80},"end":{"line":81,"column":null}},{"start":{"line":81,"column":101},"end":{"line":81,"column":null}}],"line":81},"23":{"loc":{"start":{"line":81,"column":101},"end":{"line":82,"column":101}},"type":"if","locations":[{"start":{"line":81,"column":101},"end":{"line":82,"column":101}},{"start":{"line":82,"column":84},"end":{"line":82,"column":101}}],"line":81},"24":{"loc":{"start":{"line":82,"column":84},"end":{"line":82,"column":null}},"type":"if","locations":[{"start":{"line":82,"column":84},"end":{"line":82,"column":null}},{"start":{"line":82,"column":105},"end":{"line":82,"column":null}}],"line":82},"25":{"loc":{"start":{"line":82,"column":105},"end":{"line":83,"column":111}},"type":"if","locations":[{"start":{"line":82,"column":105},"end":{"line":83,"column":111}},{"start":{"line":83,"column":94},"end":{"line":83,"column":111}}],"line":82},"26":{"loc":{"start":{"line":83,"column":94},"end":{"line":83,"column":null}},"type":"if","locations":[{"start":{"line":83,"column":94},"end":{"line":83,"column":null}},{"start":{"line":83,"column":115},"end":{"line":83,"column":null}}],"line":83},"27":{"loc":{"start":{"line":83,"column":115},"end":{"line":84,"column":null}},"type":"if","locations":[{"start":{"line":83,"column":115},"end":{"line":84,"column":null}},{"start":{"line":84,"column":58},"end":{"line":84,"column":null}}],"line":83},"28":{"loc":{"start":{"line":84,"column":58},"end":{"line":86,"column":null}},"type":"if","locations":[{"start":{"line":84,"column":58},"end":{"line":86,"column":null}},{"start":{"line":86,"column":13},"end":{"line":86,"column":null}}],"line":84},"29":{"loc":{"start":{"line":84,"column":58},"end":{"line":84,"column":null}},"type":"binary-expr","locations":[{"start":{"line":84,"column":58},"end":{"line":84,"column":null}},{"start":{"line":84,"column":58},"end":{"line":84,"column":null}},{"start":{"line":84,"column":58},"end":{"line":84,"column":null}},{"start":{"line":84,"column":58},"end":{"line":84,"column":null}},{"start":{"line":84,"column":58},"end":{"line":84,"column":null}},{"start":{"line":84,"column":58},"end":{"line":84,"column":null}},{"start":{"line":84,"column":58},"end":{"line":84,"column":null}},{"start":{"line":84,"column":58},"end":{"line":84,"column":null}},{"start":{"line":84,"column":58},"end":{"line":84,"column":null}},{"start":{"line":84,"column":58},"end":{"line":84,"column":null}}],"line":84},"30":{"loc":{"start":{"line":86,"column":13},"end":{"line":87,"column":null}},"type":"if","locations":[{"start":{"line":86,"column":13},"end":{"line":87,"column":null}},{"start":{"line":87,"column":10},"end":{"line":87,"column":null}}],"line":86},"31":{"loc":{"start":{"line":86,"column":13},"end":{"line":86,"column":null}},"type":"binary-expr","locations":[{"start":{"line":86,"column":13},"end":{"line":86,"column":null}},{"start":{"line":86,"column":13},"end":{"line":86,"column":null}}],"line":86},"32":{"loc":{"start":{"line":62,"column":128},"end":{"line":62,"column":193}},"type":"cond-expr","locations":[{"start":{"line":62,"column":128},"end":{"line":62,"column":193}},{"start":{"line":62,"column":128},"end":{"line":62,"column":193}}],"line":62},"33":{"loc":{"start":{"line":61,"column":124},"end":{"line":61,"column":189}},"type":"cond-expr","locations":[{"start":{"line":61,"column":124},"end":{"line":61,"column":189}},{"start":{"line":61,"column":124},"end":{"line":61,"column":189}}],"line":61},"34":{"loc":{"start":{"line":60,"column":122},"end":{"line":60,"column":187}},"type":"cond-expr","locations":[{"start":{"line":60,"column":122},"end":{"line":60,"column":187}},{"start":{"line":60,"column":122},"end":{"line":60,"column":187}}],"line":60},"35":{"loc":{"start":{"line":59,"column":128},"end":{"line":59,"column":193}},"type":"cond-expr","locations":[{"start":{"line":59,"column":128},"end":{"line":59,"column":193}},{"start":{"line":59,"column":128},"end":{"line":59,"column":193}}],"line":59},"36":{"loc":{"start":{"line":58,"column":124},"end":{"line":58,"column":189}},"type":"cond-expr","locations":[{"start":{"line":58,"column":124},"end":{"line":58,"column":189}},{"start":{"line":58,"column":124},"end":{"line":58,"column":189}}],"line":58},"37":{"loc":{"start":{"line":57,"column":125},"end":{"line":57,"column":190}},"type":"cond-expr","locations":[{"start":{"line":57,"column":125},"end":{"line":57,"column":190}},{"start":{"line":57,"column":125},"end":{"line":57,"column":190}}],"line":57},"38":{"loc":{"start":{"line":56,"column":127},"end":{"line":56,"column":192}},"type":"cond-expr","locations":[{"start":{"line":56,"column":127},"end":{"line":56,"column":192}},{"start":{"line":56,"column":127},"end":{"line":56,"column":192}}],"line":56},"39":{"loc":{"start":{"line":55,"column":127},"end":{"line":55,"column":192}},"type":"cond-expr","locations":[{"start":{"line":55,"column":127},"end":{"line":55,"column":192}},{"start":{"line":55,"column":127},"end":{"line":55,"column":192}}],"line":55},"40":{"loc":{"start":{"line":54,"column":123},"end":{"line":54,"column":188}},"type":"cond-expr","locations":[{"start":{"line":54,"column":123},"end":{"line":54,"column":188}},{"start":{"line":54,"column":123},"end":{"line":54,"column":188}}],"line":54}},"s":{"0":0,"1":0,"2":0,"3":0,"4":0,"5":0,"6":0,"7":0,"8":1,"9":1,"10":1,"11":1,"12":1,"13":1,"14":1,"15":1,"16":1,"17":1,"18":1,"19":0,"20":1,"21":1,"22":1,"23":1,"24":0,"25":1,"26":0,"27":0,"28":0,"29":0,"30":0,"31":0,"32":0,"33":0,"34":0,"35":0,"36":0,"37":0,"38":0,"39":0,"40":0,"41":0,"42":0,"43":0,"44":0,"45":0,"46":0,"47":0,"48":0,"49":0,"50":0,"51":0,"52":0,"53":0,"54":0,"55":0,"56":0,"57":0,"58":0,"59":0,"60":0,"61":0,"62":0,"63":0,"64":0,"65":0,"66":0,"67":0,"68":0,"69":0,"70":0,"71":0,"72":0,"73":0,"74":0,"75":0,"76":0,"77":0,"78":0,"79":0,"80":0,"81":0,"82":0,"83":0,"84":0,"85":0,"86":0,"87":0,"88":0,"89":0,"90":0,"91":0,"92":0,"93":0,"94":0,"95":0,"96":0,"97":0,"98":0,"99":0,"100":0,"101":0,"102":0,"103":0,"104":0,"105":0,"106":0,"107":0,"108":0,"109":0,"110":0,"111":0,"112":0,"113":0,"114":0,"115":0},"f":{"0":0,"1":1,"2":1,"3":1,"4":1},"b":{"0":[0,0],"1":[0,0],"2":[1,0],"3":[1,0],"4":[1,0],"5":[0,0],"6":[0,0],"7":[0,0],"8":[0,0],"9":[0,0],"10":[0,0],"11":[0,0],"12":[0,0],"13":[0,0],"14":[0,0],"15":[0,0],"16":[0,0],"17":[0,0],"18":[0,0],"19":[0,0],"20":[0,0],"21":[0,0],"22":[0,0],"23":[0,0],"24":[0,0],"25":[0,0],"26":[0,0],"27":[0,0],"28":[0,0],"29":[0,0,0,0,0,0,0,0,0,0],"30":[0,0],"31":[0,0],"32":[0,0],"33":[0,0],"34":[0,0],"35":[0,0],"36":[0,0],"37":[0,0],"38":[0,0],"39":[0,0],"40":[0,0]},"meta":{"lastBranch":41,"lastFunction":5,"lastStatement":116,"seen":{"f:16:0:16:24":0,"s:16:0:16:24":0,"s:16:24:16:Infinity":1,"b:17:2:17:Infinity:undefined:undefined:undefined:undefined":0,"s:17:2:17:Infinity":2,"b:17:11:17:Infinity:17:52:17:Infinity":1,"s:17:11:17:Infinity":3,"s:17:20:17:52":4,"s:17:52:17:Infinity":5,"s:17:52:17:21":6,"s:17:52:18:17":7,"f:21:0:21:Infinity":1,"s:21:0:21:Infinity":8,"s:22:2:22:Infinity":9,"s:23:2:23:46":10,"b:23:46:31:Infinity:31:7:31:Infinity":2,"s:23:46:31:Infinity":11,"s:25:12:30:Infinity":12,"f:25:12:25:Infinity":2,"s:26:4:29:6":13,"f:26:43:26:49":3,"s:27:6:27:Infinity":14,"s:28:6:28:23":15,"s:29:6:30:30":16,"f:29:6:29:Infinity":4,"s:30:17:30:30":17,"s:31:5:31:7":18,"s:31:7:31:Infinity":19,"s:25:2:31:Infinity":20,"b:33:2:33:Infinity:undefined:undefined:undefined:undefined":3,"s:33:2:33:Infinity":21,"b:33:13:33:Infinity:33:129:33:Infinity":4,"s:33:13:33:Infinity":22,"s:33:22:33:Infinity":23,"s:33:129:33:Infinity":24,"s:33:129:33:37":25,"b:33:129:70:Infinity:70:7:70:Infinity":5,"s:33:129:70:Infinity":26,"s:38:7:69:Infinity":27,"b:38:7:38:Infinity:39:8:69:Infinity":6,"s:70:7:70:Infinity":28,"b:70:7:74:Infinity:74:83:74:Infinity":7,"s:70:7:74:Infinity":29,"s:74:10:74:83":30,"b:74:48:74:61:74:60:74:79":8,"s:74:83:74:Infinity":31,"b:74:83:75:93:75:76:75:93":9,"s:74:83:75:93":32,"s:75:63:75:76":33,"s:75:76:75:93":34,"b:75:76:75:Infinity:75:97:75:Infinity":10,"s:75:76:75:Infinity":35,"s:75:10:75:97":36,"s:75:97:75:Infinity":37,"b:75:97:76:107:76:90:76:107":11,"s:75:97:76:107":38,"s:76:71:76:90":39,"s:76:90:76:107":40,"b:76:90:76:Infinity:76:111:76:Infinity":12,"s:76:90:76:Infinity":41,"s:76:10:76:111":42,"s:76:111:76:Infinity":43,"b:76:111:77:106:77:89:77:106":13,"s:76:111:77:106":44,"s:77:71:77:89":45,"s:77:89:77:106":46,"b:77:89:77:Infinity:77:110:77:Infinity":14,"s:77:89:77:Infinity":47,"s:77:10:77:110":48,"s:77:110:77:Infinity":49,"b:77:110:78:103:78:86:78:103":15,"s:77:110:78:103":50,"s:78:69:78:86":51,"s:78:86:78:103":52,"b:78:86:78:Infinity:78:107:78:Infinity":16,"s:78:86:78:Infinity":53,"s:78:10:78:107":54,"s:78:107:78:Infinity":55,"b:78:107:79:101:79:84:79:101":17,"s:78:107:79:101":56,"s:79:68:79:84":57,"s:79:84:79:101":58,"b:79:84:79:Infinity:79:105:79:Infinity":18,"s:79:84:79:Infinity":59,"s:79:10:79:105":60,"s:79:105:79:Infinity":61,"b:79:105:80:109:80:92:80:109":19,"s:79:105:80:109":62,"s:80:72:80:92":63,"s:80:92:80:109":64,"b:80:92:80:Infinity:80:113:80:Infinity":20,"s:80:92:80:Infinity":65,"s:80:10:80:113":66,"s:80:113:80:Infinity":67,"b:80:113:81:97:81:80:81:97":21,"s:80:113:81:97":68,"s:81:66:81:80":69,"s:81:80:81:97":70,"b:81:80:81:Infinity:81:101:81:Infinity":22,"s:81:80:81:Infinity":71,"s:81:10:81:101":72,"s:81:101:81:Infinity":73,"b:81:101:82:101:82:84:82:101":23,"s:81:101:82:101":74,"s:82:68:82:84":75,"s:82:84:82:101":76,"b:82:84:82:Infinity:82:105:82:Infinity":24,"s:82:84:82:Infinity":77,"s:82:10:82:105":78,"s:82:105:82:Infinity":79,"b:82:105:83:111:83:94:83:111":25,"s:82:105:83:111":80,"s:83:72:83:94":81,"s:83:94:83:111":82,"b:83:94:83:Infinity:83:115:83:Infinity":26,"s:83:94:83:Infinity":83,"s:83:10:83:115":84,"s:83:115:83:Infinity":85,"b:83:115:84:Infinity:84:58:84:Infinity":27,"s:83:115:84:Infinity":86,"s:84:10:84:58":87,"s:84:58:84:Infinity":88,"b:84:58:86:Infinity:86:13:86:Infinity":28,"s:84:58:86:Infinity":89,"b:84:58:84:Infinity:84:58:84:Infinity:84:58:84:Infinity:84:58:84:Infinity:84:58:84:Infinity:84:58:84:Infinity:84:58:84:Infinity:84:58:84:Infinity:84:58:84:Infinity:84:58:84:Infinity":29,"s:72:6:86:Infinity":90,"s:86:13:86:Infinity":91,"b:86:13:87:Infinity:87:10:87:Infinity":30,"s:86:13:87:Infinity":92,"b:86:13:86:Infinity:86:13:86:Infinity":31,"s:36:4:87:Infinity":93,"s:87:10:87:Infinity":94,"s:87:10:36:19":95,"s:21:0:66:51":96,"s:62:51:62:63":97,"s:62:63:62:193":98,"b:62:128:62:193:62:128:62:193":32,"s:61:47:61:59":99,"s:61:59:61:189":100,"b:61:124:61:189:61:124:61:189":33,"s:60:45:60:57":101,"s:60:57:60:187":102,"b:60:122:60:187:60:122:60:187":34,"s:59:51:59:63":103,"s:59:63:59:193":104,"b:59:128:59:193:59:128:59:193":35,"s:58:47:58:59":105,"s:58:59:58:189":106,"b:58:124:58:189:58:124:58:189":36,"s:57:48:57:60":107,"s:57:60:57:190":108,"b:57:125:57:190:57:125:57:190":37,"s:56:50:56:62":109,"s:56:62:56:192":110,"b:56:127:56:192:56:127:56:192":38,"s:55:50:55:62":111,"s:55:62:55:192":112,"b:55:127:55:192:55:127:55:192":39,"s:54:46:54:58":113,"s:54:58:54:188":114,"b:54:123:54:188:54:123:54:188":40,"s:21:0:50:50":115},"fnNames":{}}}
,"/home/nicoj/dev/xXN1CG4M3RXx/n1code/admin/src/components/AnalyticsDashboard.jsx": {"path":"/home/nicoj/dev/xXN1CG4M3RXx/n1code/admin/src/components/AnalyticsDashboard.jsx","statementMap":{"0":{"start":{"line":6,"column":18},"end":{"line":6,"column":null}},"1":{"start":{"line":7,"column":20},"end":{"line":7,"column":null}},"2":{"start":{"line":8,"column":16},"end":{"line":8,"column":null}},"3":{"start":{"line":10,"column":2},"end":{"line":52,"column":null}},"4":{"start":{"line":11,"column":27},"end":{"line":50,"column":null}},"5":{"start":{"line":12,"column":6},"end":{"line":49,"column":null}},"6":{"start":{"line":14,"column":14},"end":{"line":14,"column":null}},"7":{"start":{"line":15,"column":30},"end":{"line":15,"column":null}},"8":{"start":{"line":17,"column":20},"end":{"line":17,"column":null}},"9":{"start":{"line":18,"column":21},"end":{"line":18,"column":null}},"10":{"start":{"line":20,"column":8},"end":{"line":32,"column":null}},"11":{"start":{"line":21,"column":23},"end":{"line":21,"column":null}},"12":{"start":{"line":22,"column":10},"end":{"line":22,"column":null}},"13":{"start":{"line":23,"column":10},"end":{"line":23,"column":null}},"14":{"start":{"line":26,"column":10},"end":{"line":31,"column":null}},"15":{"start":{"line":27,"column":12},"end":{"line":30,"column":null}},"16":{"start":{"line":28,"column":29},"end":{"line":28,"column":null}},"17":{"start":{"line":29,"column":14},"end":{"line":29,"column":null}},"18":{"start":{"line":35,"column":14},"end":{"line":35,"column":null}},"19":{"start":{"line":36,"column":26},"end":{"line":36,"column":null}},"20":{"start":{"line":38,"column":23},"end":{"line":38,"column":null}},"21":{"start":{"line":39,"column":8},"end":{"line":41,"column":null}},"22":{"start":{"line":40,"column":10},"end":{"line":40,"column":null}},"23":{"start":{"line":43,"column":8},"end":{"line":43,"column":null}},"24":{"start":{"line":44,"column":8},"end":{"line":44,"column":null}},"25":{"start":{"line":46,"column":8},"end":{"line":46,"column":null}},"26":{"start":{"line":48,"column":8},"end":{"line":48,"column":null}},"27":{"start":{"line":51,"column":4},"end":{"line":51,"column":null}},"28":{"start":{"line":54,"column":2},"end":{"line":54,"column":null}},"29":{"start":{"line":54,"column":15},"end":{"line":54,"column":null}},"30":{"start":{"line":57,"column":22},"end":{"line":60,"column":null}},"31":{"start":{"line":57,"column":41},"end":{"line":60,"column":4}},"32":{"start":{"line":60,"column":21},"end":{"line":60,"column":40}},"33":{"start":{"line":62,"column":2},"end":{"line":122,"column":null}},"34":{"start":{"line":78,"column":62},"end":{"line":78,"column":69}},"35":{"start":{"line":86,"column":77},"end":{"line":86,"column":84}},"36":{"start":{"line":99,"column":30},"end":{"line":99,"column":null}},"37":{"start":{"line":100,"column":31},"end":{"line":100,"column":null}},"38":{"start":{"line":102,"column":12},"end":{"line":116,"column":null}}},"fnMap":{"0":{"name":"AnalyticsDashboard","decl":{"start":{"line":5,"column":24},"end":{"line":5,"column":45}},"loc":{"start":{"line":5,"column":45},"end":{"line":124,"column":null}},"line":5},"1":{"name":"(anonymous_1)","decl":{"start":{"line":10,"column":2},"end":{"line":10,"column":18}},"loc":{"start":{"line":10,"column":18},"end":{"line":52,"column":5}},"line":10},"2":{"name":"(anonymous_2)","decl":{"start":{"line":11,"column":27},"end":{"line":11,"column":39}},"loc":{"start":{"line":11,"column":39},"end":{"line":50,"column":null}},"line":11},"3":{"name":"(anonymous_3)","decl":{"start":{"line":26,"column":28},"end":{"line":26,"column":36}},"loc":{"start":{"line":26,"column":43},"end":{"line":31,"column":11}},"line":26},"4":{"name":"(anonymous_4)","decl":{"start":{"line":57,"column":28},"end":{"line":57,"column":32}},"loc":{"start":{"line":57,"column":41},"end":{"line":60,"column":4}},"line":57},"5":{"name":"(anonymous_5)","decl":{"start":{"line":60,"column":6},"end":{"line":60,"column":12}},"loc":{"start":{"line":60,"column":21},"end":{"line":60,"column":40}},"line":60},"6":{"name":"(anonymous_6)","decl":{"start":{"line":78,"column":45},"end":{"line":78,"column":53}},"loc":{"start":{"line":78,"column":62},"end":{"line":78,"column":69}},"line":78},"7":{"name":"(anonymous_7)","decl":{"start":{"line":86,"column":60},"end":{"line":86,"column":68}},"loc":{"start":{"line":86,"column":77},"end":{"line":86,"column":84}},"line":86},"8":{"name":"(anonymous_8)","decl":{"start":{"line":98,"column":22},"end":{"line":98,"column":27}},"loc":{"start":{"line":98,"column":36},"end":{"line":118,"column":11}},"line":98}},"branchMap":{"0":{"loc":{"start":{"line":20,"column":8},"end":{"line":32,"column":null}},"type":"if","locations":[{"start":{"line":20,"column":8},"end":{"line":32,"column":null}},{"start":{},"end":{}}],"line":20},"1":{"loc":{"start":{"line":22,"column":18},"end":{"line":22,"column":null}},"type":"binary-expr","locations":[{"start":{"line":22,"column":18},"end":{"line":22,"column":32}},{"start":{"line":22,"column":32},"end":{"line":22,"column":null}}],"line":22},"2":{"loc":{"start":{"line":23,"column":25},"end":{"line":23,"column":44}},"type":"binary-expr","locations":[{"start":{"line":23,"column":25},"end":{"line":23,"column":40}},{"start":{"line":23,"column":40},"end":{"line":23,"column":44}}],"line":23},"3":{"loc":{"start":{"line":27,"column":12},"end":{"line":30,"column":null}},"type":"if","locations":[{"start":{"line":27,"column":12},"end":{"line":30,"column":null}},{"start":{},"end":{}}],"line":27},"4":{"loc":{"start":{"line":29,"column":32},"end":{"line":29,"column":56}},"type":"binary-expr","locations":[{"start":{"line":29,"column":32},"end":{"line":29,"column":50}},{"start":{"line":29,"column":50},"end":{"line":29,"column":56}}],"line":29},"5":{"loc":{"start":{"line":29,"column":56},"end":{"line":29,"column":null}},"type":"binary-expr","locations":[{"start":{"line":29,"column":56},"end":{"line":29,"column":69}},{"start":{"line":29,"column":69},"end":{"line":29,"column":null}}],"line":29},"6":{"loc":{"start":{"line":39,"column":8},"end":{"line":41,"column":null}},"type":"if","locations":[{"start":{"line":39,"column":8},"end":{"line":41,"column":null}},{"start":{},"end":{}}],"line":39},"7":{"loc":{"start":{"line":40,"column":21},"end":{"line":40,"column":null}},"type":"binary-expr","locations":[{"start":{"line":40,"column":21},"end":{"line":40,"column":47}},{"start":{"line":40,"column":47},"end":{"line":40,"column":null}}],"line":40},"8":{"loc":{"start":{"line":54,"column":2},"end":{"line":54,"column":null}},"type":"if","locations":[{"start":{"line":54,"column":2},"end":{"line":54,"column":null}},{"start":{},"end":{}}],"line":54},"9":{"loc":{"start":{"line":59,"column":12},"end":{"line":59,"column":null}},"type":"binary-expr","locations":[{"start":{"line":59,"column":12},"end":{"line":59,"column":41}},{"start":{"line":59,"column":41},"end":{"line":59,"column":null}}],"line":59},"10":{"loc":{"start":{"line":85,"column":13},"end":{"line":87,"column":18}},"type":"cond-expr","locations":[{"start":{"line":86,"column":16},"end":{"line":86,"column":null}},{"start":{"line":87,"column":16},"end":{"line":87,"column":18}}],"line":85},"11":{"loc":{"start":{"line":95,"column":9},"end":{"line":118,"column":null}},"type":"cond-expr","locations":[{"start":{"line":96,"column":10},"end":{"line":98,"column":22}},{"start":{"line":98,"column":10},"end":{"line":118,"column":null}}],"line":95},"12":{"loc":{"start":{"line":99,"column":30},"end":{"line":99,"column":null}},"type":"binary-expr","locations":[{"start":{"line":99,"column":30},"end":{"line":99,"column":55}},{"start":{"line":99,"column":55},"end":{"line":99,"column":null}}],"line":99}},"s":{"0":0,"1":0,"2":0,"3":0,"4":0,"5":0,"6":0,"7":0,"8":0,"9":0,"10":0,"11":0,"12":0,"13":0,"14":0,"15":0,"16":0,"17":0,"18":0,"19":0,"20":0,"21":0,"22":0,"23":0,"24":0,"25":0,"26":0,"27":0,"28":0,"29":0,"30":0,"31":0,"32":0,"33":0,"34":0,"35":0,"36":0,"37":0,"38":0},"f":{"0":0,"1":0,"2":0,"3":0,"4":0,"5":0,"6":0,"7":0,"8":0},"b":{"0":[0,0],"1":[0,0],"2":[0,0],"3":[0,0],"4":[0,0],"5":[0,0],"6":[0,0],"7":[0,0],"8":[0,0],"9":[0,0],"10":[0,0],"11":[0,0],"12":[0,0]},"meta":{"lastBranch":13,"lastFunction":9,"lastStatement":39,"seen":{"f:5:24:5:45":0,"s:6:18:6:Infinity":0,"s:7:20:7:Infinity":1,"s:8:16:8:Infinity":2,"s:10:2:52:Infinity":3,"f:10:2:10:18":1,"s:11:27:50:Infinity":4,"f:11:27:11:39":2,"s:12:6:49:Infinity":5,"s:14:14:14:Infinity":6,"s:15:30:15:Infinity":7,"s:17:20:17:Infinity":8,"s:18:21:18:Infinity":9,"b:20:8:32:Infinity:undefined:undefined:undefined:undefined":0,"s:20:8:32:Infinity":10,"s:21:23:21:Infinity":11,"s:22:10:22:Infinity":12,"b:22:18:22:32:22:32:22:Infinity":1,"s:23:10:23:Infinity":13,"b:23:25:23:40:23:40:23:44":2,"s:26:10:31:Infinity":14,"f:26:28:26:36":3,"b:27:12:30:Infinity:undefined:undefined:undefined:undefined":3,"s:27:12:30:Infinity":15,"s:28:29:28:Infinity":16,"s:29:14:29:Infinity":17,"b:29:32:29:50:29:50:29:56":4,"b:29:56:29:69:29:69:29:Infinity":5,"s:35:14:35:Infinity":18,"s:36:26:36:Infinity":19,"s:38:23:38:Infinity":20,"b:39:8:41:Infinity:undefined:undefined:undefined:undefined":6,"s:39:8:41:Infinity":21,"s:40:10:40:Infinity":22,"b:40:21:40:47:40:47:40:Infinity":7,"s:43:8:43:Infinity":23,"s:44:8:44:Infinity":24,"s:46:8:46:Infinity":25,"s:48:8:48:Infinity":26,"s:51:4:51:Infinity":27,"b:54:2:54:Infinity:undefined:undefined:undefined:undefined":8,"s:54:2:54:Infinity":28,"s:54:15:54:Infinity":29,"s:57:22:60:Infinity":30,"f:57:28:57:32":4,"s:57:41:60:4":31,"b:59:12:59:41:59:41:59:Infinity":9,"f:60:6:60:12":5,"s:60:21:60:40":32,"s:62:2:122:Infinity":33,"f:78:45:78:53":6,"s:78:62:78:69":34,"b:86:16:86:Infinity:87:16:87:18":10,"f:86:60:86:68":7,"s:86:77:86:84":35,"b:96:10:98:22:98:10:118:Infinity":11,"f:98:22:98:27":8,"s:99:30:99:Infinity":36,"b:99:30:99:55:99:55:99:Infinity":12,"s:100:31:100:Infinity":37,"s:102:12:116:Infinity":38},"fnNames":{}}}
,"/home/nicoj/dev/xXN1CG4M3RXx/n1code/admin/src/components/IconPickerModal.jsx": {"path":"/home/nicoj/dev/xXN1CG4M3RXx/n1code/admin/src/components/IconPickerModal.jsx","statementMap":{"0":{"start":{"line":5,"column":15},"end":{"line":5,"column":40}},"1":{"start":{"line":5,"column":40},"end":{"line":5,"column":null}},"2":{"start":{"line":6,"column":2},"end":{"line":6,"column":51}},"3":{"start":{"line":6,"column":51},"end":{"line":14,"column":null}},"4":{"start":{"line":9,"column":4},"end":{"line":9,"column":null}},"5":{"start":{"line":9,"column":28},"end":{"line":9,"column":41}},"6":{"start":{"line":9,"column":28},"end":{"line":9,"column":35}},"7":{"start":{"line":9,"column":41},"end":{"line":14,"column":6}},"8":{"start":{"line":10,"column":24},"end":{"line":10,"column":null}},"9":{"start":{"line":11,"column":11},"end":{"line":14,"column":5}},"10":{"start":{"line":12,"column":6},"end":{"line":13,"column":null}},"11":{"start":{"line":14,"column":5},"end":{"line":14,"column":6}},"12":{"start":{"line":11,"column":4},"end":{"line":11,"column":16}},"13":{"start":{"line":8,"column":24},"end":{"line":8,"column":null}},"14":{"start":{"line":15,"column":19},"end":{"line":19,"column":null}},"15":{"start":{"line":18,"column":17},"end":{"line":18,"column":null}},"16":{"start":{"line":19,"column":11},"end":{"line":19,"column":22}},"17":{"start":{"line":19,"column":22},"end":{"line":19,"column":null}},"18":{"start":{"line":19,"column":4},"end":{"line":19,"column":11}},"19":{"start":{"line":22,"column":2},"end":{"line":22,"column":27}},"20":{"start":{"line":22,"column":13},"end":{"line":22,"column":26}},"21":{"start":{"line":22,"column":27},"end":{"line":30,"column":null}},"22":{"start":{"line":30,"column":10},"end":{"line":30,"column":null}},"23":{"start":{"line":30,"column":78},"end":{"line":30,"column":null}},"24":{"start":{"line":30,"column":78},"end":{"line":35,"column":null}},"25":{"start":{"line":35,"column":12},"end":{"line":35,"column":27}},"26":{"start":{"line":35,"column":27},"end":{"line":35,"column":null}},"27":{"start":{"line":35,"column":27},"end":{"line":37,"column":null}},"28":{"start":{"line":29,"column":8},"end":{"line":37,"column":null}},"29":{"start":{"line":37,"column":14},"end":{"line":37,"column":null}},"30":{"start":{"line":37,"column":14},"end":{"line":42,"column":null}},"31":{"start":{"line":42,"column":12},"end":{"line":42,"column":98}},"32":{"start":{"line":42,"column":98},"end":{"line":42,"column":null}},"33":{"start":{"line":42,"column":98},"end":{"line":47,"column":null}},"34":{"start":{"line":47,"column":24},"end":{"line":47,"column":60}},"35":{"start":{"line":47,"column":31},"end":{"line":47,"column":60}},"36":{"start":{"line":47,"column":60},"end":{"line":47,"column":null}},"37":{"start":{"line":47,"column":60},"end":{"line":52,"column":null}},"38":{"start":{"line":40,"column":8},"end":{"line":52,"column":null}},"39":{"start":{"line":52,"column":14},"end":{"line":52,"column":null}},"40":{"start":{"line":52,"column":14},"end":{"line":89,"column":null}},"41":{"start":{"line":56,"column":11},"end":{"line":89,"column":11}},"42":{"start":{"line":62,"column":14},"end":{"line":87,"column":null}},"43":{"start":{"line":67,"column":45},"end":{"line":67,"column":68}},"44":{"start":{"line":68,"column":42},"end":{"line":68,"column":57}},"45":{"start":{"line":68,"column":57},"end":{"line":83,"column":null}},"46":{"start":{"line":73,"column":26},"end":{"line":73,"column":null}},"47":{"start":{"line":74,"column":26},"end":{"line":74,"column":35}},"48":{"start":{"line":89,"column":11},"end":{"line":89,"column":null}},"49":{"start":{"line":89,"column":11},"end":{"line":90,"column":null}},"50":{"start":{"line":55,"column":8},"end":{"line":90,"column":null}},"51":{"start":{"line":90,"column":14},"end":{"line":90,"column":null}},"52":{"start":{"line":90,"column":14},"end":{"line":93,"column":null}},"53":{"start":{"line":25,"column":4},"end":{"line":93,"column":null}},"54":{"start":{"line":93,"column":10},"end":{"line":93,"column":null}},"55":{"start":{"line":93,"column":10},"end":{"line":25,"column":19}},"56":{"start":{"line":5,"column":15},"end":{"line":18,"column":62}}},"fnMap":{"0":{"name":"IconPickerModal","decl":{"start":{"line":5,"column":15},"end":{"line":5,"column":40}},"loc":{"start":{"line":5,"column":15},"end":{"line":93,"column":null}},"line":5},"1":{"name":"(anonymous_1)","decl":{"start":{"line":11,"column":16},"end":{"line":11,"column":24}},"loc":{"start":{"line":12,"column":6},"end":{"line":13,"column":null}},"line":12},"2":{"name":"(anonymous_2)","decl":{"start":{"line":47,"column":24},"end":{"line":47,"column":31}},"loc":{"start":{"line":47,"column":31},"end":{"line":47,"column":60}},"line":47},"3":{"name":"(anonymous_3)","decl":{"start":{"line":61,"column":22},"end":{"line":61,"column":27}},"loc":{"start":{"line":62,"column":14},"end":{"line":87,"column":null}},"line":62},"4":{"name":"(anonymous_4)","decl":{"start":{"line":67,"column":32},"end":{"line":67,"column":40}},"loc":{"start":{"line":67,"column":45},"end":{"line":67,"column":68}},"line":67},"5":{"name":"(anonymous_5)","decl":{"start":{"line":67,"column":69},"end":{"line":67,"column":74}},"loc":{"start":{"line":67,"column":74},"end":{"line":83,"column":null}},"line":67},"6":{"name":"(anonymous_6)","decl":{"start":{"line":72,"column":33},"end":{"line":72,"column":null}},"loc":{"start":{"line":72,"column":33},"end":{"line":74,"column":null}},"line":72}},"branchMap":{"0":{"loc":{"start":{"line":9,"column":4},"end":{"line":9,"column":null}},"type":"if","locations":[{"start":{"line":9,"column":4},"end":{"line":9,"column":null}},{"start":{},"end":{}}],"line":9},"1":{"loc":{"start":{"line":9,"column":41},"end":{"line":14,"column":6}},"type":"if","locations":[{"start":{"line":9,"column":41},"end":{"line":14,"column":6}},{"start":{"line":14,"column":5},"end":{"line":14,"column":6}}],"line":9},"2":{"loc":{"start":{"line":12,"column":6},"end":{"line":13,"column":null}},"type":"binary-expr","locations":[{"start":{"line":12,"column":6},"end":{"line":13,"column":null}},{"start":{"line":13,"column":6},"end":{"line":13,"column":null}}],"line":12},"3":{"loc":{"start":{"line":15,"column":19},"end":{"line":19,"column":null}},"type":"if","locations":[{"start":{"line":15,"column":19},"end":{"line":19,"column":null}},{"start":{"line":19,"column":22},"end":{"line":19,"column":null}}],"line":15},"4":{"loc":{"start":{"line":22,"column":2},"end":{"line":22,"column":27}},"type":"if","locations":[{"start":{"line":22,"column":2},"end":{"line":22,"column":27}},{"start":{},"end":{}}],"line":22},"5":{"loc":{"start":{"line":22,"column":27},"end":{"line":30,"column":null}},"type":"if","locations":[{"start":{"line":22,"column":27},"end":{"line":30,"column":null}},{"start":{"line":30,"column":78},"end":{"line":30,"column":null}}],"line":22},"6":{"loc":{"start":{"line":30,"column":78},"end":{"line":35,"column":null}},"type":"if","locations":[{"start":{"line":30,"column":78},"end":{"line":35,"column":null}},{"start":{"line":35,"column":27},"end":{"line":35,"column":null}}],"line":30},"7":{"loc":{"start":{"line":35,"column":27},"end":{"line":37,"column":null}},"type":"if","locations":[{"start":{"line":35,"column":27},"end":{"line":37,"column":null}},{"start":{"line":37,"column":14},"end":{"line":37,"column":null}}],"line":35},"8":{"loc":{"start":{"line":37,"column":14},"end":{"line":42,"column":null}},"type":"if","locations":[{"start":{"line":37,"column":14},"end":{"line":42,"column":null}},{"start":{"line":42,"column":98},"end":{"line":42,"column":null}}],"line":37},"9":{"loc":{"start":{"line":42,"column":98},"end":{"line":47,"column":null}},"type":"if","locations":[{"start":{"line":42,"column":98},"end":{"line":47,"column":null}},{"start":{"line":47,"column":60},"end":{"line":47,"column":null}}],"line":42},"10":{"loc":{"start":{"line":47,"column":60},"end":{"line":52,"column":null}},"type":"if","locations":[{"start":{"line":47,"column":60},"end":{"line":52,"column":null}},{"start":{"line":52,"column":14},"end":{"line":52,"column":null}}],"line":47},"11":{"loc":{"start":{"line":52,"column":14},"end":{"line":89,"column":null}},"type":"if","locations":[{"start":{"line":52,"column":14},"end":{"line":89,"column":null}},{"start":{"line":89,"column":11},"end":{"line":89,"column":null}}],"line":52},"12":{"loc":{"start":{"line":52,"column":14},"end":{"line":52,"column":null}},"type":"binary-expr","locations":[{"start":{"line":52,"column":14},"end":{"line":52,"column":null}},{"start":{"line":52,"column":14},"end":{"line":52,"column":null}},{"start":{"line":52,"column":14},"end":{"line":52,"column":null}},{"start":{"line":52,"column":14},"end":{"line":52,"column":null}},{"start":{"line":52,"column":14},"end":{"line":52,"column":null}}],"line":52},"13":{"loc":{"start":{"line":56,"column":11},"end":{"line":89,"column":11}},"type":"cond-expr","locations":[{"start":{"line":57,"column":12},"end":{"line":61,"column":22}},{"start":{"line":61,"column":12},"end":{"line":89,"column":11}}],"line":56},"14":{"loc":{"start":{"line":89,"column":11},"end":{"line":90,"column":null}},"type":"if","locations":[{"start":{"line":89,"column":11},"end":{"line":90,"column":null}},{"start":{"line":90,"column":14},"end":{"line":90,"column":null}}],"line":89},"15":{"loc":{"start":{"line":90,"column":14},"end":{"line":93,"column":null}},"type":"if","locations":[{"start":{"line":90,"column":14},"end":{"line":93,"column":null}},{"start":{"line":93,"column":10},"end":{"line":93,"column":null}}],"line":90},"16":{"loc":{"start":{"line":90,"column":14},"end":{"line":90,"column":null}},"type":"binary-expr","locations":[{"start":{"line":90,"column":14},"end":{"line":90,"column":null}},{"start":{"line":90,"column":14},"end":{"line":90,"column":null}},{"start":{"line":90,"column":14},"end":{"line":90,"column":null}}],"line":90}},"s":{"0":0,"1":0,"2":0,"3":0,"4":0,"5":0,"6":0,"7":0,"8":0,"9":0,"10":0,"11":0,"12":0,"13":0,"14":0,"15":0,"16":0,"17":0,"18":0,"19":0,"20":0,"21":0,"22":0,"23":0,"24":0,"25":0,"26":0,"27":0,"28":0,"29":0,"30":0,"31":0,"32":0,"33":0,"34":0,"35":0,"36":0,"37":0,"38":0,"39":0,"40":0,"41":0,"42":0,"43":0,"44":0,"45":0,"46":0,"47":0,"48":0,"49":0,"50":0,"51":0,"52":0,"53":0,"54":0,"55":0,"56":0},"f":{"0":0,"1":0,"2":0,"3":0,"4":0,"5":0,"6":0},"b":{"0":[0,0],"1":[0,0],"2":[0,0],"3":[0,0],"4":[0,0],"5":[0,0],"6":[0,0],"7":[0,0],"8":[0,0],"9":[0,0],"10":[0,0],"11":[0,0],"12":[0,0,0,0,0],"13":[0,0],"14":[0,0],"15":[0,0],"16":[0,0,0]},"meta":{"lastBranch":17,"lastFunction":7,"lastStatement":57,"seen":{"f:5:15:5:40":0,"s:5:15:5:40":0,"s:5:40:5:Infinity":1,"s:6:2:6:51":2,"s:6:51:14:Infinity":3,"b:9:4:9:Infinity:undefined:undefined:undefined:undefined":0,"s:9:4:9:Infinity":4,"s:9:28:9:41":5,"s:9:28:9:35":6,"b:9:41:14:6:14:5:14:6":1,"s:9:41:14:6":7,"s:10:24:10:Infinity":8,"s:11:11:14:5":9,"f:11:16:11:24":1,"s:12:6:13:Infinity":10,"b:12:6:13:Infinity:13:6:13:Infinity":2,"s:14:5:14:6":11,"s:11:4:11:16":12,"s:8:24:8:Infinity":13,"b:15:19:19:Infinity:19:22:19:Infinity":3,"s:15:19:19:Infinity":14,"s:18:17:18:Infinity":15,"s:19:11:19:22":16,"s:19:22:19:Infinity":17,"s:19:4:19:11":18,"b:22:2:22:27:undefined:undefined:undefined:undefined":4,"s:22:2:22:27":19,"s:22:13:22:26":20,"b:22:27:30:Infinity:30:78:30:Infinity":5,"s:22:27:30:Infinity":21,"s:30:10:30:Infinity":22,"s:30:78:30:Infinity":23,"b:30:78:35:Infinity:35:27:35:Infinity":6,"s:30:78:35:Infinity":24,"s:35:12:35:27":25,"s:35:27:35:Infinity":26,"b:35:27:37:Infinity:37:14:37:Infinity":7,"s:35:27:37:Infinity":27,"s:29:8:37:Infinity":28,"s:37:14:37:Infinity":29,"b:37:14:42:Infinity:42:98:42:Infinity":8,"s:37:14:42:Infinity":30,"s:42:12:42:98":31,"s:42:98:42:Infinity":32,"b:42:98:47:Infinity:47:60:47:Infinity":9,"s:42:98:47:Infinity":33,"s:47:24:47:60":34,"f:47:24:47:31":2,"s:47:31:47:60":35,"s:47:60:47:Infinity":36,"b:47:60:52:Infinity:52:14:52:Infinity":10,"s:47:60:52:Infinity":37,"s:40:8:52:Infinity":38,"s:52:14:52:Infinity":39,"b:52:14:89:Infinity:89:11:89:Infinity":11,"s:52:14:89:Infinity":40,"b:52:14:52:Infinity:52:14:52:Infinity:52:14:52:Infinity:52:14:52:Infinity:52:14:52:Infinity":12,"s:56:11:89:11":41,"b:57:12:61:22:61:12:89:11":13,"f:61:22:61:27":3,"s:62:14:87:Infinity":42,"f:67:32:67:40":4,"s:67:45:67:68":43,"f:67:69:67:74":5,"s:68:42:68:57":44,"s:68:57:83:Infinity":45,"f:72:33:72:Infinity":6,"s:73:26:73:Infinity":46,"s:74:26:74:35":47,"s:89:11:89:Infinity":48,"b:89:11:90:Infinity:90:14:90:Infinity":14,"s:89:11:90:Infinity":49,"s:55:8:90:Infinity":50,"s:90:14:90:Infinity":51,"b:90:14:93:Infinity:93:10:93:Infinity":15,"s:90:14:93:Infinity":52,"b:90:14:90:Infinity:90:14:90:Infinity:90:14:90:Infinity":16,"s:25:4:93:Infinity":53,"s:93:10:93:Infinity":54,"s:93:10:25:19":55,"s:5:15:18:62":56},"fnNames":{}}}
,"/home/nicoj/dev/xXN1CG4M3RXx/n1code/admin/src/components/ImageManagerModal.jsx": {"path":"/home/nicoj/dev/xXN1CG4M3RXx/n1code/admin/src/components/ImageManagerModal.jsx","statementMap":{"0":{"start":{"line":7,"column":17},"end":{"line":7,"column":null}},"1":{"start":{"line":8,"column":18},"end":{"line":8,"column":null}},"2":{"start":{"line":9,"column":20},"end":{"line":9,"column":null}},"3":{"start":{"line":11,"column":2},"end":{"line":15,"column":null}},"4":{"start":{"line":12,"column":4},"end":{"line":14,"column":null}},"5":{"start":{"line":13,"column":6},"end":{"line":13,"column":null}},"6":{"start":{"line":17,"column":22},"end":{"line":39,"column":null}},"7":{"start":{"line":18,"column":4},"end":{"line":18,"column":null}},"8":{"start":{"line":19,"column":4},"end":{"line":38,"column":null}},"9":{"start":{"line":20,"column":12},"end":{"line":20,"column":null}},"10":{"start":{"line":21,"column":18},"end":{"line":21,"column":null}},"11":{"start":{"line":23,"column":28},"end":{"line":30,"column":null}},"12":{"start":{"line":24,"column":20},"end":{"line":24,"column":null}},"13":{"start":{"line":25,"column":8},"end":{"line":29,"column":null}},"14":{"start":{"line":32,"column":27},"end":{"line":32,"column":null}},"15":{"start":{"line":33,"column":6},"end":{"line":33,"column":null}},"16":{"start":{"line":35,"column":6},"end":{"line":35,"column":null}},"17":{"start":{"line":37,"column":6},"end":{"line":37,"column":null}},"18":{"start":{"line":41,"column":23},"end":{"line":67,"column":null}},"19":{"start":{"line":42,"column":17},"end":{"line":42,"column":null}},"20":{"start":{"line":43,"column":4},"end":{"line":43,"column":null}},"21":{"start":{"line":43,"column":15},"end":{"line":43,"column":null}},"22":{"start":{"line":45,"column":4},"end":{"line":45,"column":null}},"23":{"start":{"line":46,"column":4},"end":{"line":66,"column":null}},"24":{"start":{"line":48,"column":22},"end":{"line":53,"column":null}},"25":{"start":{"line":55,"column":29},"end":{"line":55,"column":null}},"26":{"start":{"line":58,"column":12},"end":{"line":58,"column":null}},"27":{"start":{"line":59,"column":6},"end":{"line":59,"column":null}},"28":{"start":{"line":60,"column":6},"end":{"line":60,"column":null}},"29":{"start":{"line":62,"column":6},"end":{"line":62,"column":null}},"30":{"start":{"line":63,"column":6},"end":{"line":63,"column":null}},"31":{"start":{"line":65,"column":6},"end":{"line":65,"column":null}},"32":{"start":{"line":69,"column":23},"end":{"line":80,"column":null}},"33":{"start":{"line":70,"column":4},"end":{"line":70,"column":null}},"34":{"start":{"line":70,"column":97},"end":{"line":70,"column":null}},"35":{"start":{"line":72,"column":4},"end":{"line":79,"column":null}},"36":{"start":{"line":73,"column":12},"end":{"line":73,"column":null}},"37":{"start":{"line":74,"column":6},"end":{"line":74,"column":null}},"38":{"start":{"line":75,"column":6},"end":{"line":75,"column":null}},"39":{"start":{"line":75,"column":37},"end":{"line":75,"column":63}},"40":{"start":{"line":77,"column":6},"end":{"line":77,"column":null}},"41":{"start":{"line":78,"column":6},"end":{"line":78,"column":null}},"42":{"start":{"line":82,"column":2},"end":{"line":82,"column":null}},"43":{"start":{"line":82,"column":15},"end":{"line":82,"column":null}},"44":{"start":{"line":84,"column":2},"end":{"line":144,"column":null}},"45":{"start":{"line":109,"column":16},"end":{"line":127,"column":null}},"46":{"start":{"line":115,"column":39},"end":{"line":115,"column":58}},"47":{"start":{"line":115,"column":58},"end":{"line":115,"column":69}},"48":{"start":{"line":121,"column":37},"end":{"line":121,"column":null}}},"fnMap":{"0":{"name":"ImageManagerModal","decl":{"start":{"line":6,"column":24},"end":{"line":6,"column":42}},"loc":{"start":{"line":6,"column":73},"end":{"line":146,"column":null}},"line":6},"1":{"name":"(anonymous_1)","decl":{"start":{"line":11,"column":2},"end":{"line":11,"column":18}},"loc":{"start":{"line":11,"column":18},"end":{"line":15,"column":5}},"line":11},"2":{"name":"(anonymous_2)","decl":{"start":{"line":17,"column":22},"end":{"line":17,"column":34}},"loc":{"start":{"line":17,"column":34},"end":{"line":39,"column":null}},"line":17},"3":{"name":"(anonymous_3)","decl":{"start":{"line":23,"column":42},"end":{"line":23,"column":49}},"loc":{"start":{"line":23,"column":61},"end":{"line":30,"column":7}},"line":23},"4":{"name":"(anonymous_4)","decl":{"start":{"line":41,"column":23},"end":{"line":41,"column":30}},"loc":{"start":{"line":41,"column":36},"end":{"line":67,"column":null}},"line":41},"5":{"name":"(anonymous_5)","decl":{"start":{"line":69,"column":23},"end":{"line":69,"column":30}},"loc":{"start":{"line":69,"column":44},"end":{"line":80,"column":null}},"line":69},"6":{"name":"(anonymous_6)","decl":{"start":{"line":75,"column":23},"end":{"line":75,"column":30}},"loc":{"start":{"line":75,"column":37},"end":{"line":75,"column":63}},"line":75},"7":{"name":"(anonymous_7)","decl":{"start":{"line":108,"column":22},"end":{"line":108,"column":27}},"loc":{"start":{"line":109,"column":16},"end":{"line":127,"column":null}},"line":109},"8":{"name":"(anonymous_8)","decl":{"start":{"line":115,"column":22},"end":{"line":115,"column":37}},"loc":{"start":{"line":115,"column":37},"end":{"line":115,"column":null}},"line":115},"9":{"name":"(anonymous_9)","decl":{"start":{"line":121,"column":22},"end":{"line":121,"column":37}},"loc":{"start":{"line":121,"column":37},"end":{"line":121,"column":null}},"line":121}},"branchMap":{"0":{"loc":{"start":{"line":12,"column":4},"end":{"line":14,"column":null}},"type":"if","locations":[{"start":{"line":12,"column":4},"end":{"line":14,"column":null}},{"start":{},"end":{}}],"line":12},"1":{"loc":{"start":{"line":43,"column":4},"end":{"line":43,"column":null}},"type":"if","locations":[{"start":{"line":43,"column":4},"end":{"line":43,"column":null}},{"start":{},"end":{}}],"line":43},"2":{"loc":{"start":{"line":70,"column":4},"end":{"line":70,"column":null}},"type":"if","locations":[{"start":{"line":70,"column":4},"end":{"line":70,"column":null}},{"start":{},"end":{}}],"line":70},"3":{"loc":{"start":{"line":82,"column":2},"end":{"line":82,"column":null}},"type":"if","locations":[{"start":{"line":82,"column":2},"end":{"line":82,"column":null}},{"start":{},"end":{}}],"line":82},"4":{"loc":{"start":{"line":99,"column":11},"end":{"line":129,"column":null}},"type":"cond-expr","locations":[{"start":{"line":100,"column":12},"end":{"line":101,"column":21}},{"start":{"line":101,"column":14},"end":{"line":129,"column":null}}],"line":99},"5":{"loc":{"start":{"line":101,"column":14},"end":{"line":129,"column":null}},"type":"cond-expr","locations":[{"start":{"line":102,"column":12},"end":{"line":107,"column":13}},{"start":{"line":107,"column":12},"end":{"line":129,"column":null}}],"line":101},"6":{"loc":{"start":{"line":135,"column":13},"end":{"line":135,"column":null}},"type":"cond-expr","locations":[{"start":{"line":135,"column":25},"end":{"line":135,"column":42}},{"start":{"line":135,"column":42},"end":{"line":135,"column":null}}],"line":135}},"s":{"0":0,"1":0,"2":0,"3":0,"4":0,"5":0,"6":0,"7":0,"8":0,"9":0,"10":0,"11":0,"12":0,"13":0,"14":0,"15":0,"16":0,"17":0,"18":0,"19":0,"20":0,"21":0,"22":0,"23":0,"24":0,"25":0,"26":0,"27":0,"28":0,"29":0,"30":0,"31":0,"32":0,"33":0,"34":0,"35":0,"36":0,"37":0,"38":0,"39":0,"40":0,"41":0,"42":0,"43":0,"44":0,"45":0,"46":0,"47":0,"48":0},"f":{"0":0,"1":0,"2":0,"3":0,"4":0,"5":0,"6":0,"7":0,"8":0,"9":0},"b":{"0":[0,0],"1":[0,0],"2":[0,0],"3":[0,0],"4":[0,0],"5":[0,0],"6":[0,0]},"meta":{"lastBranch":7,"lastFunction":10,"lastStatement":49,"seen":{"f:6:24:6:42":0,"s:7:17:7:Infinity":0,"s:8:18:8:Infinity":1,"s:9:20:9:Infinity":2,"s:11:2:15:Infinity":3,"f:11:2:11:18":1,"b:12:4:14:Infinity:undefined:undefined:undefined:undefined":0,"s:12:4:14:Infinity":4,"s:13:6:13:Infinity":5,"s:17:22:39:Infinity":6,"f:17:22:17:34":2,"s:18:4:18:Infinity":7,"s:19:4:38:Infinity":8,"s:20:12:20:Infinity":9,"s:21:18:21:Infinity":10,"s:23:28:30:Infinity":11,"f:23:42:23:49":3,"s:24:20:24:Infinity":12,"s:25:8:29:Infinity":13,"s:32:27:32:Infinity":14,"s:33:6:33:Infinity":15,"s:35:6:35:Infinity":16,"s:37:6:37:Infinity":17,"s:41:23:67:Infinity":18,"f:41:23:41:30":4,"s:42:17:42:Infinity":19,"b:43:4:43:Infinity:undefined:undefined:undefined:undefined":1,"s:43:4:43:Infinity":20,"s:43:15:43:Infinity":21,"s:45:4:45:Infinity":22,"s:46:4:66:Infinity":23,"s:48:22:53:Infinity":24,"s:55:29:55:Infinity":25,"s:58:12:58:Infinity":26,"s:59:6:59:Infinity":27,"s:60:6:60:Infinity":28,"s:62:6:62:Infinity":29,"s:63:6:63:Infinity":30,"s:65:6:65:Infinity":31,"s:69:23:80:Infinity":32,"f:69:23:69:30":5,"b:70:4:70:Infinity:undefined:undefined:undefined:undefined":2,"s:70:4:70:Infinity":33,"s:70:97:70:Infinity":34,"s:72:4:79:Infinity":35,"s:73:12:73:Infinity":36,"s:74:6:74:Infinity":37,"s:75:6:75:Infinity":38,"f:75:23:75:30":6,"s:75:37:75:63":39,"s:77:6:77:Infinity":40,"s:78:6:78:Infinity":41,"b:82:2:82:Infinity:undefined:undefined:undefined:undefined":3,"s:82:2:82:Infinity":42,"s:82:15:82:Infinity":43,"s:84:2:144:Infinity":44,"b:100:12:101:21:101:14:129:Infinity":4,"b:102:12:107:13:107:12:129:Infinity":5,"f:108:22:108:27":7,"s:109:16:127:Infinity":45,"f:115:22:115:37":8,"s:115:39:115:58":46,"s:115:58:115:69":47,"f:121:22:121:37":9,"s:121:37:121:Infinity":48,"b:135:25:135:42:135:42:135:Infinity":6},"fnNames":{}}}
,"/home/nicoj/dev/xXN1CG4M3RXx/n1code/admin/src/components/InboxManager.jsx": {"path":"/home/nicoj/dev/xXN1CG4M3RXx/n1code/admin/src/components/InboxManager.jsx","statementMap":{"0":{"start":{"line":7,"column":19},"end":{"line":7,"column":null}},"1":{"start":{"line":8,"column":18},"end":{"line":8,"column":null}},"2":{"start":{"line":9,"column":26},"end":{"line":9,"column":null}},"3":{"start":{"line":12,"column":20},"end":{"line":12,"column":null}},"4":{"start":{"line":13,"column":19},"end":{"line":13,"column":null}},"5":{"start":{"line":14,"column":22},"end":{"line":14,"column":null}},"6":{"start":{"line":16,"column":2},"end":{"line":18,"column":null}},"7":{"start":{"line":17,"column":4},"end":{"line":17,"column":null}},"8":{"start":{"line":20,"column":24},"end":{"line":35,"column":null}},"9":{"start":{"line":21,"column":4},"end":{"line":21,"column":null}},"10":{"start":{"line":22,"column":4},"end":{"line":34,"column":null}},"11":{"start":{"line":23,"column":12},"end":{"line":23,"column":null}},"12":{"start":{"line":24,"column":28},"end":{"line":24,"column":null}},"13":{"start":{"line":25,"column":19},"end":{"line":28,"column":null}},"14":{"start":{"line":25,"column":50},"end":{"line":28,"column":8}},"15":{"start":{"line":29,"column":6},"end":{"line":29,"column":null}},"16":{"start":{"line":31,"column":6},"end":{"line":31,"column":null}},"17":{"start":{"line":33,"column":6},"end":{"line":33,"column":null}},"18":{"start":{"line":37,"column":21},"end":{"line":46,"column":null}},"19":{"start":{"line":38,"column":4},"end":{"line":38,"column":null}},"20":{"start":{"line":38,"column":18},"end":{"line":38,"column":null}},"21":{"start":{"line":39,"column":4},"end":{"line":45,"column":null}},"22":{"start":{"line":40,"column":6},"end":{"line":40,"column":null}},"23":{"start":{"line":41,"column":6},"end":{"line":41,"column":null}},"24":{"start":{"line":41,"column":26},"end":{"line":41,"column":83}},"25":{"start":{"line":41,"column":40},"end":{"line":41,"column":82}},"26":{"start":{"line":42,"column":6},"end":{"line":42,"column":null}},"27":{"start":{"line":44,"column":6},"end":{"line":44,"column":null}},"28":{"start":{"line":48,"column":24},"end":{"line":58,"column":null}},"29":{"start":{"line":49,"column":4},"end":{"line":49,"column":null}},"30":{"start":{"line":50,"column":4},"end":{"line":50,"column":null}},"31":{"start":{"line":50,"column":74},"end":{"line":50,"column":null}},"32":{"start":{"line":51,"column":4},"end":{"line":57,"column":null}},"33":{"start":{"line":52,"column":6},"end":{"line":52,"column":null}},"34":{"start":{"line":53,"column":6},"end":{"line":53,"column":null}},"35":{"start":{"line":53,"column":26},"end":{"line":53,"column":55}},"36":{"start":{"line":53,"column":43},"end":{"line":53,"column":54}},"37":{"start":{"line":54,"column":6},"end":{"line":54,"column":null}},"38":{"start":{"line":54,"column":38},"end":{"line":54,"column":null}},"39":{"start":{"line":56,"column":6},"end":{"line":56,"column":null}},"40":{"start":{"line":60,"column":8},"end":{"line":65,"column":null}},"41":{"start":{"line":61,"column":4},"end":{"line":61,"column":null}},"42":{"start":{"line":62,"column":4},"end":{"line":62,"column":null}},"43":{"start":{"line":63,"column":4},"end":{"line":63,"column":null}},"44":{"start":{"line":64,"column":4},"end":{"line":64,"column":null}},"45":{"start":{"line":67,"column":22},"end":{"line":104,"column":null}},"46":{"start":{"line":68,"column":4},"end":{"line":68,"column":null}},"47":{"start":{"line":69,"column":4},"end":{"line":69,"column":null}},"48":{"start":{"line":69,"column":27},"end":{"line":69,"column":null}},"49":{"start":{"line":71,"column":4},"end":{"line":71,"column":null}},"50":{"start":{"line":72,"column":4},"end":{"line":72,"column":null}},"51":{"start":{"line":74,"column":4},"end":{"line":103,"column":null}},"52":{"start":{"line":75,"column":23},"end":{"line":83,"column":null}},"53":{"start":{"line":85,"column":6},"end":{"line":88,"column":null}},"54":{"start":{"line":86,"column":24},"end":{"line":86,"column":null}},"55":{"start":{"line":87,"column":8},"end":{"line":87,"column":null}},"56":{"start":{"line":90,"column":6},"end":{"line":90,"column":null}},"57":{"start":{"line":91,"column":6},"end":{"line":91,"column":null}},"58":{"start":{"line":94,"column":6},"end":{"line":94,"column":null}},"59":{"start":{"line":95,"column":6},"end":{"line":95,"column":null}},"60":{"start":{"line":95,"column":26},"end":{"line":95,"column":98}},"61":{"start":{"line":95,"column":40},"end":{"line":95,"column":97}},"62":{"start":{"line":96,"column":6},"end":{"line":96,"column":null}},"63":{"start":{"line":99,"column":6},"end":{"line":99,"column":null}},"64":{"start":{"line":100,"column":6},"end":{"line":100,"column":null}},"65":{"start":{"line":102,"column":6},"end":{"line":102,"column":null}},"66":{"start":{"line":106,"column":2},"end":{"line":217,"column":null}},"67":{"start":{"line":114,"column":34},"end":{"line":114,"column":41}},"68":{"start":{"line":125,"column":14},"end":{"line":157,"column":null}},"69":{"start":{"line":127,"column":31},"end":{"line":127,"column":null}},"70":{"start":{"line":152,"column":34},"end":{"line":152,"column":null}},"71":{"start":{"line":189,"column":33},"end":{"line":189,"column":null}}},"fnMap":{"0":{"name":"InboxManager","decl":{"start":{"line":6,"column":24},"end":{"line":6,"column":39}},"loc":{"start":{"line":6,"column":39},"end":{"line":219,"column":null}},"line":6},"1":{"name":"(anonymous_1)","decl":{"start":{"line":16,"column":2},"end":{"line":16,"column":18}},"loc":{"start":{"line":16,"column":18},"end":{"line":18,"column":5}},"line":16},"2":{"name":"(anonymous_2)","decl":{"start":{"line":20,"column":24},"end":{"line":20,"column":36}},"loc":{"start":{"line":20,"column":36},"end":{"line":35,"column":null}},"line":20},"3":{"name":"(anonymous_3)","decl":{"start":{"line":25,"column":38},"end":{"line":25,"column":42}},"loc":{"start":{"line":25,"column":50},"end":{"line":28,"column":8}},"line":25},"4":{"name":"(anonymous_4)","decl":{"start":{"line":37,"column":21},"end":{"line":37,"column":28}},"loc":{"start":{"line":37,"column":36},"end":{"line":46,"column":null}},"line":37},"5":{"name":"(anonymous_5)","decl":{"start":{"line":41,"column":6},"end":{"line":41,"column":18}},"loc":{"start":{"line":41,"column":26},"end":{"line":41,"column":83}},"line":41},"6":{"name":"(anonymous_6)","decl":{"start":{"line":41,"column":31},"end":{"line":41,"column":35}},"loc":{"start":{"line":41,"column":40},"end":{"line":41,"column":82}},"line":41},"7":{"name":"(anonymous_7)","decl":{"start":{"line":48,"column":24},"end":{"line":48,"column":31}},"loc":{"start":{"line":48,"column":41},"end":{"line":58,"column":null}},"line":48},"8":{"name":"(anonymous_8)","decl":{"start":{"line":53,"column":6},"end":{"line":53,"column":18}},"loc":{"start":{"line":53,"column":26},"end":{"line":53,"column":55}},"line":53},"9":{"name":"(anonymous_9)","decl":{"start":{"line":53,"column":31},"end":{"line":53,"column":38}},"loc":{"start":{"line":53,"column":43},"end":{"line":53,"column":54}},"line":53},"10":{"name":"(anonymous_10)","decl":{"start":{"line":60,"column":8},"end":{"line":60,"column":25}},"loc":{"start":{"line":60,"column":33},"end":{"line":65,"column":null}},"line":60},"11":{"name":"(anonymous_11)","decl":{"start":{"line":67,"column":22},"end":{"line":67,"column":29}},"loc":{"start":{"line":67,"column":35},"end":{"line":104,"column":null}},"line":67},"12":{"name":"(anonymous_12)","decl":{"start":{"line":95,"column":6},"end":{"line":95,"column":18}},"loc":{"start":{"line":95,"column":26},"end":{"line":95,"column":98}},"line":95},"13":{"name":"(anonymous_13)","decl":{"start":{"line":95,"column":31},"end":{"line":95,"column":35}},"loc":{"start":{"line":95,"column":40},"end":{"line":95,"column":97}},"line":95},"14":{"name":"(anonymous_14)","decl":{"start":{"line":114,"column":22},"end":{"line":114,"column":29}},"loc":{"start":{"line":114,"column":34},"end":{"line":114,"column":41}},"line":114},"15":{"name":"(anonymous_15)","decl":{"start":{"line":124,"column":21},"end":{"line":124,"column":25}},"loc":{"start":{"line":125,"column":14},"end":{"line":157,"column":null}},"line":125},"16":{"name":"(anonymous_16)","decl":{"start":{"line":127,"column":16},"end":{"line":127,"column":31}},"loc":{"start":{"line":127,"column":31},"end":{"line":127,"column":null}},"line":127},"17":{"name":"(anonymous_17)","decl":{"start":{"line":152,"column":18},"end":{"line":152,"column":28}},"loc":{"start":{"line":152,"column":34},"end":{"line":152,"column":null}},"line":152},"18":{"name":"(anonymous_18)","decl":{"start":{"line":189,"column":18},"end":{"line":189,"column":28}},"loc":{"start":{"line":189,"column":33},"end":{"line":189,"column":null}},"line":189}},"branchMap":{"0":{"loc":{"start":{"line":38,"column":4},"end":{"line":38,"column":null}},"type":"if","locations":[{"start":{"line":38,"column":4},"end":{"line":38,"column":null}},{"start":{},"end":{}}],"line":38},"1":{"loc":{"start":{"line":41,"column":40},"end":{"line":41,"column":82}},"type":"cond-expr","locations":[{"start":{"line":41,"column":58},"end":{"line":41,"column":81}},{"start":{"line":41,"column":81},"end":{"line":41,"column":82}}],"line":41},"2":{"loc":{"start":{"line":50,"column":4},"end":{"line":50,"column":null}},"type":"if","locations":[{"start":{"line":50,"column":4},"end":{"line":50,"column":null}},{"start":{},"end":{}}],"line":50},"3":{"loc":{"start":{"line":54,"column":6},"end":{"line":54,"column":null}},"type":"if","locations":[{"start":{"line":54,"column":6},"end":{"line":54,"column":null}},{"start":{},"end":{}}],"line":54},"4":{"loc":{"start":{"line":69,"column":4},"end":{"line":69,"column":null}},"type":"if","locations":[{"start":{"line":69,"column":4},"end":{"line":69,"column":null}},{"start":{},"end":{}}],"line":69},"5":{"loc":{"start":{"line":85,"column":6},"end":{"line":88,"column":null}},"type":"if","locations":[{"start":{"line":85,"column":6},"end":{"line":88,"column":null}},{"start":{},"end":{}}],"line":85},"6":{"loc":{"start":{"line":87,"column":24},"end":{"line":87,"column":63}},"type":"binary-expr","locations":[{"start":{"line":87,"column":24},"end":{"line":87,"column":41}},{"start":{"line":87,"column":41},"end":{"line":87,"column":63}}],"line":87},"7":{"loc":{"start":{"line":95,"column":40},"end":{"line":95,"column":97}},"type":"cond-expr","locations":[{"start":{"line":95,"column":70},"end":{"line":95,"column":96}},{"start":{"line":95,"column":96},"end":{"line":95,"column":97}}],"line":95},"8":{"loc":{"start":{"line":119,"column":11},"end":{"line":158,"column":null}},"type":"cond-expr","locations":[{"start":{"line":120,"column":12},"end":{"line":121,"column":23}},{"start":{"line":121,"column":14},"end":{"line":158,"column":null}}],"line":119},"9":{"loc":{"start":{"line":121,"column":14},"end":{"line":158,"column":null}},"type":"cond-expr","locations":[{"start":{"line":122,"column":12},"end":{"line":124,"column":21}},{"start":{"line":124,"column":12},"end":{"line":158,"column":null}}],"line":121},"10":{"loc":{"start":{"line":129,"column":20},"end":{"line":129,"column":null}},"type":"cond-expr","locations":[{"start":{"line":129,"column":53},"end":{"line":129,"column":109}},{"start":{"line":129,"column":109},"end":{"line":129,"column":null}}],"line":129},"11":{"loc":{"start":{"line":132,"column":17},"end":{"line":132,"column":null}},"type":"binary-expr","locations":[{"start":{"line":132,"column":17},"end":{"line":132,"column":30}},{"start":{"line":132,"column":30},"end":{"line":132,"column":null}}],"line":132},"12":{"loc":{"start":{"line":135,"column":72},"end":{"line":135,"column":null}},"type":"cond-expr","locations":[{"start":{"line":135,"column":84},"end":{"line":135,"column":103}},{"start":{"line":135,"column":103},"end":{"line":135,"column":null}}],"line":135},"13":{"loc":{"start":{"line":139,"column":21},"end":{"line":139,"column":null}},"type":"binary-expr","locations":[{"start":{"line":139,"column":21},"end":{"line":139,"column":69}},{"start":{"line":139,"column":69},"end":{"line":139,"column":null}}],"line":139},"14":{"loc":{"start":{"line":143,"column":61},"end":{"line":143,"column":null}},"type":"cond-expr","locations":[{"start":{"line":143,"column":73},"end":{"line":143,"column":104}},{"start":{"line":143,"column":104},"end":{"line":143,"column":null}}],"line":143},"15":{"loc":{"start":{"line":147,"column":17},"end":{"line":148,"column":null}},"type":"binary-expr","locations":[{"start":{"line":147,"column":17},"end":{"line":147,"column":null}},{"start":{"line":148,"column":18},"end":{"line":148,"column":null}}],"line":147},"16":{"loc":{"start":{"line":165,"column":9},"end":{"line":213,"column":null}},"type":"cond-expr","locations":[{"start":{"line":166,"column":10},"end":{"line":211,"column":11}},{"start":{"line":211,"column":10},"end":{"line":213,"column":null}}],"line":165},"17":{"loc":{"start":{"line":176,"column":19},"end":{"line":176,"column":null}},"type":"binary-expr","locations":[{"start":{"line":176,"column":19},"end":{"line":176,"column":75}},{"start":{"line":176,"column":75},"end":{"line":176,"column":null}}],"line":176},"18":{"loc":{"start":{"line":196,"column":21},"end":{"line":197,"column":37}},"type":"binary-expr","locations":[{"start":{"line":196,"column":21},"end":{"line":196,"column":50}},{"start":{"line":196,"column":50},"end":{"line":197,"column":37}}],"line":196},"19":{"loc":{"start":{"line":197,"column":21},"end":{"line":198,"column":null}},"type":"binary-expr","locations":[{"start":{"line":197,"column":21},"end":{"line":197,"column":48}},{"start":{"line":197,"column":48},"end":{"line":198,"column":null}}],"line":197},"20":{"loc":{"start":{"line":201,"column":30},"end":{"line":201,"column":null}},"type":"binary-expr","locations":[{"start":{"line":201,"column":30},"end":{"line":201,"column":42}},{"start":{"line":201,"column":42},"end":{"line":201,"column":null}}],"line":201},"21":{"loc":{"start":{"line":204,"column":21},"end":{"line":204,"column":null}},"type":"cond-expr","locations":[{"start":{"line":204,"column":32},"end":{"line":204,"column":47}},{"start":{"line":204,"column":47},"end":{"line":204,"column":null}}],"line":204}},"s":{"0":12,"1":12,"2":12,"3":12,"4":12,"5":12,"6":12,"7":3,"8":12,"9":3,"10":3,"11":3,"12":3,"13":3,"14":3,"15":3,"16":0,"17":3,"18":12,"19":2,"20":1,"21":1,"22":1,"23":1,"24":1,"25":1,"26":1,"27":0,"28":12,"29":0,"30":0,"31":0,"32":0,"33":0,"34":0,"35":0,"36":0,"37":0,"38":0,"39":0,"40":12,"41":2,"42":2,"43":2,"44":2,"45":12,"46":1,"47":1,"48":0,"49":1,"50":1,"51":1,"52":1,"53":1,"54":0,"55":0,"56":1,"57":1,"58":1,"59":1,"60":1,"61":1,"62":1,"63":0,"64":0,"65":1,"66":12,"67":9,"68":9,"69":2,"70":0,"71":1},"f":{"0":12,"1":3,"2":3,"3":3,"4":2,"5":1,"6":1,"7":0,"8":0,"9":0,"10":2,"11":1,"12":1,"13":1,"14":9,"15":9,"16":2,"17":0,"18":1},"b":{"0":[1,1],"1":[1,0],"2":[0,0],"3":[0,0],"4":[0,1],"5":[0,1],"6":[0,0],"7":[1,0],"8":[3,9],"9":[0,9],"10":[6,3],"11":[9,3],"12":[3,6],"13":[9,0],"14":[3,6],"15":[9,1],"16":[6,6],"17":[6,0],"18":[6,1],"19":[6,0],"20":[6,5],"21":[1,5]},"meta":{"lastBranch":22,"lastFunction":19,"lastStatement":72,"seen":{"f:6:24:6:39":0,"s:7:19:7:Infinity":0,"s:8:18:8:Infinity":1,"s:9:26:9:Infinity":2,"s:12:20:12:Infinity":3,"s:13:19:13:Infinity":4,"s:14:22:14:Infinity":5,"s:16:2:18:Infinity":6,"f:16:2:16:18":1,"s:17:4:17:Infinity":7,"s:20:24:35:Infinity":8,"f:20:24:20:36":2,"s:21:4:21:Infinity":9,"s:22:4:34:Infinity":10,"s:23:12:23:Infinity":11,"s:24:28:24:Infinity":12,"s:25:19:28:Infinity":13,"f:25:38:25:42":3,"s:25:50:28:8":14,"s:29:6:29:Infinity":15,"s:31:6:31:Infinity":16,"s:33:6:33:Infinity":17,"s:37:21:46:Infinity":18,"f:37:21:37:28":4,"b:38:4:38:Infinity:undefined:undefined:undefined:undefined":0,"s:38:4:38:Infinity":19,"s:38:18:38:Infinity":20,"s:39:4:45:Infinity":21,"s:40:6:40:Infinity":22,"s:41:6:41:Infinity":23,"f:41:6:41:18":5,"s:41:26:41:83":24,"f:41:31:41:35":6,"s:41:40:41:82":25,"b:41:58:41:81:41:81:41:82":1,"s:42:6:42:Infinity":26,"s:44:6:44:Infinity":27,"s:48:24:58:Infinity":28,"f:48:24:48:31":7,"s:49:4:49:Infinity":29,"b:50:4:50:Infinity:undefined:undefined:undefined:undefined":2,"s:50:4:50:Infinity":30,"s:50:74:50:Infinity":31,"s:51:4:57:Infinity":32,"s:52:6:52:Infinity":33,"s:53:6:53:Infinity":34,"f:53:6:53:18":8,"s:53:26:53:55":35,"f:53:31:53:38":9,"s:53:43:53:54":36,"b:54:6:54:Infinity:undefined:undefined:undefined:undefined":3,"s:54:6:54:Infinity":37,"s:54:38:54:Infinity":38,"s:56:6:56:Infinity":39,"s:60:8:65:Infinity":40,"f:60:8:60:25":10,"s:61:4:61:Infinity":41,"s:62:4:62:Infinity":42,"s:63:4:63:Infinity":43,"s:64:4:64:Infinity":44,"s:67:22:104:Infinity":45,"f:67:22:67:29":11,"s:68:4:68:Infinity":46,"b:69:4:69:Infinity:undefined:undefined:undefined:undefined":4,"s:69:4:69:Infinity":47,"s:69:27:69:Infinity":48,"s:71:4:71:Infinity":49,"s:72:4:72:Infinity":50,"s:74:4:103:Infinity":51,"s:75:23:83:Infinity":52,"b:85:6:88:Infinity:undefined:undefined:undefined:undefined":5,"s:85:6:88:Infinity":53,"s:86:24:86:Infinity":54,"s:87:8:87:Infinity":55,"b:87:24:87:41:87:41:87:63":6,"s:90:6:90:Infinity":56,"s:91:6:91:Infinity":57,"s:94:6:94:Infinity":58,"s:95:6:95:Infinity":59,"f:95:6:95:18":12,"s:95:26:95:98":60,"f:95:31:95:35":13,"s:95:40:95:97":61,"b:95:70:95:96:95:96:95:97":7,"s:96:6:96:Infinity":62,"s:99:6:99:Infinity":63,"s:100:6:100:Infinity":64,"s:102:6:102:Infinity":65,"s:106:2:217:Infinity":66,"f:114:22:114:29":14,"s:114:34:114:41":67,"b:120:12:121:23:121:14:158:Infinity":8,"b:122:12:124:21:124:12:158:Infinity":9,"f:124:21:124:25":15,"s:125:14:157:Infinity":68,"f:127:16:127:31":16,"s:127:31:127:Infinity":69,"b:129:53:129:109:129:109:129:Infinity":10,"b:132:17:132:30:132:30:132:Infinity":11,"b:135:84:135:103:135:103:135:Infinity":12,"b:139:21:139:69:139:69:139:Infinity":13,"b:143:73:143:104:143:104:143:Infinity":14,"b:147:17:147:Infinity:148:18:148:Infinity":15,"f:152:18:152:28":17,"s:152:34:152:Infinity":70,"b:166:10:211:11:211:10:213:Infinity":16,"b:176:19:176:75:176:75:176:Infinity":17,"f:189:18:189:28":18,"s:189:33:189:Infinity":71,"b:196:21:196:50:196:50:197:37":18,"b:197:21:197:48:197:48:198:Infinity":19,"b:201:30:201:42:201:42:201:Infinity":20,"b:204:32:204:47:204:47:204:Infinity":21},"fnNames":{}}}
,"/home/nicoj/dev/xXN1CG4M3RXx/n1code/admin/src/components/InterestsManager.jsx": {"path":"/home/nicoj/dev/xXN1CG4M3RXx/n1code/admin/src/components/InterestsManager.jsx","statementMap":{"0":{"start":{"line":9,"column":18},"end":{"line":9,"column":null}},"1":{"start":{"line":10,"column":17},"end":{"line":10,"column":null}},"2":{"start":{"line":11,"column":17},"end":{"line":11,"column":null}},"3":{"start":{"line":14,"column":29},"end":{"line":14,"column":null}},"4":{"start":{"line":15,"column":27},"end":{"line":15,"column":null}},"5":{"start":{"line":17,"column":20},"end":{"line":24,"column":null}},"6":{"start":{"line":26,"column":2},"end":{"line":50,"column":null}},"7":{"start":{"line":27,"column":27},"end":{"line":48,"column":null}},"8":{"start":{"line":28,"column":6},"end":{"line":28,"column":null}},"9":{"start":{"line":29,"column":6},"end":{"line":47,"column":null}},"10":{"start":{"line":30,"column":14},"end":{"line":30,"column":null}},"11":{"start":{"line":31,"column":24},"end":{"line":31,"column":null}},"12":{"start":{"line":32,"column":8},"end":{"line":42,"column":null}},"13":{"start":{"line":33,"column":23},"end":{"line":33,"column":null}},"14":{"start":{"line":34,"column":10},"end":{"line":41,"column":null}},"15":{"start":{"line":44,"column":8},"end":{"line":44,"column":null}},"16":{"start":{"line":46,"column":8},"end":{"line":46,"column":null}},"17":{"start":{"line":49,"column":4},"end":{"line":49,"column":null}},"18":{"start":{"line":52,"column":21},"end":{"line":67,"column":null}},"19":{"start":{"line":53,"column":4},"end":{"line":53,"column":null}},"20":{"start":{"line":54,"column":4},"end":{"line":66,"column":null}},"21":{"start":{"line":55,"column":12},"end":{"line":55,"column":null}},"22":{"start":{"line":57,"column":29},"end":{"line":57,"column":null}},"23":{"start":{"line":58,"column":6},"end":{"line":58,"column":null}},"24":{"start":{"line":59,"column":6},"end":{"line":59,"column":null}},"25":{"start":{"line":60,"column":6},"end":{"line":60,"column":null}},"26":{"start":{"line":60,"column":23},"end":{"line":60,"column":40}},"27":{"start":{"line":62,"column":6},"end":{"line":62,"column":null}},"28":{"start":{"line":63,"column":6},"end":{"line":63,"column":null}},"29":{"start":{"line":65,"column":6},"end":{"line":65,"column":null}},"30":{"start":{"line":70,"column":8},"end":{"line":73,"column":null}},"31":{"start":{"line":71,"column":4},"end":{"line":71,"column":null}},"32":{"start":{"line":72,"column":4},"end":{"line":72,"column":null}},"33":{"start":{"line":75,"column":8},"end":{"line":81,"column":null}},"34":{"start":{"line":76,"column":4},"end":{"line":80,"column":null}},"35":{"start":{"line":77,"column":6},"end":{"line":77,"column":null}},"36":{"start":{"line":78,"column":11},"end":{"line":80,"column":null}},"37":{"start":{"line":79,"column":6},"end":{"line":79,"column":null}},"38":{"start":{"line":84,"column":8},"end":{"line":103,"column":null}},"39":{"start":{"line":85,"column":4},"end":{"line":102,"column":null}},"40":{"start":{"line":85,"column":26},"end":{"line":102,"column":6}},"41":{"start":{"line":105,"column":8},"end":{"line":110,"column":null}},"42":{"start":{"line":106,"column":4},"end":{"line":109,"column":null}},"43":{"start":{"line":106,"column":26},"end":{"line":109,"column":6}},"44":{"start":{"line":108,"column":36},"end":{"line":108,"column":47}},"45":{"start":{"line":112,"column":8},"end":{"line":117,"column":null}},"46":{"start":{"line":113,"column":4},"end":{"line":116,"column":null}},"47":{"start":{"line":113,"column":26},"end":{"line":116,"column":6}},"48":{"start":{"line":115,"column":33},"end":{"line":115,"column":75}},"49":{"start":{"line":119,"column":8},"end":{"line":127,"column":null}},"50":{"start":{"line":120,"column":21},"end":{"line":120,"column":null}},"51":{"start":{"line":121,"column":24},"end":{"line":121,"column":null}},"52":{"start":{"line":122,"column":4},"end":{"line":122,"column":null}},"53":{"start":{"line":122,"column":59},"end":{"line":122,"column":null}},"54":{"start":{"line":123,"column":17},"end":{"line":123,"column":null}},"55":{"start":{"line":124,"column":4},"end":{"line":124,"column":null}},"56":{"start":{"line":125,"column":4},"end":{"line":125,"column":null}},"57":{"start":{"line":126,"column":4},"end":{"line":126,"column":null}},"58":{"start":{"line":126,"column":26},"end":{"line":126,"colu
[...]
,"/home/nicoj/dev/xXN1CG4M3RXx/n1code/admin/src/lib/IconRegistry.jsx": {"path":"/home/nicoj/dev/xXN1CG4M3RXx/n1code/admin/src/lib/IconRegistry.jsx","statementMap":{"0":{"start":{"line":12,"column":21},"end":{"line":48,"column":null}},"1":{"start":{"line":51,"column":13},"end":{"line":54,"column":null}},"2":{"start":{"line":52,"column":15},"end":{"line":52,"column":null}},"3":{"start":{"line":52,"column":31},"end":{"line":52,"column":42}},"4":{"start":{"line":53,"column":2},"end":{"line":53,"column":null}}},"fnMap":{"0":{"name":"(anonymous_0)","decl":{"start":{"line":51,"column":13},"end":{"line":51,"column":33}},"loc":{"start":{"line":51,"column":40},"end":{"line":54,"column":null}},"line":51},"1":{"name":"(anonymous_1)","decl":{"start":{"line":52,"column":21},"end":{"line":52,"column":26}},"loc":{"start":{"line":52,"column":31},"end":{"line":52,"column":42}},"line":52}},"branchMap":{"0":{"loc":{"start":{"line":53,"column":9},"end":{"line":53,"column":null}},"type":"cond-expr","locations":[{"start":{"line":53,"column":16},"end":{"line":53,"column":33}},{"start":{"line":53,"column":33},"end":{"line":53,"column":null}}],"line":53}},"s":{"0":1,"1":1,"2":0,"3":0,"4":0},"f":{"0":0,"1":0},"b":{"0":[0,0]},"meta":{"lastBranch":1,"lastFunction":2,"lastStatement":5,"seen":{"s:12:21:48:Infinity":0,"s:51:13:54:Infinity":1,"f:51:13:51:33":0,"s:52:15:52:Infinity":2,"f:52:21:52:26":1,"s:52:31:52:42":3,"s:53:2:53:Infinity":4,"b:53:16:53:33:53:33:53:Infinity":0},"fnNames":{}}}
,"/home/nicoj/dev/xXN1CG4M3RXx/n1code/admin/src/lib/firebase.js": {"path":"/home/nicoj/dev/xXN1CG4M3RXx/n1code/admin/src/lib/firebase.js","statementMap":{"0":{"start":{"line":7,"column":23},"end":{"line":15,"column":null}},"1":{"start":{"line":17,"column":6},"end":{"line":17,"column":null}},"2":{"start":{"line":18,"column":13},"end":{"line":18,"column":null}},"3":{"start":{"line":19,"column":13},"end":{"line":19,"column":null}},"4":{"start":{"line":20,"column":13},"end":{"line":20,"column":null}},"5":{"start":{"line":21,"column":13},"end":{"line":21,"column":null}}},"fnMap":{},"branchMap":{},"s":{"0":2,"1":2,"2":2,"3":2,"4":2,"5":2},"f":{},"b":{},"meta":{"lastBranch":0,"lastFunction":0,"lastStatement":6,"seen":{"s:7:23:15:Infinity":0,"s:17:6:17:Infinity":1,"s:18:13:18:Infinity":2,"s:19:13:19:Infinity":3,"s:20:13:20:Infinity":4,"s:21:13:21:Infinity":5},"fnNames":{}}}
,"/home/nicoj/dev/xXN1CG4M3RXx/n1code/admin/src/pages/Dashboard.jsx": {"path":"/home/nicoj/dev/xXN1CG4M3RXx/n1code/admin/src/pages/Dashboard.jsx","statementMap":{"0":{"start":{"line":3,"column":15},"end":{"line":3,"column":null}},"1":{"start":{"line":3,"column":15},"end":{"line":9,"column":null}},"2":{"start":{"line":6,"column":6},"end":{"line":9,"column":null}},"3":{"start":{"line":9,"column":12},"end":{"line":9,"column":null}},"4":{"start":{"line":9,"column":12},"end":{"line":18,"column":null}},"5":{"start":{"line":12,"column":8},"end":{"line":12,"column":17}},"6":{"start":{"line":18,"column":15},"end":{"line":18,"column":null}},"7":{"start":{"line":18,"column":15},"end":{"line":25,"column":null}},"8":{"start":{"line":19,"column":8},"end":{"line":19,"column":17}},"9":{"start":{"line":25,"column":15},"end":{"line":25,"column":null}},"10":{"start":{"line":25,"column":15},"end":{"line":33,"column":null}},"11":{"start":{"line":27,"column":8},"end":{"line":27,"column":17}},"12":{"start":{"line":33,"column":15},"end":{"line":33,"column":null}},"13":{"start":{"line":33,"column":15},"end":{"line":40,"column":null}},"14":{"start":{"line":34,"column":8},"end":{"line":34,"column":17}},"15":{"start":{"line":40,"column":15},"end":{"line":40,"column":null}},"16":{"start":{"line":40,"column":15},"end":{"line":48,"column":null}},"17":{"start":{"line":42,"column":8},"end":{"line":42,"column":17}},"18":{"start":{"line":48,"column":15},"end":{"line":48,"column":null}},"19":{"start":{"line":48,"column":15},"end":{"line":55,"column":null}},"20":{"start":{"line":49,"column":8},"end":{"line":49,"column":17}},"21":{"start":{"line":55,"column":15},"end":{"line":55,"column":null}},"22":{"start":{"line":55,"column":15},"end":{"line":62,"column":null}},"23":{"start":{"line":56,"column":8},"end":{"line":56,"column":17}},"24":{"start":{"line":62,"column":15},"end":{"line":62,"column":null}},"25":{"start":{"line":62,"column":15},"end":{"line":71,"column":null}},"26":{"start":{"line":5,"column":4},"end":{"line":71,"column":null}},"27":{"start":{"line":71,"column":10},"end":{"line":71,"column":null}},"28":{"start":{"line":71,"column":10},"end":{"line":5,"column":19}}},"fnMap":{"0":{"name":"Dashboard","decl":{"start":{"line":3,"column":15},"end":{"line":3,"column":null}},"loc":{"start":{"line":3,"column":15},"end":{"line":71,"column":null}},"line":3}},"branchMap":{"0":{"loc":{"start":{"line":3,"column":15},"end":{"line":9,"column":null}},"type":"if","locations":[{"start":{"line":3,"column":15},"end":{"line":9,"column":null}},{"start":{"line":9,"column":12},"end":{"line":9,"column":null}}],"line":3},"1":{"loc":{"start":{"line":9,"column":12},"end":{"line":18,"column":null}},"type":"if","locations":[{"start":{"line":9,"column":12},"end":{"line":18,"column":null}},{"start":{"line":18,"column":15},"end":{"line":18,"column":null}}],"line":9},"2":{"loc":{"start":{"line":18,"column":15},"end":{"line":25,"column":null}},"type":"if","locations":[{"start":{"line":18,"column":15},"end":{"line":25,"column":null}},{"start":{"line":25,"column":15},"end":{"line":25,"column":null}}],"line":18},"3":{"loc":{"start":{"line":25,"column":15},"end":{"line":33,"column":null}},"type":"if","locations":[{"start":{"line":25,"column":15},"end":{"line":33,"column":null}},{"start":{"line":33,"column":15},"end":{"line":33,"column":null}}],"line":25},"4":{"loc":{"start":{"line":33,"column":15},"end":{"line":40,"column":null}},"type":"if","locations":[{"start":{"line":33,"column":15},"end":{"line":40,"column":null}},{"start":{"line":40,"column":15},"end":{"line":40,"column":null}}],"line":33},"5":{"loc":{"start":{"line":40,"column":15},"end":{"line":48,"column":null}},"type":"if","locations":[{"start":{"line":40,"column":15},"end":{"line":48,"column":null}},{"start":{"line":48,"column":15},"end":{"line":48,"column":null}}],"line":40},"6":{"loc":{"start":{"line":48,"column":15},"end":{"line":55,"column":null}},"type":"if","locations":[{"start":{"line":48,"column":15},"end":{"line":55,"column":null}},{"start":{"line":55,"column":15},"end":{"line":55,"column":null}}],"line":48},"7":{"loc":{"start":{"line":55,"column":15},"end":{"line":62,"column":null}},"type":"if","locations":[{"start":{"line":55,"column":15},"end":{"line":62,"column":null}},{"start":{"line":62,"column":15},"end":{"line":62,"column":null}}],"line":55},"8":{"loc":{"start":{"line":62,"column":15},"end":{"line":71,"column":null}},"type":"if","locations":[{"start":{"line":62,"column":15},"end":{"line":71,"column":null}},{"start":{"line":71,"column":10},"end":{"line":71,"column":null}}],"line":62}},"s":{"0":1,"1":1,"2":1,"3":0,"4":1,"5":1,"6":0,"7":1,"8":1,"9":0,"10":1,"11":1,"12":0,"13":1,"14":1,"15":0,"16":1,"17":1,"18":0,"19":1,"20":1,"21":0,"22":1,"23":1,"24":0,"25":1,"26":1,"27":0,"28":1},"f":{"0":1},"b":{"0":[1,0],"1":[1,0],"2":[1,0],"3":[1,0],"4":[1,0],"5":[1,0],"6":[1,0],"7":[1,0],"8":[1,0]},"meta":{"lastBranch":9,"lastFunction":1,"lastStatement":29,"seen":{"f:3:15:3:Infinity":0,"s:3:15:3:Infinity":0,"b:3:15:9:Infinity:9:12:9:Infinity":0,"s:3:15:9:Infinity":1,"s:6:6:9:Infinity":2,"s:9:12:9:Infinity":3,"b:9:12:18:Infinity:18:15:18:Infinity":1,"s:9:12:18:Infinity":4,"s:12:8:12:17":5,"s:18:15:18:Infinity":6,"b:18:15:25:Infinity:25:15:25:Infinity":2,"s:18:15:25:Infinity":7,"s:19:8:19:17":8,"s:25:15:25:Infinity":9,"b:25:15:33:Infinity:33:15:33:Infinity":3,"s:25:15:33:Infinity":10,"s:27:8:27:17":11,"s:33:15:33:Infinity":12,"b:33:15:40:Infinity:40:15:40:Infinity":4,"s:33:15:40:Infinity":13,"s:34:8:34:17":14,"s:40:15:40:Infinity":15,"b:40:15:48:Infinity:48:15:48:Infinity":5,"s:40:15:48:Infinity":16,"s:42:8:42:17":17,"s:48:15:48:Infinity":18,"b:48:15:55:Infinity:55:15:55:Infinity":6,"s:48:15:55:Infinity":19,"s:49:8:49:17":20,"s:55:15:55:Infinity":21,"b:55:15:62:Infinity:62:15:62:Infinity":7,"s:55:15:62:Infinity":22,"s:56:8:56:17":23,"s:62:15:62:Infinity":24,"b:62:15:71:Infinity:71:10:71:Infinity":8,"s:62:15:71:Infinity":25,"s:5:4:71:Infinity":26,"s:71:10:71:Infinity":27,"s:71:10:5:19":28},"fnNames":{}}}
,"/home/nicoj/dev/xXN1CG4M3RXx/n1code/admin/src/pages/Login.jsx": {"path":"/home/nicoj/dev/xXN1CG4M3RXx/n1code/admin/src/pages/Login.jsx","statementMap":{"0":{"start":{"line":6,"column":15},"end":{"line":6,"column":null}},"1":{"start":{"line":7,"column":2},"end":{"line":7,"column":null}},"2":{"start":{"line":8,"column":2},"end":{"line":8,"column":null}},"3":{"start":{"line":9,"column":2},"end":{"line":9,"column":null}},"4":{"start":{"line":10,"column":2},"end":{"line":10,"column":33}},"5":{"start":{"line":10,"column":33},"end":{"line":20,"column":4}},"6":{"start":{"line":12,"column":22},"end":{"line":19,"column":null}},"7":{"start":{"line":13,"column":4},"end":{"line":13,"column":22}},"8":{"start":{"line":14,"column":4},"end":{"line":18,"column":null}},"9":{"start":{"line":15,"column":6},"end":{"line":15,"column":null}},"10":{"start":{"line":16,"column":6},"end":{"line":16,"column":19}},"11":{"start":{"line":18,"column":6},"end":{"line":18,"column":35}},"12":{"start":{"line":20,"column":3},"end":{"line":20,"column":4}},"13":{"start":{"line":12,"column":22},"end":{"line":12,"column":null}},"14":{"start":{"line":20,"column":4},"end":{"line":25,"column":null}},"15":{"start":{"line":25,"column":8},"end":{"line":25,"column":null}},"16":{"start":{"line":25,"column":104},"end":{"line":25,"column":null}},"17":{"start":{"line":25,"column":104},"end":{"line":27,"column":null}},"18":{"start":{"line":27,"column":9},"end":{"line":27,"column":null}},"19":{"start":{"line":27,"column":140},"end":{"line":27,"column":null}},"20":{"start":{"line":27,"column":140},"end":{"line":31,"column":null}},"21":{"start":{"line":31,"column":12},"end":{"line":31,"column":null}},"22":{"start":{"line":31,"column":90},"end":{"line":31,"column":null}},"23":{"start":{"line":31,"column":90},"end":{"line":35,"column":null}},"24":{"start":{"line":35,"column":24},"end":{"line":35,"column":55}},"25":{"start":{"line":35,"column":31},"end":{"line":35,"column":55}},"26":{"start":{"line":35,"column":55},"end":{"line":35,"column":null}},"27":{"start":{"line":35,"column":55},"end":{"line":39,"column":null}},"28":{"start":{"line":30,"column":10},"end":{"line":39,"column":null}},"29":{"start":{"line":39,"column":16},"end":{"line":39,"column":null}},"30":{"start":{"line":39,"column":16},"end":{"line":41,"column":null}},"31":{"start":{"line":41,"column":12},"end":{"line":41,"column":null}},"32":{"start":{"line":41,"column":93},"end":{"line":41,"column":null}},"33":{"start":{"line":41,"column":93},"end":{"line":45,"column":null}},"34":{"start":{"line":45,"column":24},"end":{"line":45,"column":58}},"35":{"start":{"line":45,"column":31},"end":{"line":45,"column":58}},"36":{"start":{"line":45,"column":58},"end":{"line":45,"column":null}},"37":{"start":{"line":45,"column":58},"end":{"line":49,"column":null}},"38":{"start":{"line":40,"column":10},"end":{"line":49,"column":null}},"39":{"start":{"line":49,"column":16},"end":{"line":49,"column":null}},"40":{"start":{"line":49,"column":16},"end":{"line":55,"column":null}},"41":{"start":{"line":50,"column":10},"end":{"line":55,"column":null}},"42":{"start":{"line":55,"column":19},"end":{"line":55,"column":null}},"43":{"start":{"line":55,"column":19},"end":{"line":56,"column":null}},"44":{"start":{"line":29,"column":8},"end":{"line":56,"column":null}},"45":{"start":{"line":56,"column":15},"end":{"line":56,"column":null}},"46":{"start":{"line":56,"column":15},"end":{"line":58,"column":null}},"47":{"start":{"line":23,"column":4},"end":{"line":58,"column":null}},"48":{"start":{"line":58,"column":10},"end":{"line":58,"column":null}},"49":{"start":{"line":58,"column":10},"end":{"line":23,"column":19}}},"fnMap":{"0":{"name":"Login","decl":{"start":{"line":6,"column":15},"end":{"line":6,"column":null}},"loc":{"start":{"line":6,"column":15},"end":{"line":58,"column":null}},"line":6},"1":{"name":"(anonymous_1)","decl":{"start":{"line":12,"column":22},"end":{"line":12,"column":null}},"loc":{"start":{"line":12,"column":22},"end":{"line":19,"column":null}},"line":12},"2":{"name":"(anonymous_2)","decl":{"start":{"line":35,"column":24},"end":{"line":35,"column":31}},"loc":{"start":{"line":35,"column":31},"end":{"line":35,"column":55}},"line":35},"3":{"name":"(anonymous_3)","decl":{"start":{"line":45,"column":24},"end":{"line":45,"column":31}},"loc":{"start":{"line":45,"column":31},"end":{"line":45,"column":58}},"line":45}},"branchMap":{"0":{"loc":{"start":{"line":10,"column":33},"end":{"line":20,"column":4}},"type":"if","locations":[{"start":{"line":10,"column":33},"end":{"line":20,"column":4}},{"start":{"line":20,"column":3},"end":{"line":20,"column":4}}],"line":10},"1":{"loc":{"start":{"line":10,"column":33},"end":{"line":10,"column":null}},"type":"binary-expr","locations":[{"start":{"line":10,"column":33},"end":{"line":10,"column":null}},{"start":{"line":10,"column":33},"end":{"line":10,"column":null}},{"start":{"line":10,"column":33},"end":{"line":10,"column":null}}],"line":10},"2":{"loc":{"start":{"line":20,"column":4},"end":{"line":25,"column":null}},"type":"if","locations":[{"start":{"line":20,"column":4},"end":{"line":25,"column":null}},{"start":{"line":25,"column":104},"end":{"line":25,"column":null}}],"line":20},"3":{"loc":{"start":{"line":25,"column":104},"end":{"line":27,"column":null}},"type":"if","locations":[{"start":{"line":25,"column":104},"end":{"line":27,"column":null}},{"start":{"line":27,"column":140},"end":{"line":27,"column":null}}],"line":25},"4":{"loc":{"start":{"line":27,"column":9},"end":{"line":27,"column":null}},"type":"binary-expr","locations":[{"start":{"line":27,"column":9},"end":{"line":27,"column":18}},{"start":{"line":27,"column":18},"end":{"line":27,"column":null}}],"line":27},"5":{"loc":{"start":{"line":27,"column":140},"end":{"line":31,"column":null}},"type":"if","locations":[{"start":{"line":27,"column":140},"end":{"line":31,"column":null}},{"start":{"line":31,"column":90},"end":{"line":31,"column":null}}],"line":27},"6":{"loc":{"start":{"line":31,"column":90},"end":{"line":35,"column":null}},"type":"if","locations":[{"start":{"line":31,"column":90},"end":{"line":35,"column":null}},{"start":{"line":35,"column":55},"end":{"line":35,"column":null}}],"line":31},"7":{"loc":{"start":{"line":35,"column":55},"end":{"line":39,"column":null}},"type":"if","locations":[{"start":{"line":35,"column":55},"end":{"line":39,"column":null}},{"start":{"line":39,"column":16},"end":{"line":39,"column":null}}],"line":35},"8":{"loc":{"start":{"line":39,"column":16},"end":{"line":41,"column":null}},"type":"if","locations":[{"start":{"line":39,"column":16},"end":{"line":41,"column":null}},{"start":{"line":41,"column":93},"end":{"line":41,"column":null}}],"line":39},"9":{"loc":{"start":{"line":41,"column":93},"end":{"line":45,"column":null}},"type":"if","locations":[{"start":{"line":41,"column":93},"end":{"line":45,"column":null}},{"start":{"line":45,"column":58},"end":{"line":45,"column":null}}],"line":41},"10":{"loc":{"start":{"line":45,"column":58},"end":{"line":49,"column":null}},"type":"if","locations":[{"start":{"line":45,"column":58},"end":{"line":49,"column":null}},{"start":{"line":49,"column":16},"end":{"line":49,"column":null}}],"line":45},"11":{"loc":{"start":{"line":49,"column":16},"end":{"line":55,"column":null}},"type":"if","locations":[{"start":{"line":49,"column":16},"end":{"line":55,"column":null}},{"start":{"line":55,"column":19},"end":{"line":55,"column":null}}],"line":49},"12":{"loc":{"start":{"line":55,"column":19},"end":{"line":56,"column":null}},"type":"if","locations":[{"start":{"line":55,"column":19},"end":{"line":56,"column":null}},{"start":{"line":56,"column":15},"end":{"line":56,"column":null}}],"line":55},"13":{"loc":{"start":{"line":55,"column":19},"end":{"line":55,"column":null}},"type":"binary-expr","locations":[{"start":{"line":55,"column":19},"end":{"line":55,"column":null}},{"start":{"line":55,"column":19},"end":{"line":55,"column":null}},{"start":{"line":55,"column":19},"end":{"line":55,"column":null}}],"line":55},"14":{"loc":{"start":{"line":56,"column":15},"end":{"line":58,"column":null}},"type":"if","locations":[{"start":{"line":56,"column":15},"end":{"line":58,"column":null}},{"start":{"line":58,"column":10},"end":{"line":58,"column":null}}],"line":56},"15":{"loc":{"start":{"line":56,"column":15},"end":{"line":56,"column":null}},"type":"binary-expr","locations":[{"start":{"line":56,"column":15},"end":{"line":56,"column":null}},{"start":{"line":56,"column":15},"end":{"line":56,"column":null}}],"line":56}},"s":{"0":5,"1":5,"2":5,"3":5,"4":5,"5":5,"6":4,"7":1,"8":1,"9":1,"10":0,"11":1,"12":1,"13":5,"14":5,"15":2,"16":3,"17":5,"18":3,"19":2,"20":5,"21":2,"22":3,"23":5,"24":2,"25":1,"26":3,"27":5,"28":3,"29":2,"30":5,"31":2,"32":3,"33":5,"34":2,"35":1,"36":3,"37":5,"38":3,"39":2,"40":5,"41":2,"42":3,"43":5,"44":4,"45":1,"46":5,"47":5,"48":0,"49":5},"f":{"0":5,"1":1,"2":1,"3":1},"b":{"0":[4,1],"1":[5,2,2],"2":[2,3],"3":[3,2],"4":[3,1],"5":[2,3],"6":[2,3],"7":[3,2],"8":[2,3],"9":[2,3],"10":[3,2],"11":[2,3],"12":[4,1],"13":[5,1,1],"14":[5,0],"15":[5,1]},"meta":{"lastBranch":16,"lastFunction":4,"lastStatement":50,"seen":{"f:6:15:6:Infinity":0,"s:6:15:6:Infinity":0,"s:7:2:7:Infinity":1,"s:8:2:8:Infinity":2,"s:9:2:9:Infinity":3,"s:10:2:10:33":4,"b:10:33:20:4:20:3:20:4":0,"s:10:33:20:4":5,"b:10:33:10:Infinity:10:33:10:Infinity:10:33:10:Infinity":1,"s:12:22:19:Infinity":6,"f:12:22:12:Infinity":1,"s:13:4:13:22":7,"s:14:4:18:Infinity":8,"s:15:6:15:Infinity":9,"s:16:6:16:19":10,"s:18:6:18:35":11,"s:20:3:20:4":12,"s:12:22:12:Infinity":13,"b:20:4:25:Infinity:25:104:25:Infinity":2,"s:20:4:25:Infinity":14,"s:25:8:25:Infinity":15,"s:25:104:25:Infinity":16,"b:25:104:27:Infinity:27:140:27:Infinity":3,"s:25:104:27:Infinity":17,"s:27:9:27:Infinity":18,"b:27:9:27:18:27:18:27:Infinity":4,"s:27:140:27:Infinity":19,"b:27:140:31:Infinity:31:90:31:Infinity":5,"s:27:140:31:Infinity":20,"s:31:12:31:Infinity":21,"s:31:90:31:Infinity":22,"b:31:90:35:Infinity:35:55:35:Infinity":6,"s:31:90:35:Infinity":23,"s:35:24:35:55":24,"f:35:24:35:31":2,"s:35:31:35:55":25,"s:35:55:35:Infinity":26,"b:35:55:39:Infinity:39:16:39:Infinity":7,"s:35:55:39:Infinity":27,"s:30:10:39:Infinity":28,"s:39:16:39:Infinity":29,"b:39:16:41:Infinity:41:93:41:Infinity":8,"s:39:16:41:Infinity":30,"s:41:12:41:Infinity":31,"s:41:93:41:Infinity":32,"b:41:93:45:Infinity:45:58:45:Infinity":9,"s:41:93:45:Infinity":33,"s:45:24:45:58":34,"f:45:24:45:31":3,"s:45:31:45:58":35,"s:45:58:45:Infinity":36,"b:45:58:49:Infinity:49:16:49:Infinity":10,"s:45:58:49:Infinity":37,"s:40:10:49:Infinity":38,"s:49:16:49:Infinity":39,"b:49:16:55:Infinity:55:19:55:Infinity":11,"s:49:16:55:Infinity":40,"s:50:10:55:Infinity":41,"s:55:19:55:Infinity":42,"b:55:19:56:Infinity:56:15:56:Infinity":12,"s:55:19:56:Infinity":43,"b:55:19:55:Infinity:55:19:55:Infinity:55:19:55:Infinity":13,"s:29:8:56:Infinity":44,"s:56:15:56:Infinity":45,"b:56:15:58:Infinity:58:10:58:Infinity":14,"s:56:15:58:Infinity":46,"b:56:15:56:Infinity:56:15:56:Infinity":15,"s:23:4:58:Infinity":47,"s:58:10:58:Infinity":48,"s:58:10:23:19":49},"fnNames":{}}}
}
