<?xml version="1.0" encoding="UTF-8"?>
<coverage generated="1787838643238" clover="3.2.0">
  <project timestamp="1787838643238" name="All files">
    <metrics statements="493" coveredstatements="348" conditionals="542" coveredconditionals="253" methods="99" coveredmethods="56" elements="1134" coveredelements="657" complexity="0" loc="493" ncloc="493" packages="5" files="14" classes="14"/>
    <package name="netlify.functions">
      <metrics statements="52" coveredstatements="26" conditionals="33" coveredconditionals="7" methods="4" coveredmethods="3"/>
      <file name="api.js" path="/home/nicoj/dev/xXN1CG4M3RXx/n1code/main/netlify/functions/api.js">
        <metrics statements="52" coveredstatements="26" conditionals="33" coveredconditionals="7" methods="4" coveredmethods="3"/>
        <line num="6" count="1" type="stmt"/>
        <line num="8" count="1" type="stmt"/>
        <line num="10" count="1" type="stmt"/>
        <line num="11" count="1" type="stmt"/>
        <line num="13" count="1" type="stmt"/>
        <line num="14" count="1" type="stmt"/>
        <line num="17" count="1" type="stmt"/>
        <line num="18" count="1" type="stmt"/>
        <line num="26" count="1" type="stmt"/>
        <line num="27" count="2" type="stmt"/>
        <line num="28" count="2" type="stmt"/>
        <line num="30" count="2" type="cond" truecount="5" falsecount="0"/>
        <line num="31" count="1" type="stmt"/>
        <line num="34" count="1" type="stmt"/>
        <line num="42" count="1" type="cond" truecount="1" falsecount="1"/>
        <line num="43" count="0" type="stmt"/>
        <line num="44" count="0" type="cond" truecount="0" falsecount="2"/>
        <line num="47" count="1" type="stmt"/>
        <line num="49" count="0" type="stmt"/>
        <line num="50" count="0" type="cond" truecount="0" falsecount="2"/>
        <line num="55" count="1" type="stmt"/>
        <line num="56" count="0" type="stmt"/>
        <line num="57" count="0" type="stmt"/>
        <line num="59" count="0" type="cond" truecount="0" falsecount="4"/>
        <line num="60" count="0" type="stmt"/>
        <line num="63" count="0" type="stmt"/>
        <line num="70" count="0" type="cond" truecount="0" falsecount="2"/>
        <line num="71" count="0" type="stmt"/>
        <line num="72" count="0" type="cond" truecount="0" falsecount="2"/>
        <line num="75" count="0" type="stmt"/>
        <line num="77" count="0" type="stmt"/>
        <line num="78" count="0" type="cond" truecount="0" falsecount="2"/>
        <line num="83" count="1" type="stmt"/>
        <line num="84" count="1" type="stmt"/>
        <line num="85" count="1" type="stmt"/>
        <line num="86" count="1" type="cond" truecount="1" falsecount="1"/>
        <line num="87" count="1" type="stmt"/>
        <line num="90" count="0" type="stmt"/>
        <line num="91" count="0" type="cond" truecount="0" falsecount="2"/>
        <line num="92" count="0" type="stmt"/>
        <line num="95" count="0" type="stmt"/>
        <line num="96" count="0" type="stmt"/>
        <line num="97" count="0" type="stmt"/>
        <line num="99" count="0" type="cond" truecount="0" falsecount="2"/>
        <line num="100" count="0" type="stmt"/>
        <line num="103" count="0" type="cond" truecount="0" falsecount="2"/>
        <line num="105" count="0" type="stmt"/>
        <line num="106" count="0" type="cond" truecount="0" falsecount="2"/>
        <line num="111" count="1" type="stmt"/>
        <line num="112" count="1" type="stmt"/>
        <line num="113" count="1" type="stmt"/>
        <line num="115" count="1" type="stmt"/>
      </file>
    </package>
    <package name="src">
      <metrics statements="19" coveredstatements="16" conditionals="16" coveredconditionals="8" methods="1" coveredmethods="1"/>
      <file name="App.jsx" path="/home/nicoj/dev/xXN1CG4M3RXx/n1code/main/src/App.jsx">
        <metrics statements="19" coveredstatements="16" conditionals="16" coveredconditionals="8" methods="1" coveredmethods="1"/>
        <line num="13" count="1" type="cond" truecount="1" falsecount="1"/>
        <line num="14" count="1" type="stmt"/>
        <line num="16" count="1" type="cond" truecount="1" falsecount="1"/>
        <line num="17" count="1" type="stmt"/>
        <line num="18" count="1" type="stmt"/>
        <line num="19" count="1" type="stmt"/>
        <line num="20" count="1" type="stmt"/>
        <line num="21" count="0" type="stmt"/>
        <line num="22" count="0" type="stmt"/>
        <line num="23" count="0" type="stmt"/>
        <line num="26" count="1" type="stmt"/>
        <line num="28" count="1" type="cond" truecount="1" falsecount="1"/>
        <line num="31" count="1" type="stmt"/>
        <line num="33" count="1" type="cond" truecount="1" falsecount="1"/>
        <line num="34" count="1" type="cond" truecount="1" falsecount="1"/>
        <line num="35" count="1" type="cond" truecount="1" falsecount="1"/>
        <line num="36" count="1" type="cond" truecount="1" falsecount="1"/>
        <line num="37" count="1" type="cond" truecount="1" falsecount="1"/>
        <line num="41" count="1" type="stmt"/>
      </file>
    </package>
    <package name="src.components">
      <metrics statements="60" coveredstatements="60" conditionals="90" coveredconditionals="71" methods="5" coveredmethods="5"/>
      <file name="Navbar.jsx" path="/home/nicoj/dev/xXN1CG4M3RXx/n1code/main/src/components/Navbar.jsx">
        <metrics statements="19" coveredstatements="19" conditionals="24" coveredconditionals="12" methods="1" coveredmethods="1"/>
        <line num="4" count="2" type="cond" truecount="1" falsecount="1"/>
        <line num="6" count="2" type="stmt"/>
        <line num="8" count="2" type="stmt"/>
        <line num="11" count="2" type="stmt"/>
        <line num="17" count="2" type="cond" truecount="1" falsecount="1"/>
        <line num="19" count="2" type="stmt"/>
        <line num="21" count="2" type="stmt"/>
        <line num="27" count="2" type="cond" truecount="1" falsecount="1"/>
        <line num="29" count="2" type="stmt"/>
        <line num="31" count="2" type="stmt"/>
        <line num="37" count="2" type="cond" truecount="1" falsecount="1"/>
        <line num="39" count="2" type="stmt"/>
        <line num="41" count="2" type="stmt"/>
        <line num="47" count="2" type="cond" truecount="1" falsecount="1"/>
        <line num="49" count="2" type="stmt"/>
        <line num="51" count="2" type="stmt"/>
        <line num="57" count="2" type="cond" truecount="1" falsecount="1"/>
        <line num="61" count="2" type="stmt"/>
        <line num="69" count="2" type="stmt"/>
      </file>
      <file name="ProjectCard.jsx" path="/home/nicoj/dev/xXN1CG4M3RXx/n1code/main/src/components/ProjectCard.jsx">
        <metrics statements="29" coveredstatements="29" conditionals="48" coveredconditionals="44" methods="3" coveredmethods="3"/>
        <line num="3" count="4" type="cond" truecount="4" falsecount="0"/>
        <line num="5" count="3" type="stmt"/>
        <line num="6" count="3" type="stmt"/>
        <line num="7" count="3" type="cond" truecount="2" falsecount="0"/>
        <line num="18" count="4" type="cond" truecount="2" falsecount="0"/>
        <line num="19" count="4" type="cond" truecount="2" falsecount="0"/>
        <line num="20" count="4" type="cond" truecount="2" falsecount="0"/>
        <line num="22" count="3" type="stmt"/>
        <line num="23" count="4" type="cond" truecount="2" falsecount="0"/>
        <line num="24" count="3" type="stmt"/>
        <line num="26" count="4" type="cond" truecount="2" falsecount="0"/>
        <line num="28" count="3" type="stmt"/>
        <line num="29" count="3" type="stmt"/>
        <line num="33" count="4" type="cond" truecount="2" falsecount="0"/>
        <line num="34" count="4" type="cond" truecount="2" falsecount="0"/>
        <line num="36" count="3" type="stmt"/>
        <line num="37" count="3" type="cond" truecount="2" falsecount="0"/>
        <line num="41" count="4" type="cond" truecount="2" falsecount="0"/>
        <line num="42" count="3" type="cond" truecount="2" falsecount="0"/>
        <line num="47" count="4" type="cond" truecount="4" falsecount="0"/>
        <line num="48" count="4" type="cond" truecount="6" falsecount="0"/>
        <line num="49" count="4" type="cond" truecount="4" falsecount="0"/>
        <line num="50" count="4" type="stmt"/>
        <line num="54" count="2" type="cond" truecount="1" falsecount="1"/>
        <line num="56" count="2" type="stmt"/>
        <line num="57" count="2" type="cond" truecount="1" falsecount="1"/>
        <line num="58" count="2" type="stmt"/>
        <line num="62" count="2" type="cond" truecount="1" falsecount="1"/>
        <line num="64" count="2" type="cond" truecount="1" falsecount="1"/>
      </file>
      <file name="SetupList.jsx" path="/home/nicoj/dev/xXN1CG4M3RXx/n1code/main/src/components/SetupList.jsx">
        <metrics statements="12" coveredstatements="12" conditionals="18" coveredconditionals="15" methods="1" coveredmethods="1"/>
        <line num="1" count="7" type="cond" truecount="2" falsecount="0"/>
        <line num="3" count="7" type="stmt"/>
        <line num="4" count="4" type="stmt"/>
        <line num="5" count="4" type="stmt"/>
        <line num="7" count="7" type="cond" truecount="2" falsecount="0"/>
        <line num="8" count="7" type="cond" truecount="4" falsecount="0"/>
        <line num="9" count="7" type="cond" truecount="1" falsecount="1"/>
        <line num="11" count="7" type="stmt"/>
        <line num="12" count="7" type="stmt"/>
        <line num="35" count="7" type="cond" truecount="1" falsecount="1"/>
        <line num="36" count="7" type="cond" truecount="3" falsecount="1"/>
        <line num="37" count="7" type="stmt"/>
      </file>
    </package>
    <package name="src.lib">
      <metrics statements="40" coveredstatements="14" conditionals="16" coveredconditionals="2" methods="5" coveredmethods="1"/>
      <file name="IconRegistry.jsx" path="/home/nicoj/dev/xXN1CG4M3RXx/n1code/main/src/lib/IconRegistry.jsx">
        <metrics statements="4" coveredstatements="2" conditionals="2" coveredconditionals="0" methods="2" coveredmethods="0"/>
        <line num="12" count="1" type="stmt"/>
        <line num="51" count="1" type="stmt"/>
        <line num="52" count="0" type="stmt"/>
        <line num="53" count="0" type="cond" truecount="0" falsecount="2"/>
      </file>
      <file name="cache.js" path="/home/nicoj/dev/xXN1CG4M3RXx/n1code/main/src/lib/cache.js">
        <metrics statements="31" coveredstatements="7" conditionals="14" coveredconditionals="2" methods="3" coveredmethods="1"/>
        <line num="4" count="1" type="stmt"/>
        <line num="12" count="1" type="stmt"/>
        <line num="13" count="0" type="stmt"/>
        <line num="14" count="0" type="stmt"/>
        <line num="15" count="0" type="stmt"/>
        <line num="17" count="0" type="cond" truecount="0" falsecount="2"/>
        <line num="18" count="0" type="stmt"/>
        <line num="19" count="0" type="stmt"/>
        <line num="20" count="0" type="stmt"/>
        <line num="21" count="0" type="stmt"/>
        <line num="24" count="0" type="stmt"/>
        <line num="26" count="0" type="stmt"/>
        <line num="29" count="1" type="stmt"/>
        <line num="30" count="1" type="stmt"/>
        <line num="31" count="0" type="stmt"/>
        <line num="32" count="0" type="cond" truecount="0" falsecount="4"/>
        <line num="33" count="0" type="stmt"/>
        <line num="38" count="1" type="cond" truecount="1" falsecount="1"/>
        <line num="39" count="0" type="stmt"/>
        <line num="40" count="0" type="stmt"/>
        <line num="44" count="1" type="stmt"/>
        <line num="45" count="1" type="cond" truecount="1" falsecount="1"/>
        <line num="46" count="0" type="stmt"/>
        <line num="47" count="0" type="stmt"/>
        <line num="49" count="0" type="stmt"/>
        <line num="50" count="0" type="stmt"/>
        <line num="52" count="0" type="stmt"/>
        <line num="57" count="0" type="stmt"/>
        <line num="58" count="0" type="cond" truecount="0" falsecount="4"/>
        <line num="59" count="0" type="stmt"/>
        <line num="61" count="0" type="stmt"/>
      </file>
      <file name="firebase.js" path="/home/nicoj/dev/xXN1CG4M3RXx/n1code/main/src/lib/firebase.js">
        <metrics statements="5" coveredstatements="5" conditionals="0" coveredconditionals="0" methods="0" coveredmethods="0"/>
        <line num="6" count="2" type="stmt"/>
        <line num="16" count="2" type="stmt"/>
        <line num="17" count="2" type="stmt"/>
        <line num="18" count="2" type="stmt"/>
        <line num="19" count="2" type="stmt"/>
      </file>
    </package>
    <package name="src.pages">
      <metrics statements="322" coveredstatements="232" conditionals="387" coveredconditionals="165" methods="84" coveredmethods="46"/>
      <file name="Contact.jsx" path="/home/nicoj/dev/xXN1CG4M3RXx/n1code/main/src/pages/Contact.jsx">
        <metrics statements="44" coveredstatements="43" conditionals="56" coveredconditionals="54" methods="7" coveredmethods="5"/>
        <line num="6" count="13" type="cond" truecount="2" falsecount="0"/>
        <line num="7" count="13" type="stmt"/>
        <line num="8" count="13" type="cond" truecount="2" falsecount="0"/>
        <line num="10" count="13" type="stmt"/>
        <line num="11" count="2" type="stmt"/>
        <line num="12" count="2" type="stmt"/>
        <line num="14" count="2" type="stmt"/>
        <line num="16" count="2" type="stmt"/>
        <line num="23" count="1" type="stmt"/>
        <line num="29" count="1" type="cond" truecount="1" falsecount="1"/>
        <line num="30" count="0" type="stmt"/>
        <line num="34" count="1" type="stmt"/>
        <line num="35" count="1" type="stmt"/>
        <line num="38" count="1" type="stmt"/>
        <line num="39" count="1" type="stmt"/>
        <line num="40" count="1" type="stmt"/>
        <line num="41" count="1" type="stmt"/>
        <line num="42" count="1" type="stmt"/>
        <line num="44" count="13" type="cond" truecount="2" falsecount="0"/>
        <line num="47" count="13" type="stmt"/>
        <line num="48" count="3" type="stmt"/>
        <line num="49" count="3" type="stmt"/>
        <line num="51" count="13" type="cond" truecount="2" falsecount="0"/>
        <line num="58" count="13" type="cond" truecount="2" falsecount="0"/>
        <line num="62" count="10" type="stmt"/>
        <line num="63" count="10" type="stmt"/>
        <line num="64" count="13" type="cond" truecount="2" falsecount="0"/>
        <line num="70" count="13" type="cond" truecount="4" falsecount="0"/>
        <line num="74" count="13" type="cond" truecount="2" falsecount="0"/>
        <line num="76" count="10" type="stmt"/>
        <line num="77" count="13" type="cond" truecount="2" falsecount="0"/>
        <line num="83" count="13" type="cond" truecount="4" falsecount="0"/>
        <line num="87" count="13" type="cond" truecount="4" falsecount="0"/>
        <line num="88" count="13" type="cond" truecount="2" falsecount="0"/>
        <line num="90" count="10" type="stmt"/>
        <line num="91" count="13" type="cond" truecount="2" falsecount="0"/>
        <line num="97" count="13" type="cond" truecount="4" falsecount="0"/>
        <line num="101" count="3" type="stmt"/>
        <line num="103" count="7" type="stmt"/>
        <line num="105" count="13" type="cond" truecount="2" falsecount="0"/>
        <line num="108" count="7" type="cond" truecount="2" falsecount="0"/>
        <line num="131" count="13" type="cond" truecount="4" falsecount="0"/>
        <line num="132" count="13" type="cond" truecount="5" falsecount="1"/>
        <line num="135" count="13" type="stmt"/>
      </file>
      <file name="Home.jsx" path="/home/nicoj/dev/xXN1CG4M3RXx/n1code/main/src/pages/Home.jsx">
        <metrics statements="48" coveredstatements="43" conditionals="32" coveredconditionals="24" methods="11" coveredmethods="10"/>
        <line num="9" count="10" type="stmt"/>
        <line num="10" count="10" type="stmt"/>
        <line num="13" count="10" type="stmt"/>
        <line num="14" count="5" type="stmt"/>
        <line num="15" count="5" type="stmt"/>
        <line num="16" count="5" type="stmt"/>
        <line num="17" count="6" type="cond" truecount="2" falsecount="0"/>
        <line num="18" count="4" type="cond" truecount="1" falsecount="1"/>
        <line num="19" count="0" type="stmt"/>
        <line num="21" count="4" type="stmt"/>
        <line num="23" count="2" type="stmt"/>
        <line num="27" count="5" type="stmt"/>
        <line num="28" count="3" type="stmt"/>
        <line num="30" count="1" type="stmt"/>
        <line num="32" count="4" type="stmt"/>
        <line num="35" count="5" type="stmt"/>
        <line num="38" count="10" type="stmt"/>
        <line num="39" count="1" type="cond" truecount="1" falsecount="1"/>
        <line num="40" count="1" type="stmt"/>
        <line num="41" count="1" type="stmt"/>
        <line num="42" count="1" type="stmt"/>
        <line num="48" count="0" type="stmt"/>
        <line num="52" count="10" type="cond" truecount="2" falsecount="0"/>
        <line num="53" count="7" type="stmt"/>
        <line num="60" count="3" type="cond" truecount="2" falsecount="0"/>
        <line num="62" count="2" type="stmt"/>
        <line num="63" count="2" type="cond" truecount="2" falsecount="0"/>
        <line num="64" count="1" type="stmt"/>
        <line num="65" count="1" type="cond" truecount="1" falsecount="1"/>
        <line num="66" count="0" type="stmt"/>
        <line num="68" count="1" type="stmt"/>
        <line num="71" count="2" type="stmt"/>
        <line num="73" count="2" type="cond" truecount="1" falsecount="1"/>
        <line num="75" count="2" type="cond" truecount="1" falsecount="1"/>
        <line num="76" count="0" type="stmt"/>
        <line num="77" count="2" type="cond" truecount="2" falsecount="0"/>
        <line num="78" count="1" type="stmt"/>
        <line num="80" count="1" type="stmt"/>
        <line num="83" count="2" type="cond" truecount="1" falsecount="1"/>
        <line num="84" count="10" type="cond" truecount="1" falsecount="1"/>
        <line num="86" count="10" type="stmt"/>
        <line num="87" count="3" type="stmt"/>
        <line num="88" count="3" type="stmt"/>
        <line num="91" count="10" type="stmt"/>
        <line num="139" count="3" type="stmt"/>
        <line num="149" count="3" type="cond" truecount="2" falsecount="0"/>
        <line num="150" count="0" type="stmt"/>
        <line num="154" count="1" type="stmt"/>
      </file>
      <file name="Interests.jsx" path="/home/nicoj/dev/xXN1CG4M3RXx/n1code/main/src/pages/Interests.jsx">
        <metrics statements="158" coveredstatements="78" conditionals="246" coveredconditionals="44" methods="49" coveredmethods="14"/>
        <line num="6" count="2" type="stmt"/>
        <line num="7" count="0" type="cond" truecount="0" falsecount="2"/>
        <line num="9" count="0" type="stmt"/>
        <line num="10" count="0" type="stmt"/>
        <line num="11" count="0" type="stmt"/>
        <line num="12" count="0" type="cond" truecount="0" falsecount="4"/>
        <line num="14" count="0" type="cond" truecount="0" falsecount="5"/>
        <line num="16" count="0" type="cond" truecount="0" falsecount="2"/>
        <line num="17" count="0" type="cond" truecount="0" falsecount="2"/>
        <line num="18" count="0" type="cond" truecount="0" falsecount="2"/>
        <line num="19" count="0" type="stmt"/>
        <line num="20" count="0" type="cond" truecount="0" falsecount="2"/>
        <line num="21" count="0" type="cond" truecount="0" falsecount="4"/>
        <line num="22" count="0" type="cond" truecount="0" falsecount="4"/>
        <line num="23" count="0" type="stmt"/>
        <line num="26" count="2" type="stmt"/>
        <line num="27" count="0" type="stmt"/>
        <line num="28" count="0" type="cond" truecount="0" falsecount="2"/>
        <line num="29" count="0" type="cond" truecount="0" falsecount="6"/>
        <line num="30" count="0" type="cond" truecount="0" falsecount="6"/>
        <line num="33" count="0" type="stmt"/>
        <line num="40" count="0" type="stmt"/>
        <line num="41" count="0" type="stmt"/>
        <line num="45" count="0" type="cond" truecount="0" falsecount="2"/>
        <line num="46" count="0" type="cond" truecount="0" falsecount="4"/>
        <line num="48" count="0" type="stmt"/>
        <line num="49" count="0" type="stmt"/>
        <line num="50" count="0" type="cond" truecount="0" falsecount="2"/>
        <line num="51" count="0" type="cond" truecount="0" falsecount="2"/>
        <line num="53" count="0" type="cond" truecount="0" falsecount="4"/>
        <line num="54" count="0" type="cond" truecount="0" falsecount="4"/>
        <line num="55" count="0" type="cond" truecount="0" falsecount="2"/>
        <line num="62" count="0" type="cond" truecount="0" falsecount="4"/>
        <line num="63" count="0" type="cond" truecount="0" falsecount="4"/>
        <line num="64" count="0" type="cond" truecount="0" falsecount="2"/>
        <line num="65" count="0" type="stmt"/>
        <line num="66" count="0" type="cond" truecount="0" falsecount="2"/>
        <line num="67" count="0" type="cond" truecount="0" falsecount="3"/>
        <line num="69" count="0" type="cond" truecount="0" falsecount="4"/>
        <line num="70" count="0" type="cond" truecount="0" falsecount="6"/>
        <line num="71" count="0" type="stmt"/>
        <line num="76" count="4" type="stmt"/>
        <line num="77" count="4" type="stmt"/>
        <line num="78" count="4" type="stmt"/>
        <line num="79" count="4" type="stmt"/>
        <line num="80" count="4" type="stmt"/>
        <line num="82" count="4" type="stmt"/>
        <line num="83" count="4" type="stmt"/>
        <line num="84" count="4" type="stmt"/>
        <line num="87" count="4" type="stmt"/>
        <line num="93" count="4" type="stmt"/>
        <line num="96" count="4" type="stmt"/>
        <line num="97" count="4" type="stmt"/>
        <line num="98" count="4" type="stmt"/>
        <line num="99" count="4" type="stmt"/>
        <line num="101" count="4" type="stmt"/>
        <line num="102" count="4" type="stmt"/>
        <line num="103" count="4" type="stmt"/>
        <line num="105" count="4" type="stmt"/>
        <line num="106" count="1" type="stmt"/>
        <line num="107" count="1" type="stmt"/>
        <line num="108" count="1" type="stmt"/>
        <line num="109" count="2" type="cond" truecount="1" falsecount="1"/>
        <line num="110" count="2" type="stmt"/>
        <line num="118" count="1" type="stmt"/>
        <line num="119" count="1" type="stmt"/>
        <line num="121" count="0" type="stmt"/>
        <line num="123" count="1" type="stmt"/>
        <line num="126" count="1" type="stmt"/>
        <line num="130" count="4" type="stmt"/>
        <line num="131" count="2" type="cond" truecount="4" falsecount="0"/>
        <line num="132" count="1" type="stmt"/>
        <line num="133" count="1" type="stmt"/>
        <line num="134" count="1" type="stmt"/>
        <line num="135" count="1" type="stmt"/>
        <line num="136" count="1" type="stmt"/>
        <line num="139" count="1" type="stmt"/>
        <line num="140" count="1" type="stmt"/>
        <line num="141" count="1" type="stmt"/>
        <line num="142" count="1" type="stmt"/>
        <line num="171" count="1" type="stmt"/>
        <line num="183" count="1" type="stmt"/>
        <line num="185" count="1" type="cond" truecount="1" falsecount="1"/>
        <line num="186" count="1" type="cond" truecount="1" falsecount="1"/>
        <line num="187" count="1" type="stmt"/>
        <line num="188" count="1" type="stmt"/>
        <line num="190" count="1" type="stmt"/>
        <line num="191" count="1" type="stmt"/>
        <line num="193" count="1" type="stmt"/>
        <line num="194" count="1" type="stmt"/>
        <line num="196" count="0" type="stmt"/>
        <line num="198" count="1" type="stmt"/>
        <line num="202" count="1" type="stmt"/>
        <line num="206" count="4" type="stmt"/>
        <line num="207" count="1" type="cond" truecount="2" falsecount="2"/>
        <line num="208" count="1" type="stmt"/>
        <line num="209" count="1" type="stmt"/>
        <line num="212" count="0" type="stmt"/>
        <line num="213" count="0" type="stmt"/>
        <line num="214" count="0" type="stmt"/>
        <line num="215" count="0" type="stmt"/>
        <line num="216" count="0" type="cond" truecount="0" falsecount="2"/>
        <line num="217" count="0" type="stmt"/>
        <line num="218" count="0" type="stmt"/>
        <line num="220" count="0" type="stmt"/>
        <line num="222" count="0" type="stmt"/>
        <line num="226" count="0" type="stmt"/>
        <line num="231" count="4" type="stmt"/>
        <line num="232" count="3" type="cond" truecount="1" falsecount="1"/>
        <line num="233" count="3" type="cond" truecount="1" falsecount="1"/>
        <line num="234" count="3" type="stmt"/>
        <line num="236" count="0" type="cond" truecount="0" falsecount="6"/>
        <line num="237" count="0" type="cond" truecount="0" falsecount="4"/>
        <line num="240" count="4" type="stmt"/>
        <line num="241" count="3" type="cond" truecount="1" falsecount="1"/>
        <line num="242" count="3" type="cond" truecount="1" falsecount="1"/>
        <line num="243" count="3" type="stmt"/>
        <line num="245" count="0" type="cond" truecount="0" falsecount="2"/>
        <line num="246" count="0" type="cond" truecount="0" falsecount="2"/>
        <line num="247" count="0" type="cond" truecount="0" falsecount="2"/>
        <line num="248" count="0" type="stmt"/>
        <line num="250" count="0" type="cond" truecount="0" falsecount="4"/>
        <line num="253" count="4" type="stmt"/>
        <line num="254" count="16" type="cond" truecount="0" falsecount="3"/>
        <line num="255" count="16" type="stmt"/>
        <line num="256" count="0" type="cond" truecount="0" falsecount="6"/>
        <line num="257" count="0" type="cond" truecount="0" falsecount="6"/>
        <line num="258" count="0" type="stmt"/>
        <line num="262" count="4" type="stmt"/>
        <line num="263" count="4" type="stmt"/>
        <line num="264" count="4" type="stmt"/>
        <line num="265" count="4" type="stmt"/>
        <line num="267" count="4" type="stmt"/>
        <line num="268" count="4" type="stmt"/>
        <line num="269" count="0" type="cond" truecount="0" falsecount="6"/>
        <line num="270" count="0" type="stmt"/>
        <line num="273" count="4" type="stmt"/>
        <line num="275" count="4" type="stmt"/>
        <line num="295" count="0" type="stmt"/>
        <line num="307" count="0" type="stmt"/>
        <line num="330" count="12" type="stmt"/>
        <line num="332" count="0" type="stmt"/>
        <line num="351" count="0" type="stmt"/>
        <line num="364" count="3" type="stmt"/>
        <line num="424" count="3" type="cond" truecount="2" falsecount="0"/>
        <line num="425" count="0" type="stmt"/>
        <line num="498" count="0" type="stmt"/>
        <line num="503" count="0" type="stmt"/>
        <line num="534" count="0" type="stmt"/>
        <line num="536" count="0" type="stmt"/>
        <line num="555" count="0" type="stmt"/>
        <line num="569" count="0" type="stmt"/>
        <line num="682" count="0" type="stmt"/>
        <line num="691" count="0" type="stmt"/>
        <line num="697" count="0" type="stmt"/>
        <line num="721" count="0" type="stmt"/>
        <line num="730" count="0" type="stmt"/>
        <line num="736" count="0" type="stmt"/>
      </file>
      <file name="Projects.jsx" path="/home/nicoj/dev/xXN1CG4M3RXx/n1code/main/src/pages/Projects.jsx">
        <metrics statements="15" coveredstatements="14" conditionals="4" coveredconditionals="2" methods="5" coveredmethods="5"/>
        <line num="8" count="3" type="stmt"/>
        <line num="9" count="3" type="stmt"/>
        <line num="12" count="3" type="stmt"/>
        <line num="13" count="1" type="stmt"/>
        <line num="14" count="1" type="stmt"/>
        <line num="15" count="1" type="stmt"/>
        <line num="16" count="2" type="cond" truecount="1" falsecount="1"/>
        <line num="17" count="2" type="cond" truecount="1" falsecount="1"/>
        <line num="20" count="1" type="stmt"/>
        <line num="21" count="1" type="stmt"/>
        <line num="23" count="0" type="stmt"/>
        <line num="25" count="1" type="stmt"/>
        <line num="28" count="1" type="stmt"/>
        <line num="31" count="3" type="stmt"/>
        <line num="47" count="2" type="stmt"/>
      </file>
      <file name="Setup.jsx" path="/home/nicoj/dev/xXN1CG4M3RXx/n1code/main/src/pages/Setup.jsx">
        <metrics statements="30" coveredstatements="28" conditionals="34" coveredconditionals="29" methods="4" coveredmethods="4"/>
        <line num="7" count="3" type="cond" truecount="2" falsecount="0"/>
        <line num="8" count="3" type="stmt"/>
        <line num="12" count="3" type="cond" truecount="2" falsecount="0"/>
        <line num="15" count="3" type="stmt"/>
        <line num="16" count="1" type="stmt"/>
        <line num="17" count="1" type="stmt"/>
        <line num="18" count="1" type="stmt"/>
        <line num="19" count="2" type="cond" truecount="1" falsecount="1"/>
        <line num="20" count="2" type="stmt"/>
        <line num="27" count="1" type="stmt"/>
        <line num="28" count="1" type="stmt"/>
        <line num="29" count="0" type="stmt"/>
        <line num="30" count="0" type="stmt"/>
        <line num="33" count="1" type="stmt"/>
        <line num="34" count="3" type="cond" truecount="2" falsecount="0"/>
        <line num="37" count="2" type="stmt"/>
        <line num="38" count="1" type="stmt"/>
        <line num="39" count="1" type="stmt"/>
        <line num="41" count="3" type="cond" truecount="2" falsecount="0"/>
        <line num="48" count="3" type="cond" truecount="2" falsecount="0"/>
        <line num="51" count="2" type="stmt"/>
        <line num="53" count="3" type="cond" truecount="2" falsecount="0"/>
        <line num="55" count="3" type="cond" truecount="2" falsecount="0"/>
        <line num="56" count="2" type="stmt"/>
        <line num="58" count="3" type="cond" truecount="2" falsecount="0"/>
        <line num="60" count="3" type="cond" truecount="2" falsecount="0"/>
        <line num="61" count="2" type="stmt"/>
        <line num="63" count="3" type="cond" truecount="2" falsecount="0"/>
        <line num="65" count="3" type="cond" truecount="5" falsecount="0"/>
        <line num="67" count="3" type="stmt"/>
      </file>
      <file name="Skills.jsx" path="/home/nicoj/dev/xXN1CG4M3RXx/n1code/main/src/pages/Skills.jsx">
        <metrics statements="27" coveredstatements="26" conditionals="15" coveredconditionals="12" methods="8" coveredmethods="8"/>
        <line num="7" count="7" type="stmt"/>
        <line num="8" count="7" type="stmt"/>
        <line num="10" count="7" type="stmt"/>
        <line num="11" count="3" type="stmt"/>
        <line num="12" count="3" type="stmt"/>
        <line num="13" count="3" type="stmt"/>
        <line num="14" count="4" type="cond" truecount="1" falsecount="1"/>
        <line num="15" count="4" type="cond" truecount="1" falsecount="1"/>
        <line num="18" count="3" type="stmt"/>
        <line num="19" count="2" type="stmt"/>
        <line num="21" count="0" type="stmt"/>
        <line num="23" count="2" type="stmt"/>
        <line num="26" count="3" type="stmt"/>
        <line num="29" count="7" type="stmt"/>
        <line num="30" count="5" type="cond" truecount="5" falsecount="0"/>
        <line num="31" count="1" type="stmt"/>
        <line num="32" count="1" type="stmt"/>
        <line num="33" count="1" type="stmt"/>
        <line num="34" count="1" type="stmt"/>
        <line num="35" count="1" type="stmt"/>
        <line num="39" count="7" type="stmt"/>
        <line num="41" count="7" type="stmt"/>
        <line num="64" count="25" type="stmt"/>
        <line num="65" count="5" type="cond" truecount="1" falsecount="1"/>
        <line num="67" count="5" type="stmt"/>
        <line num="74" count="5" type="stmt"/>
        <line num="75" count="5" type="stmt"/>
      </file>
    </package>
  </project>
</coverage>
