{"/home/nicoj/dev/xXN1CG4M3RXx/n1code/main/netlify/functions/api.js": {"path":"/home/nicoj/dev/xXN1CG4M3RXx/n1code/main/netlify/functions/api.js","statementMap":{"0":{"start":{"line":6,"column":0},"end":{"line":6,"column":null}},"1":{"start":{"line":8,"column":15},"end":{"line":8,"column":null}},"2":{"start":{"line":10,"column":6},"end":{"line":10,"column":null}},"3":{"start":{"line":11,"column":15},"end":{"line":11,"column":null}},"4":{"start":{"line":13,"column":0},"end":{"line":13,"column":null}},"5":{"start":{"line":14,"column":0},"end":{"line":14,"column":null}},"6":{"start":{"line":17,"column":0},"end":{"line":23,"column":null}},"7":{"start":{"line":18,"column":2},"end":{"line":22,"column":null}},"8":{"start":{"line":26,"column":0},"end":{"line":52,"column":null}},"9":{"start":{"line":27,"column":2},"end":{"line":51,"column":null}},"10":{"start":{"line":28,"column":37},"end":{"line":28,"column":null}},"11":{"start":{"line":30,"column":4},"end":{"line":32,"column":null}},"12":{"start":{"line":31,"column":6},"end":{"line":31,"column":null}},"13":{"start":{"line":34,"column":41},"end":{"line":40,"column":null}},"14":{"start":{"line":42,"column":4},"end":{"line":45,"column":null}},"15":{"start":{"line":43,"column":6},"end":{"line":43,"column":null}},"16":{"start":{"line":44,"column":6},"end":{"line":44,"column":null}},"17":{"start":{"line":47,"column":4},"end":{"line":47,"column":null}},"18":{"start":{"line":49,"column":4},"end":{"line":49,"column":null}},"19":{"start":{"line":50,"column":4},"end":{"line":50,"column":null}},"20":{"start":{"line":55,"column":0},"end":{"line":80,"column":null}},"21":{"start":{"line":56,"column":2},"end":{"line":79,"column":null}},"22":{"start":{"line":57,"column":42},"end":{"line":57,"column":null}},"23":{"start":{"line":59,"column":4},"end":{"line":61,"column":null}},"24":{"start":{"line":60,"column":6},"end":{"line":60,"column":null}},"25":{"start":{"line":63,"column":41},"end":{"line":68,"column":null}},"26":{"start":{"line":70,"column":4},"end":{"line":73,"column":null}},"27":{"start":{"line":71,"column":6},"end":{"line":71,"column":null}},"28":{"start":{"line":72,"column":6},"end":{"line":72,"column":null}},"29":{"start":{"line":75,"column":4},"end":{"line":75,"column":null}},"30":{"start":{"line":77,"column":4},"end":{"line":77,"column":null}},"31":{"start":{"line":78,"column":4},"end":{"line":78,"column":null}},"32":{"start":{"line":83,"column":0},"end":{"line":108,"column":null}},"33":{"start":{"line":84,"column":2},"end":{"line":107,"column":null}},"34":{"start":{"line":85,"column":24},"end":{"line":85,"column":null}},"35":{"start":{"line":86,"column":4},"end":{"line":88,"column":null}},"36":{"start":{"line":87,"column":6},"end":{"line":87,"column":null}},"37":{"start":{"line":90,"column":19},"end":{"line":90,"column":null}},"38":{"start":{"line":91,"column":4},"end":{"line":93,"column":null}},"39":{"start":{"line":92,"column":6},"end":{"line":92,"column":null}},"40":{"start":{"line":95,"column":16},"end":{"line":95,"column":null}},"41":{"start":{"line":96,"column":21},"end":{"line":96,"column":null}},"42":{"start":{"line":97,"column":17},"end":{"line":97,"column":null}},"43":{"start":{"line":99,"column":4},"end":{"line":101,"column":null}},"44":{"start":{"line":100,"column":6},"end":{"line":100,"column":null}},"45":{"start":{"line":103,"column":4},"end":{"line":103,"column":null}},"46":{"start":{"line":105,"column":4},"end":{"line":105,"column":null}},"47":{"start":{"line":106,"column":4},"end":{"line":106,"column":null}},"48":{"start":{"line":111,"column":0},"end":{"line":111,"column":null}},"49":{"start":{"line":112,"column":0},"end":{"line":112,"column":null}},"50":{"start":{"line":113,"column":0},"end":{"line":113,"column":null}},"51":{"start":{"line":115,"column":13},"end":{"line":115,"column":null}}},"fnMap":{"0":{"name":"(anonymous_0)","decl":{"start":{"line":17,"column":11},"end":{"line":17,"column":23}},"loc":{"start":{"line":17,"column":36},"end":{"line":23,"column":1}},"line":17},"1":{"name":"(anonymous_1)","decl":{"start":{"line":26,"column":24},"end":{"line":26,"column":31}},"loc":{"start":{"line":26,"column":44},"end":{"line":52,"column":1}},"line":26},"2":{"name":"(anonymous_2)","decl":{"start":{"line":55,"column":22},"end":{"line":55,"column":29}},"loc":{"start":{"line":55,"column":42},"end":{"line":80,"column":1}},"line":55},"3":{"name":"(anonymous_3)","decl":{"start":{"line":83,"column":21},"end":{"line":83,"column":28}},"loc":{"start":{"line":83,"column":41},"end":{"line":108,"column":1}},"line":83}},"branchMap":{"0":{"loc":{"start":{"line":30,"column":4},"end":{"line":32,"column":null}},"type":"if","locations":[{"start":{"line":30,"column":4},"end":{"line":32,"column":null}},{"start":{},"end":{}}],"line":30},"1":{"loc":{"start":{"line":30,"column":8},"end":{"line":30,"column":37}},"type":"binary-expr","locations":[{"start":{"line":30,"column":8},"end":{"line":30,"column":17}},{"start":{"line":30,"column":17},"end":{"line":30,"column":27}},{"start":{"line":30,"column":27},"end":{"line":30,"column":37}}],"line":30},"2":{"loc":{"start":{"line":42,"column":4},"end":{"line":45,"column":null}},"type":"if","locations":[{"start":{"line":42,"column":4},"end":{"line":45,"column":null}},{"start":{},"end":{}}],"line":42},"3":{"loc":{"start":{"line":44,"column":43},"end":{"line":44,"column":94}},"type":"binary-expr","locations":[{"start":{"line":44,"column":43},"end":{"line":44,"column":66}},{"start":{"line":44,"column":66},"end":{"line":44,"column":94}}],"line":44},"4":{"loc":{"start":{"line":50,"column":34},"end":{"line":50,"column":74}},"type":"binary-expr","locations":[{"start":{"line":50,"column":34},"end":{"line":50,"column":51}},{"start":{"line":50,"column":51},"end":{"line":50,"column":74}}],"line":50},"5":{"loc":{"start":{"line":59,"column":4},"end":{"line":61,"column":null}},"type":"if","locations":[{"start":{"line":59,"column":4},"end":{"line":61,"column":null}},{"start":{},"end":{}}],"line":59},"6":{"loc":{"start":{"line":59,"column":8},"end":{"line":59,"column":30}},"type":"binary-expr","locations":[{"start":{"line":59,"column":8},"end":{"line":59,"column":20}},{"start":{"line":59,"column":20},"end":{"line":59,"column":30}}],"line":59},"7":{"loc":{"start":{"line":66,"column":15},"end":{"line":66,"column":null}},"type":"binary-expr","locations":[{"start":{"line":66,"column":15},"end":{"line":66,"column":26}},{"start":{"line":66,"column":26},"end":{"line":66,"column":null}}],"line":66},"8":{"loc":{"start":{"line":70,"column":4},"end":{"line":73,"column":null}},"type":"if","locations":[{"start":{"line":70,"column":4},"end":{"line":73,"column":null}},{"start":{},"end":{}}],"line":70},"9":{"loc":{"start":{"line":72,"column":43},"end":{"line":72,"column":94}},"type":"binary-expr","locations":[{"start":{"line":72,"column":43},"end":{"line":72,"column":66}},{"start":{"line":72,"column":66},"end":{"line":72,"column":94}}],"line":72},"10":{"loc":{"start":{"line":78,"column":34},"end":{"line":78,"column":80}},"type":"binary-expr","locations":[{"start":{"line":78,"column":34},"end":{"line":78,"column":51}},{"start":{"line":78,"column":51},"end":{"line":78,"column":80}}],"line":78},"11":{"loc":{"start":{"line":86,"column":4},"end":{"line":88,"column":null}},"type":"if","locations":[{"start":{"line":86,"column":4},"end":{"line":88,"column":null}},{"start":{},"end":{}}],"line":86},"12":{"loc":{"start":{"line":91,"column":4},"end":{"line":93,"column":null}},"type":"if","locations":[{"start":{"line":91,"column":4},"end":{"line":93,"column":null}},{"start":{},"end":{}}],"line":91},"13":{"loc":{"start":{"line":99,"column":4},"end":{"line":101,"column":null}},"type":"if","locations":[{"start":{"line":99,"column":4},"end":{"line":101,"column":null}},{"start":{},"end":{}}],"line":99},"14":{"loc":{"start":{"line":103,"column":25},"end":{"line":103,"column":50}},"type":"binary-expr","locations":[{"start":{"line":103,"column":25},"end":{"line":103,"column":48}},{"start":{"line":103,"column":48},"end":{"line":103,"column":50}}],"line":103},"15":{"loc":{"start":{"line":106,"column":34},"end":{"line":106,"column":80}},"type":"binary-expr","locations":[{"start":{"line":106,"column":34},"end":{"line":106,"column":51}},{"start":{"line":106,"column":51},"end":{"line":106,"column":80}}],"line":106}},"s":{"0":1,"1":1,"2":1,"3":1,"4":1,"5":1,"6":1,"7":1,"8":1,"9":2,"10":2,"11":2,"12":1,"13":1,"14":1,"15":0,"16":0,"17":1,"18":0,"19":0,"20":1,"21":0,"22":0,"23":0,"24":0,"25":0,"26":0,"27":0,"28":0,"29":0,"30":0,"31":0,"32":1,"33":1,"34":1,"35":1,"36":1,"37":0,"38":0,"39":0,"40":0,"41":0,"42":0,"43":0,"44":0,"45":0,"46":0,"47":0,"48":1,"49":1,"50":1,"51":1},"f":{"0":1,"1":2,"2":0,"3":1},"b":{"0":[1,1],"1":[2,2,1],"2":[0,1],"3":[0,0],"4":[0,0],"5":[0,0],"6":[0,0],"7":[0,0],"8":[0,0],"9":[0,0],"10":[0,0],"11":[1,0],"12":[0,0],"13":[0,0],"14":[0,0],"15":[0,0]},"meta":{"lastBranch":16,"lastFunction":4,"lastStatement":52,"seen":{"s:6:0:6:Infinity":0,"s:8:15:8:Infinity":1,"s:10:6:10:Infinity":2,"s:11:15:11:Infinity":3,"s:13:0:13:Infinity":4,"s:14:0:14:Infinity":5,"s:17:0:23:Infinity":6,"f:17:11:17:23":0,"s:18:2:22:Infinity":7,"s:26:0:52:Infinity":8,"f:26:24:26:31":1,"s:27:2:51:Infinity":9,"s:28:37:28:Infinity":10,"b:30:4:32:Infinity:undefined:undefined:undefined:undefined":0,"s:30:4:32:Infinity":11,"b:30:8:30:17:30:17:30:27:30:27:30:37":1,"s:31:6:31:Infinity":12,"s:34:41:40:Infinity":13,"b:42:4:45:Infinity:undefined:undefined:undefined:undefined":2,"s:42:4:45:Infinity":14,"s:43:6:43:Infinity":15,"s:44:6:44:Infinity":16,"b:44:43:44:66:44:66:44:94":3,"s:47:4:47:Infinity":17,"s:49:4:49:Infinity":18,"s:50:4:50:Infinity":19,"b:50:34:50:51:50:51:50:74":4,"s:55:0:80:Infinity":20,"f:55:22:55:29":2,"s:56:2:79:Infinity":21,"s:57:42:57:Infinity":22,"b:59:4:61:Infinity:undefined:undefined:undefined:undefined":5,"s:59:4:61:Infinity":23,"b:59:8:59:20:59:20:59:30":6,"s:60:6:60:Infinity":24,"s:63:41:68:Infinity":25,"b:66:15:66:26:66:26:66:Infinity":7,"b:70:4:73:Infinity:undefined:undefined:undefined:undefined":8,"s:70:4:73:Infinity":26,"s:71:6:71:Infinity":27,"s:72:6:72:Infinity":28,"b:72:43:72:66:72:66:72:94":9,"s:75:4:75:Infinity":29,"s:77:4:77:Infinity":30,"s:78:4:78:Infinity":31,"b:78:34:78:51:78:51:78:80":10,"s:83:0:108:Infinity":32,"f:83:21:83:28":3,"s:84:2:107:Infinity":33,"s:85:24:85:Infinity":34,"b:86:4:88:Infinity:undefined:undefined:undefined:undefined":11,"s:86:4:88:Infinity":35,"s:87:6:87:Infinity":36,"s:90:19:90:Infinity":37,"b:91:4:93:Infinity:undefined:undefined:undefined:undefined":12,"s:91:4:93:Infinity":38,"s:92:6:92:Infinity":39,"s:95:16:95:Infinity":40,"s:96:21:96:Infinity":41,"s:97:17:97:Infinity":42,"b:99:4:101:Infinity:undefined:undefined:undefined:undefined":13,"s:99:4:101:Infinity":43,"s:100:6:100:Infinity":44,"s:103:4:103:Infinity":45,"b:103:25:103:48:103:48:103:50":14,"s:105:4:105:Infinity":46,"s:106:4:106:Infinity":47,"b:106:34:106:51:106:51:106:80":15,"s:111:0:111:Infinity":48,"s:112:0:112:Infinity":49,"s:113:0:113:Infinity":50,"s:115:13:115:Infinity":51},"fnNames":{}}}
,"/home/nicoj/dev/xXN1CG4M3RXx/n1code/main/src/App.jsx": {"path":"/home/nicoj/dev/xXN1CG4M3RXx/n1code/main/src/App.jsx","statementMap":{"0":{"start":{"line":13,"column":15},"end":{"line":13,"column":null}},"1":{"start":{"line":13,"column":15},"end":{"line":28,"column":8}},"2":{"start":{"line":28,"column":5},"end":{"line":28,"column":7}},"3":{"start":{"line":28,"column":7},"end":{"line":28,"column":8}},"4":{"start":{"line":14,"column":2},"end":{"line":28,"column":8}},"5":{"start":{"line":28,"column":8},"end":{"line":33,"column":null}},"6":{"start":{"line":33,"column":8},"end":{"line":33,"column":45}},"7":{"start":{"line":33,"column":45},"end":{"line":33,"column":null}},"8":{"start":{"line":33,"column":45},"end":{"line":34,"column":null}},"9":{"start":{"line":34,"column":8},"end":{"line":34,"column":57}},"10":{"start":{"line":34,"column":57},"end":{"line":34,"column":null}},"11":{"start":{"line":34,"column":57},"end":{"line":35,"column":null}},"12":{"start":{"line":35,"column":8},"end":{"line":35,"column":53}},"13":{"start":{"line":35,"column":53},"end":{"line":35,"column":null}},"14":{"start":{"line":35,"column":53},"end":{"line":36,"column":null}},"15":{"start":{"line":36,"column":8},"end":{"line":36,"column":51}},"16":{"start":{"line":36,"column":51},"end":{"line":36,"column":null}},"17":{"start":{"line":36,"column":51},"end":{"line":37,"column":null}},"18":{"start":{"line":37,"column":8},"end":{"line":37,"column":59}},"19":{"start":{"line":37,"column":59},"end":{"line":37,"column":null}},"20":{"start":{"line":37,"column":59},"end":{"line":41,"column":null}},"21":{"start":{"line":31,"column":4},"end":{"line":41,"column":null}},"22":{"start":{"line":41,"column":10},"end":{"line":41,"column":null}},"23":{"start":{"line":41,"column":10},"end":{"line":31,"column":19}},"24":{"start":{"line":16,"column":4},"end":{"line":26,"column":null}},"25":{"start":{"line":17,"column":24},"end":{"line":17,"column":null}},"26":{"start":{"line":26,"column":6},"end":{"line":26,"column":17}},"27":{"start":{"line":18,"column":8},"end":{"line":23,"column":null}},"28":{"start":{"line":19,"column":10},"end":{"line":19,"column":null}},"29":{"start":{"line":20,"column":10},"end":{"line":20,"column":null}},"30":{"start":{"line":21,"column":10},"end":{"line":21,"column":58}},"31":{"start":{"line":22,"column":17},"end":{"line":22,"column":null}},"32":{"start":{"line":23,"column":10},"end":{"line":23,"column":55}}},"fnMap":{"0":{"name":"App","decl":{"start":{"line":13,"column":15},"end":{"line":13,"column":null}},"loc":{"start":{"line":13,"column":15},"end":{"line":41,"column":null}},"line":13}},"branchMap":{"0":{"loc":{"start":{"line":13,"column":15},"end":{"line":28,"column":8}},"type":"if","locations":[{"start":{"line":13,"column":15},"end":{"line":28,"column":8}},{"start":{"line":28,"column":7},"end":{"line":28,"column":8}}],"line":13},"1":{"loc":{"start":{"line":28,"column":8},"end":{"line":33,"column":null}},"type":"if","locations":[{"start":{"line":28,"column":8},"end":{"line":33,"column":null}},{"start":{"line":33,"column":45},"end":{"line":33,"column":null}}],"line":28},"2":{"loc":{"start":{"line":33,"column":45},"end":{"line":34,"column":null}},"type":"if","locations":[{"start":{"line":33,"column":45},"end":{"line":34,"column":null}},{"start":{"line":34,"column":57},"end":{"line":34,"column":null}}],"line":33},"3":{"loc":{"start":{"line":34,"column":57},"end":{"line":35,"column":null}},"type":"if","locations":[{"start":{"line":34,"column":57},"end":{"line":35,"column":null}},{"start":{"line":35,"column":53},"end":{"line":35,"column":null}}],"line":34},"4":{"loc":{"start":{"line":35,"column":53},"end":{"line":36,"column":null}},"type":"if","locations":[{"start":{"line":35,"column":53},"end":{"line":36,"column":null}},{"start":{"line":36,"column":51},"end":{"line":36,"column":null}}],"line":35},"5":{"loc":{"start":{"line":36,"column":51},"end":{"line":37,"column":null}},"type":"if","locations":[{"start":{"line":36,"column":51},"end":{"line":37,"column":null}},{"start":{"line":37,"column":59},"end":{"line":37,"column":null}}],"line":36},"6":{"loc":{"start":{"line":37,"column":59},"end":{"line":41,"column":null}},"type":"if","locations":[{"start":{"line":37,"column":59},"end":{"line":41,"column":null}},{"start":{"line":41,"column":10},"end":{"line":41,"column":null}}],"line":37},"7":{"loc":{"start":{"line":16,"column":4},"end":{"line":26,"column":null}},"type":"if","locations":[{"start":{"line":16,"column":4},"end":{"line":26,"column":null}},{"start":{},"end":{}}],"line":16}},"s":{"0":1,"1":1,"2":1,"3":0,"4":1,"5":1,"6":1,"7":0,"8":1,"9":1,"10":0,"11":1,"12":1,"13":0,"14":1,"15":1,"16":0,"17":1,"18":1,"19":0,"20":1,"21":1,"22":0,"23":1,"24":1,"25":1,"26":1,"27":1,"28":1,"29":1,"30":0,"31":0,"32":0},"f":{"0":3},"b":{"0":[1,0],"1":[1,0],"2":[1,0],"3":[1,0],"4":[1,0],"5":[1,0],"6":[1,0],"7":[1,0]},"meta":{"lastBranch":8,"lastFunction":1,"lastStatement":33,"seen":{"f:13:15:13:Infinity":0,"s:13:15:13:Infinity":0,"b:13:15:28:8:28:7:28:8":0,"s:13:15:28:8":1,"s:28:5:28:7":2,"s:28:7:28:8":3,"s:14:2:28:8":4,"b:28:8:33:Infinity:33:45:33:Infinity":1,"s:28:8:33:Infinity":5,"s:33:8:33:45":6,"s:33:45:33:Infinity":7,"b:33:45:34:Infinity:34:57:34:Infinity":2,"s:33:45:34:Infinity":8,"s:34:8:34:57":9,"s:34:57:34:Infinity":10,"b:34:57:35:Infinity:35:53:35:Infinity":3,"s:34:57:35:Infinity":11,"s:35:8:35:53":12,"s:35:53:35:Infinity":13,"b:35:53:36:Infinity:36:51:36:Infinity":4,"s:35:53:36:Infinity":14,"s:36:8:36:51":15,"s:36:51:36:Infinity":16,"b:36:51:37:Infinity:37:59:37:Infinity":5,"s:36:51:37:Infinity":17,"s:37:8:37:59":18,"s:37:59:37:Infinity":19,"b:37:59:41:Infinity:41:10:41:Infinity":6,"s:37:59:41:Infinity":20,"s:31:4:41:Infinity":21,"s:41:10:41:Infinity":22,"s:41:10:31:19":23,"b:16:4:26:Infinity:undefined:undefined:undefined:undefined":7,"s:16:4:26:Infinity":24,"s:17:24:17:Infinity":25,"s:26:6:26:17":26,"s:18:8:23:Infinity":27,"s:19:10:19:Infinity":28,"s:20:10:20:Infinity":29,"s:21:10:21:58":30,"s:22:17:22:Infinity":31,"s:23:10:23:55":32},"fnNames":{}}}
,"/home/nicoj/dev/xXN1CG4M3RXx/n1code/main/src/components/Navbar.jsx": {"path":"/home/nicoj/dev/xXN1CG4M3RXx/n1code/main/src/components/Navbar.jsx","statementMap":{"0":{"start":{"line":4,"column":15},"end":{"line":4,"column":null}},"1":{"start":{"line":4,"column":15},"end":{"line":17,"column":null}},"2":{"start":{"line":8,"column":8},"end":{"line":8,"column":null}},"3":{"start":{"line":17,"column":18},"end":{"line":17,"column":null}},"4":{"start":{"line":17,"column":18},"end":{"line":27,"column":null}},"5":{"start":{"line":19,"column":8},"end":{"line":19,"column":null}},"6":{"start":{"line":27,"column":18},"end":{"line":27,"column":null}},"7":{"start":{"line":27,"column":18},"end":{"line":37,"column":null}},"8":{"start":{"line":29,"column":8},"end":{"line":29,"column":null}},"9":{"start":{"line":37,"column":18},"end":{"line":37,"column":null}},"10":{"start":{"line":37,"column":18},"end":{"line":47,"column":null}},"11":{"start":{"line":39,"column":8},"end":{"line":39,"column":null}},"12":{"start":{"line":47,"column":18},"end":{"line":47,"column":null}},"13":{"start":{"line":47,"column":18},"end":{"line":57,"column":null}},"14":{"start":{"line":49,"column":8},"end":{"line":49,"column":null}},"15":{"start":{"line":57,"column":18},"end":{"line":57,"column":null}},"16":{"start":{"line":57,"column":18},"end":{"line":69,"column":null}},"17":{"start":{"line":6,"column":4},"end":{"line":69,"column":null}},"18":{"start":{"line":69,"column":10},"end":{"line":69,"column":null}},"19":{"start":{"line":69,"column":10},"end":{"line":6,"column":19}},"20":{"start":{"line":61,"column":22},"end":{"line":61,"column":34}},"21":{"start":{"line":61,"column":34},"end":{"line":62,"column":164}},"22":{"start":{"line":51,"column":22},"end":{"line":51,"column":34}},"23":{"start":{"line":51,"column":34},"end":{"line":52,"column":164}},"24":{"start":{"line":41,"column":22},"end":{"line":41,"column":34}},"25":{"start":{"line":41,"column":34},"end":{"line":42,"column":164}},"26":{"start":{"line":31,"column":22},"end":{"line":31,"column":34}},"27":{"start":{"line":31,"column":34},"end":{"line":32,"column":164}},"28":{"start":{"line":21,"column":22},"end":{"line":21,"column":34}},"29":{"start":{"line":21,"column":34},"end":{"line":22,"column":164}},"30":{"start":{"line":11,"column":22},"end":{"line":11,"column":34}},"31":{"start":{"line":11,"column":34},"end":{"line":12,"column":164}}},"fnMap":{"0":{"name":"Navbar","decl":{"start":{"line":4,"column":15},"end":{"line":4,"column":null}},"loc":{"start":{"line":4,"column":15},"end":{"line":69,"column":null}},"line":4}},"branchMap":{"0":{"loc":{"start":{"line":4,"column":15},"end":{"line":17,"column":null}},"type":"if","locations":[{"start":{"line":4,"column":15},"end":{"line":17,"column":null}},{"start":{"line":17,"column":18},"end":{"line":17,"column":null}}],"line":4},"1":{"loc":{"start":{"line":17,"column":18},"end":{"line":27,"column":null}},"type":"if","locations":[{"start":{"line":17,"column":18},"end":{"line":27,"column":null}},{"start":{"line":27,"column":18},"end":{"line":27,"column":null}}],"line":17},"2":{"loc":{"start":{"line":27,"column":18},"end":{"line":37,"column":null}},"type":"if","locations":[{"start":{"line":27,"column":18},"end":{"line":37,"column":null}},{"start":{"line":37,"column":18},"end":{"line":37,"column":null}}],"line":27},"3":{"loc":{"start":{"line":37,"column":18},"end":{"line":47,"column":null}},"type":"if","locations":[{"start":{"line":37,"column":18},"end":{"line":47,"column":null}},{"start":{"line":47,"column":18},"end":{"line":47,"column":null}}],"line":37},"4":{"loc":{"start":{"line":47,"column":18},"end":{"line":57,"column":null}},"type":"if","locations":[{"start":{"line":47,"column":18},"end":{"line":57,"column":null}},{"start":{"line":57,"column":18},"end":{"line":57,"column":null}}],"line":47},"5":{"loc":{"start":{"line":57,"column":18},"end":{"line":69,"column":null}},"type":"if","locations":[{"start":{"line":57,"column":18},"end":{"line":69,"column":null}},{"start":{"line":69,"column":10},"end":{"line":69,"column":null}}],"line":57},"6":{"loc":{"start":{"line":62,"column":92},"end":{"line":62,"column":164}},"type":"cond-expr","locations":[{"start":{"line":62,"column":92},"end":{"line":62,"column":164}},{"start":{"line":62,"column":92},"end":{"line":62,"column":164}}],"line":62},"7":{"loc":{"start":{"line":52,"column":92},"end":{"line":52,"column":164}},"type":"cond-expr","locations":[{"start":{"line":52,"column":92},"end":{"line":52,"column":164}},{"start":{"line":52,"column":92},"end":{"line":52,"column":164}}],"line":52},"8":{"loc":{"start":{"line":42,"column":92},"end":{"line":42,"column":164}},"type":"cond-expr","locations":[{"start":{"line":42,"column":92},"end":{"line":42,"column":164}},{"start":{"line":42,"column":92},"end":{"line":42,"column":164}}],"line":42},"9":{"loc":{"start":{"line":32,"column":92},"end":{"line":32,"column":164}},"type":"cond-expr","locations":[{"start":{"line":32,"column":92},"end":{"line":32,"column":164}},{"start":{"line":32,"column":92},"end":{"line":32,"column":164}}],"line":32},"10":{"loc":{"start":{"line":22,"column":92},"end":{"line":22,"column":164}},"type":"cond-expr","locations":[{"start":{"line":22,"column":92},"end":{"line":22,"column":164}},{"start":{"line":22,"column":92},"end":{"line":22,"column":164}}],"line":22},"11":{"loc":{"start":{"line":12,"column":92},"end":{"line":12,"column":164}},"type":"cond-expr","locations":[{"start":{"line":12,"column":92},"end":{"line":12,"column":164}},{"start":{"line":12,"column":92},"end":{"line":12,"column":164}}],"line":12}},"s":{"0":2,"1":2,"2":2,"3":0,"4":2,"5":2,"6":0,"7":2,"8":2,"9":0,"10":2,"11":2,"12":0,"13":2,"14":2,"15":0,"16":2,"17":2,"18":0,"19":2,"20":2,"21":2,"22":2,"23":2,"24":2,"25":2,"26":2,"27":2,"28":2,"29":2,"30":2,"31":2},"f":{"0":14},"b":{"0":[2,0],"1":[2,0],"2":[2,0],"3":[2,0],"4":[2,0],"5":[2,0],"6":[0,2],"7":[0,2],"8":[0,2],"9":[0,2],"10":[0,2],"11":[2,0]},"meta":{"lastBranch":12,"lastFunction":1,"lastStatement":32,"seen":{"f:4:15:4:Infinity":0,"s:4:15:4:Infinity":0,"b:4:15:17:Infinity:17:18:17:Infinity":0,"s:4:15:17:Infinity":1,"s:8:8:8:Infinity":2,"s:17:18:17:Infinity":3,"b:17:18:27:Infinity:27:18:27:Infinity":1,"s:17:18:27:Infinity":4,"s:19:8:19:Infinity":5,"s:27:18:27:Infinity":6,"b:27:18:37:Infinity:37:18:37:Infinity":2,"s:27:18:37:Infinity":7,"s:29:8:29:Infinity":8,"s:37:18:37:Infinity":9,"b:37:18:47:Infinity:47:18:47:Infinity":3,"s:37:18:47:Infinity":10,"s:39:8:39:Infinity":11,"s:47:18:47:Infinity":12,"b:47:18:57:Infinity:57:18:57:Infinity":4,"s:47:18:57:Infinity":13,"s:49:8:49:Infinity":14,"s:57:18:57:Infinity":15,"b:57:18:69:Infinity:69:10:69:Infinity":5,"s:57:18:69:Infinity":16,"s:6:4:69:Infinity":17,"s:69:10:69:Infinity":18,"s:69:10:6:19":19,"s:61:22:61:34":20,"s:61:34:62:164":21,"b:62:92:62:164:62:92:62:164":6,"s:51:22:51:34":22,"s:51:34:52:164":23,"b:52:92:52:164:52:92:52:164":7,"s:41:22:41:34":24,"s:41:34:42:164":25,"b:42:92:42:164:42:92:42:164":8,"s:31:22:31:34":26,"s:31:34:32:164":27,"b:32:92:32:164:32:92:32:164":9,"s:21:22:21:34":28,"s:21:34:22:164":29,"b:22:92:22:164:22:92:22:164":10,"s:11:22:11:34":30,"s:11:34:12:164":31,"b:12:92:12:164:12:92:12:164":11},"fnNames":{}}}
,"/home/nicoj/dev/xXN1CG4M3RXx/n1code/main/src/components/ProjectCard.jsx": {"path":"/home/nicoj/dev/xXN1CG4M3RXx/n1code/main/src/components/ProjectCard.jsx","statementMap":{"0":{"start":{"line":3,"column":15},"end":{"line":3,"column":36}},"1":{"start":{"line":3,"column":36},"end":{"line":3,"column":47}},"2":{"start":{"line":3,"column":47},"end":{"line":18,"column":null}},"3":{"start":{"line":7,"column":9},"end":{"line":17,"column":null}},"4":{"start":{"line":18,"column":9},"end":{"line":18,"column":null}},"5":{"start":{"line":18,"column":9},"end":{"line":19,"column":null}},"6":{"start":{"line":19,"column":8},"end":{"line":19,"column":117}},"7":{"start":{"line":19,"column":117},"end":{"line":19,"column":null}},"8":{"start":{"line":19,"column":117},"end":{"line":20,"column":null}},"9":{"start":{"line":6,"column":6},"end":{"line":20,"column":null}},"10":{"start":{"line":20,"column":12},"end":{"line":20,"column":null}},"11":{"start":{"line":20,"column":12},"end":{"line":23,"column":null}},"12":{"start":{"line":23,"column":8},"end":{"line":23,"column":null}},"13":{"start":{"line":23,"column":95},"end":{"line":23,"column":null}},"14":{"start":{"line":23,"column":95},"end":{"line":26,"column":null}},"15":{"start":{"line":24,"column":8},"end":{"line":26,"column":null}},"16":{"start":{"line":26,"column":12},"end":{"line":26,"column":null}},"17":{"start":{"line":26,"column":12},"end":{"line":33,"column":null}},"18":{"start":{"line":29,"column":11},"end":{"line":33,"column":12}},"19":{"start":{"line":33,"column":12},"end":{"line":33,"column":null}},"20":{"start":{"line":33,"column":12},"end":{"line":34,"column":null}},"21":{"start":{"line":28,"column":8},"end":{"line":34,"column":null}},"22":{"start":{"line":34,"column":14},"end":{"line":34,"column":null}},"23":{"start":{"line":34,"column":14},"end":{"line":41,"column":null}},"24":{"start":{"line":37,"column":11},"end":{"line":40,"column":null}},"25":{"start":{"line":41,"column":11},"end":{"line":41,"column":null}},"26":{"start":{"line":41,"column":11},"end":{"line":47,"column":null}},"27":{"start":{"line":42,"column":11},"end":{"line":46,"column":null}},"28":{"start":{"line":47,"column":11},"end":{"line":47,"column":null}},"29":{"start":{"line":47,"column":11},"end":{"line":48,"column":null}},"30":{"start":{"line":36,"column":8},"end":{"line":48,"column":null}},"31":{"start":{"line":48,"column":14},"end":{"line":48,"column":null}},"32":{"start":{"line":48,"column":14},"end":{"line":49,"column":null}},"33":{"start":{"line":22,"column":6},"end":{"line":49,"column":null}},"34":{"start":{"line":49,"column":12},"end":{"line":49,"column":null}},"35":{"start":{"line":49,"column":12},"end":{"line":50,"column":null}},"36":{"start":{"line":5,"column":4},"end":{"line":50,"column":null}},"37":{"start":{"line":50,"column":10},"end":{"line":50,"column":null}},"38":{"start":{"line":50,"column":10},"end":{"line":5,"column":19}},"39":{"start":{"line":3,"column":15},"end":{"line":32,"column":null}},"40":{"start":{"line":54,"column":0},"end":{"line":54,"column":null}},"41":{"start":{"line":54,"column":0},"end":{"line":57,"column":null}},"42":{"start":{"line":57,"column":6},"end":{"line":57,"column":117}},"43":{"start":{"line":57,"column":117},"end":{"line":57,"column":null}},"44":{"start":{"line":57,"column":117},"end":{"line":58,"column":null}},"45":{"start":{"line":56,"column":4},"end":{"line":58,"column":null}},"46":{"start":{"line":58,"column":10},"end":{"line":58,"column":null}},"47":{"start":{"line":58,"column":10},"end":{"line":56,"column":13}},"48":{"start":{"line":62,"column":0},"end":{"line":62,"column":null}},"49":{"start":{"line":62,"column":0},"end":{"line":64,"column":492}},"50":{"start":{"line":64,"column":193},"end":{"line":64,"column":453}},"51":{"start":{"line":64,"column":453},"end":{"line":64,"column":486}},"52":{"start":{"line":64,"column":486},"end":{"line":64,"column":492}},"53":{"start":{"line":64,"column":486},"end":{"line":64,"column":null}},"54":{"start":{"line":64,"column":4},"end":{"line":64,"column":null}},"55":{"start":{"line":64,"column":492},"end":{"line":64,"column":null}},"56":{"start":{"line":64,"column":492},"end":{"line":64,"column":13}}},"fnMap":{"0":{"name":"ProjectCard","decl":{"start":{"line":3,"column":15},"end":{"line":3,"column":36}},"loc":{"start":{"line":3,"column":15},"end":{"line":50,"column":null}},"line":3},"1":{"name":"CodeIcon","decl":{"start":{"line":54,"column":0},"end":{"line":54,"column":null}},"loc":{"start":{"line":54,"column":0},"end":{"line":58,"column":null}},"line":54},"2":{"name":"GithubIcon","decl":{"start":{"line":62,"column":0},"end":{"line":62,"column":null}},"loc":{"start":{"line":62,"column":0},"end":{"line":64,"column":null}},"line":62}},"branchMap":{"0":{"loc":{"start":{"line":3,"column":47},"end":{"line":18,"column":null}},"type":"if","locations":[{"start":{"line":3,"column":47},"end":{"line":18,"column":null}},{"start":{"line":18,"column":9},"end":{"line":18,"column":null}}],"line":3},"1":{"loc":{"start":{"line":3,"column":47},"end":{"line":3,"column":null}},"type":"binary-expr","locations":[{"start":{"line":3,"column":47},"end":{"line":3,"column":null}},{"start":{"line":3,"column":47},"end":{"line":3,"column":null}}],"line":3},"2":{"loc":{"start":{"line":7,"column":9},"end":{"line":17,"column":null}},"type":"cond-expr","locations":[{"start":{"line":8,"column":10},"end":{"line":15,"column":25}},{"start":{"line":15,"column":10},"end":{"line":17,"column":null}}],"line":7},"3":{"loc":{"start":{"line":18,"column":9},"end":{"line":19,"column":null}},"type":"if","locations":[{"start":{"line":18,"column":9},"end":{"line":19,"column":null}},{"start":{"line":19,"column":117},"end":{"line":19,"column":null}}],"line":18},"4":{"loc":{"start":{"line":19,"column":117},"end":{"line":20,"column":null}},"type":"if","locations":[{"start":{"line":19,"column":117},"end":{"line":20,"column":null}},{"start":{"line":20,"column":12},"end":{"line":20,"column":null}}],"line":19},"5":{"loc":{"start":{"line":20,"column":12},"end":{"line":23,"column":null}},"type":"if","locations":[{"start":{"line":20,"column":12},"end":{"line":23,"column":null}},{"start":{"line":23,"column":95},"end":{"line":23,"column":null}}],"line":20},"6":{"loc":{"start":{"line":23,"column":95},"end":{"line":26,"column":null}},"type":"if","locations":[{"start":{"line":23,"column":95},"end":{"line":26,"column":null}},{"start":{"line":26,"column":12},"end":{"line":26,"column":null}}],"line":23},"7":{"loc":{"start":{"line":26,"column":12},"end":{"line":33,"column":null}},"type":"if","locations":[{"start":{"line":26,"column":12},"end":{"line":33,"column":null}},{"start":{"line":33,"column":12},"end":{"line":33,"column":null}}],"line":26},"8":{"loc":{"start":{"line":33,"column":12},"end":{"line":34,"column":null}},"type":"if","locations":[{"start":{"line":33,"column":12},"end":{"line":34,"column":null}},{"start":{"line":34,"column":14},"end":{"line":34,"column":null}}],"line":33},"9":{"loc":{"start":{"line":34,"column":14},"end":{"line":41,"column":null}},"type":"if","locations":[{"start":{"line":34,"column":14},"end":{"line":41,"column":null}},{"start":{"line":41,"column":11},"end":{"line":41,"column":null}}],"line":34},"10":{"loc":{"start":{"line":37,"column":11},"end":{"line":40,"column":null}},"type":"binary-expr","locations":[{"start":{"line":37,"column":11},"end":{"line":37,"column":null}},{"start":{"line":38,"column":12},"end":{"line":40,"column":null}}],"line":37},"11":{"loc":{"start":{"line":41,"column":11},"end":{"line":47,"column":null}},"type":"if","locations":[{"start":{"line":41,"column":11},"end":{"line":47,"column":null}},{"start":{"line":47,"column":11},"end":{"line":47,"column":null}}],"line":41},"12":{"loc":{"start":{"line":42,"column":11},"end":{"line":46,"column":null}},"type":"binary-expr","locations":[{"start":{"line":42,"column":11},"end":{"line":42,"column":null}},{"start":{"line":43,"column":12},"end":{"line":46,"column":null}}],"line":42},"13":{"loc":{"start":{"line":47,"column":11},"end":{"line":48,"column":null}},"type":"if","locations":[{"start":{"line":47,"column":11},"end":{"line":48,"column":null}},{"start":{"line":48,"column":14},"end":{"line":48,"column":null}}],"line":47},"14":{"loc":{"start":{"line":47,"column":11},"end":{"line":47,"column":null}},"type":"binary-expr","locations":[{"start":{"line":47,"column":11},"end":{"line":47,"column":null}},{"start":{"line":47,"column":11},"end":{"line":47,"column":null}}],"line":47},"15":{"loc":{"start":{"line":48,"column":14},"end":{"line":49,"column":null}},"type":"if","locations":[{"start":{"line":48,"column":14},"end":{"line":49,"column":null}},{"start":{"line":49,"column":12},"end":{"line":49,"column":null}}],"line":48},"16":{"loc":{"start":{"line":48,"column":14},"end":{"line":48,"column":null}},"type":"binary-expr","locations":[{"start":{"line":48,"column":14},"end":{"line":48,"column":null}},{"start":{"line":48,"column":14},"end":{"line":48,"column":null}},{"start":{"line":48,"column":14},"end":{"line":48,"column":null}},{"start":{"line":48,"column":14},"end":{"line":48,"column":null}}],"line":48},"17":{"loc":{"start":{"line":49,"column":12},"end":{"line":50,"column":null}},"type":"if","locations":[{"start":{"line":49,"column":12},"end":{"line":50,"column":null}},{"start":{"line":50,"column":10},"end":{"line":50,"column":null}}],"line":49},"18":{"loc":{"start":{"line":49,"column":12},"end":{"line":49,"column":null}},"type":"binary-expr","locations":[{"start":{"line":49,"column":12},"end":{"line":49,"column":null}},{"start":{"line":49,"column":12},"end":{"line":49,"column":null}}],"line":49},"19":{"loc":{"start":{"line":54,"column":0},"end":{"line":57,"column":null}},"type":"if","locations":[{"start":{"line":54,"column":0},"end":{"line":57,"column":null}},{"start":{"line":57,"column":117},"end":{"line":57,"column":null}}],"line":54},"20":{"loc":{"start":{"line":57,"column":117},"end":{"line":58,"column":null}},"type":"if","locations":[{"start":{"line":57,"column":117},"end":{"line":58,"column":null}},{"start":{"line":58,"column":10},"end":{"line":58,"column":null}}],"line":57},"21":{"loc":{"start":{"line":62,"column":0},"end":{"line":64,"column":492}},"type":"if","locations":[{"start":{"line":62,"column":0},"end":{"line":64,"column":492}},{"start":{"line":64,"column":486},"end":{"line":64,"column":492}}],"line":62},"22":{"loc":{"start":{"line":64,"column":486},"end":{"line":64,"column":null}},"type":"if","locations":[{"start":{"line":64,"column":486},"end":{"line":64,"column":null}},{"start":{"line":64,"column":492},"end":{"line":64,"column":null}}],"line":64}},"s":{"0":4,"1":4,"2":4,"3":3,"4":1,"5":4,"6":3,"7":1,"8":4,"9":3,"10":1,"11":4,"12":3,"13":1,"14":4,"15":3,"16":1,"17":4,"18":3,"19":1,"20":4,"21":3,"22":1,"23":4,"24":3,"25":1,"26":4,"27":3,"28":1,"29":4,"30":3,"31":1,"32":4,"33":3,"34":1,"35":4,"36":3,"37":1,"38":4,"39":2,"40":2,"41":2,"42":2,"43":0,"44":2,"45":2,"46":0,"47":2,"48":2,"49":2,"50":2,"51":2,"52":0,"53":2,"54":2,"55":0,"56":2},"f":{"0":6,"1":2,"2":2},"b":{"0":[3,1],"1":[4,1],"2":[1,2],"3":[3,1],"4":[3,1],"5":[3,1],"6":[3,1],"7":[3,1],"8":[3,1],"9":[3,1],"10":[3,2],"11":[3,1],"12":[3,1],"13":[3,1],"14":[4,1],"15":[3,1],"16":[4,1,1,1],"17":[3,1],"18":[4,1],"19":[2,0],"20":[2,0],"21":[2,0],"22":[2,0]},"meta":{"lastBranch":23,"lastFunction":3,"lastStatement":57,"seen":{"f:3:15:3:36":0,"s:3:15:3:36":0,"s:3:36:3:47":1,"b:3:47:18:Infinity:18:9:18:Infinity":0,"s:3:47:18:Infinity":2,"b:3:47:3:Infinity:3:47:3:Infinity":1,"s:7:9:17:Infinity":3,"b:8:10:15:25:15:10:17:Infinity":2,"s:18:9:18:Infinity":4,"b:18:9:19:Infinity:19:117:19:Infinity":3,"s:18:9:19:Infinity":5,"s:19:8:19:117":6,"s:19:117:19:Infinity":7,"b:19:117:20:Infinity:20:12:20:Infinity":4,"s:19:117:20:Infinity":8,"s:6:6:20:Infinity":9,"s:20:12:20:Infinity":10,"b:20:12:23:Infinity:23:95:23:Infinity":5,"s:20:12:23:Infinity":11,"s:23:8:23:Infinity":12,"s:23:95:23:Infinity":13,"b:23:95:26:Infinity:26:12:26:Infinity":6,"s:23:95:26:Infinity":14,"s:24:8:26:Infinity":15,"s:26:12:26:Infinity":16,"b:26:12:33:Infinity:33:12:33:Infinity":7,"s:26:12:33:Infinity":17,"s:29:11:33:12":18,"s:33:12:33:Infinity":19,"b:33:12:34:Infinity:34:14:34:Infinity":8,"s:33:12:34:Infinity":20,"s:28:8:34:Infinity":21,"s:34:14:34:Infinity":22,"b:34:14:41:Infinity:41:11:41:Infinity":9,"s:34:14:41:Infinity":23,"s:37:11:40:Infinity":24,"b:37:11:37:Infinity:38:12:40:Infinity":10,"s:41:11:41:Infinity":25,"b:41:11:47:Infinity:47:11:47:Infinity":11,"s:41:11:47:Infinity":26,"s:42:11:46:Infinity":27,"b:42:11:42:Infinity:43:12:46:Infinity":12,"s:47:11:47:Infinity":28,"b:47:11:48:Infinity:48:14:48:Infinity":13,"s:47:11:48:Infinity":29,"b:47:11:47:Infinity:47:11:47:Infinity":14,"s:36:8:48:Infinity":30,"s:48:14:48:Infinity":31,"b:48:14:49:Infinity:49:12:49:Infinity":15,"s:48:14:49:Infinity":32,"b:48:14:48:Infinity:48:14:48:Infinity:48:14:48:Infinity:48:14:48:Infinity":16,"s:22:6:49:Infinity":33,"s:49:12:49:Infinity":34,"b:49:12:50:Infinity:50:10:50:Infinity":17,"s:49:12:50:Infinity":35,"b:49:12:49:Infinity:49:12:49:Infinity":18,"s:5:4:50:Infinity":36,"s:50:10:50:Infinity":37,"s:50:10:5:19":38,"s:3:15:32:Infinity":39,"f:54:0:54:Infinity":1,"s:54:0:54:Infinity":40,"b:54:0:57:Infinity:57:117:57:Infinity":19,"s:54:0:57:Infinity":41,"s:57:6:57:117":42,"s:57:117:57:Infinity":43,"b:57:117:58:Infinity:58:10:58:Infinity":20,"s:57:117:58:Infinity":44,"s:56:4:58:Infinity":45,"s:58:10:58:Infinity":46,"s:58:10:56:13":47,"f:62:0:62:Infinity":2,"s:62:0:62:Infinity":48,"b:62:0:64:492:64:486:64:492":21,"s:62:0:64:492":49,"s:64:193:64:453":50,"s:64:453:64:486":51,"s:64:486:64:492":52,"b:64:486:64:Infinity:64:492:64:Infinity":22,"s:64:486:64:Infinity":53,"s:64:4:64:Infinity":54,"s:64:492:64:Infinity":55,"s:64:492:64:13":56},"fnNames":{}}}
,"/home/nicoj/dev/xXN1CG4M3RXx/n1code/main/src/components/SetupList.jsx": {"path":"/home/nicoj/dev/xXN1CG4M3RXx/n1code/main/src/components/SetupList.jsx","statementMap":{"0":{"start":{"line":1,"column":15},"end":{"line":1,"column":34}},"1":{"start":{"line":1,"column":34},"end":{"line":1,"column":56}},"2":{"start":{"line":1,"column":56},"end":{"line":7,"column":null}},"3":{"start":{"line":5,"column":8},"end":{"line":7,"column":null}},"4":{"start":{"line":7,"column":14},"end":{"line":7,"column":null}},"5":{"start":{"line":7,"column":14},"end":{"line":8,"column":null}},"6":{"start":{"line":8,"column":8},"end":{"line":8,"column":null}},"7":{"start":{"line":8,"column":97},"end":{"line":8,"column":null}},"8":{"start":{"line":8,"column":97},"end":{"line":9,"column":null}},"9":{"start":{"line":4,"column":6},"end":{"line":9,"column":null}},"10":{"start":{"line":9,"column":12},"end":{"line":9,"column":null}},"11":{"start":{"line":9,"column":12},"end":{"line":35,"column":null}},"12":{"start":{"line":12,"column":9},"end":{"line":35,"column":10}},"13":{"start":{"line":35,"column":10},"end":{"line":35,"column":null}},"14":{"start":{"line":35,"column":10},"end":{"line":36,"column":null}},"15":{"start":{"line":11,"column":6},"end":{"line":36,"column":null}},"16":{"start":{"line":36,"column":12},"end":{"line":36,"column":null}},"17":{"start":{"line":36,"column":12},"end":{"line":37,"column":null}},"18":{"start":{"line":3,"column":4},"end":{"line":37,"column":null}},"19":{"start":{"line":37,"column":10},"end":{"line":37,"column":null}},"20":{"start":{"line":37,"column":10},"end":{"line":3,"column":19}},"21":{"start":{"line":1,"column":15},"end":{"line":34,"column":null}}},"fnMap":{"0":{"name":"SetupList","decl":{"start":{"line":1,"column":15},"end":{"line":1,"column":34}},"loc":{"start":{"line":1,"column":15},"end":{"line":37,"column":null}},"line":1}},"branchMap":{"0":{"loc":{"start":{"line":1,"column":56},"end":{"line":7,"column":null}},"type":"if","locations":[{"start":{"line":1,"column":56},"end":{"line":7,"column":null}},{"start":{"line":7,"column":14},"end":{"line":7,"column":null}}],"line":1},"1":{"loc":{"start":{"line":7,"column":14},"end":{"line":8,"column":null}},"type":"if","locations":[{"start":{"line":7,"column":14},"end":{"line":8,"column":null}},{"start":{"line":8,"column":97},"end":{"line":8,"column":null}}],"line":7},"2":{"loc":{"start":{"line":8,"column":97},"end":{"line":9,"column":null}},"type":"if","locations":[{"start":{"line":8,"column":97},"end":{"line":9,"column":null}},{"start":{"line":9,"column":12},"end":{"line":9,"column":null}}],"line":8},"3":{"loc":{"start":{"line":8,"column":97},"end":{"line":8,"column":null}},"type":"binary-expr","locations":[{"start":{"line":8,"column":97},"end":{"line":8,"column":null}},{"start":{"line":8,"column":97},"end":{"line":8,"column":null}}],"line":8},"4":{"loc":{"start":{"line":9,"column":12},"end":{"line":35,"column":null}},"type":"if","locations":[{"start":{"line":9,"column":12},"end":{"line":35,"column":null}},{"start":{"line":35,"column":10},"end":{"line":35,"column":null}}],"line":9},"5":{"loc":{"start":{"line":35,"column":10},"end":{"line":36,"column":null}},"type":"if","locations":[{"start":{"line":35,"column":10},"end":{"line":36,"column":null}},{"start":{"line":36,"column":12},"end":{"line":36,"column":null}}],"line":35},"6":{"loc":{"start":{"line":36,"column":12},"end":{"line":37,"column":null}},"type":"if","locations":[{"start":{"line":36,"column":12},"end":{"line":37,"column":null}},{"start":{"line":37,"column":10},"end":{"line":37,"column":null}}],"line":36},"7":{"loc":{"start":{"line":36,"column":12},"end":{"line":36,"column":null}},"type":"binary-expr","locations":[{"start":{"line":36,"column":12},"end":{"line":36,"column":null}},{"start":{"line":36,"column":12},"end":{"line":36,"column":null}}],"line":36},"8":{"loc":{"start":{"line":22,"column":13},"end":{"line":34,"column":null}},"type":"binary-expr","locations":[{"start":{"line":22,"column":13},"end":{"line":22,"column":null}},{"start":{"line":23,"column":14},"end":{"line":34,"column":null}}],"line":22}},"s":{"0":7,"1":7,"2":7,"3":4,"4":3,"5":7,"6":4,"7":3,"8":7,"9":4,"10":3,"11":7,"12":7,"13":0,"14":7,"15":7,"16":0,"17":7,"18":7,"19":0,"20":7,"21":5},"f":{"0":12},"b":{"0":[4,3],"1":[4,3],"2":[4,3],"3":[7,3],"4":[7,0],"5":[7,0],"6":[7,0],"7":[7,3],"8":[5,1]},"meta":{"lastBranch":9,"lastFunction":1,"lastStatement":22,"seen":{"f:1:15:1:34":0,"s:1:15:1:34":0,"s:1:34:1:56":1,"b:1:56:7:Infinity:7:14:7:Infinity":0,"s:1:56:7:Infinity":2,"s:5:8:7:Infinity":3,"s:7:14:7:Infinity":4,"b:7:14:8:Infinity:8:97:8:Infinity":1,"s:7:14:8:Infinity":5,"s:8:8:8:Infinity":6,"s:8:97:8:Infinity":7,"b:8:97:9:Infinity:9:12:9:Infinity":2,"s:8:97:9:Infinity":8,"b:8:97:8:Infinity:8:97:8:Infinity":3,"s:4:6:9:Infinity":9,"s:9:12:9:Infinity":10,"b:9:12:35:Infinity:35:10:35:Infinity":4,"s:9:12:35:Infinity":11,"s:12:9:35:10":12,"s:35:10:35:Infinity":13,"b:35:10:36:Infinity:36:12:36:Infinity":5,"s:35:10:36:Infinity":14,"s:11:6:36:Infinity":15,"s:36:12:36:Infinity":16,"b:36:12:37:Infinity:37:10:37:Infinity":6,"s:36:12:37:Infinity":17,"b:36:12:36:Infinity:36:12:36:Infinity":7,"s:3:4:37:Infinity":18,"s:37:10:37:Infinity":19,"s:37:10:3:19":20,"s:1:15:34:Infinity":21,"b:22:13:22:Infinity:23:14:34:Infinity":8},"fnNames":{}}}
,"/home/nicoj/dev/xXN1CG4M3RXx/n1code/main/src/lib/IconRegistry.jsx": {"path":"/home/nicoj/dev/xXN1CG4M3RXx/n1code/main/src/lib/IconRegistry.jsx","statementMap":{"0":{"start":{"line":12,"column":21},"end":{"line":48,"column":null}},"1":{"start":{"line":51,"column":13},"end":{"line":54,"column":null}},"2":{"start":{"line":52,"column":15},"end":{"line":52,"column":null}},"3":{"start":{"line":52,"column":31},"end":{"line":52,"column":42}},"4":{"start":{"line":53,"column":2},"end":{"line":53,"column":null}}},"fnMap":{"0":{"name":"(anonymous_0)","decl":{"start":{"line":51,"column":13},"end":{"line":51,"column":33}},"loc":{"start":{"line":51,"column":40},"end":{"line":54,"column":null}},"line":51},"1":{"name":"(anonymous_1)","decl":{"start":{"line":52,"column":21},"end":{"line":52,"column":26}},"loc":{"start":{"line":52,"column":31},"end":{"line":52,"column":42}},"line":52}},"branchMap":{"0":{"loc":{"start":{"line":53,"column":9},"end":{"line":53,"column":null}},"type":"cond-expr","locations":[{"start":{"line":53,"column":16},"end":{"line":53,"column":33}},{"start":{"line":53,"column":33},"end":{"line":53,"column":null}}],"line":53}},"s":{"0":1,"1":1,"2":0,"3":0,"4":0},"f":{"0":0,"1":0},"b":{"0":[0,0]},"meta":{"lastBranch":1,"lastFunction":2,"lastStatement":5,"seen":{"s:12:21:48:Infinity":0,"s:51:13:54:Infinity":1,"f:51:13:51:33":0,"s:52:15:52:Infinity":2,"f:52:21:52:26":1,"s:52:31:52:42":3,"s:53:2:53:Infinity":4,"b:53:16:53:33:53:33:53:Infinity":0},"fnNames":{}}}
,"/home/nicoj/dev/xXN1CG4M3RXx/n1code/main/src/lib/cache.js": {"path":"/home/nicoj/dev/xXN1CG4M3RXx/n1code/main/src/lib/cache.js","statementMap":{"0":{"start":{"line":4,"column":25},"end":{"line":10,"column":null}},"1":{"start":{"line":12,"column":26},"end":{"line":27,"column":null}},"2":{"start":{"line":13,"column":2},"end":{"line":25,"column":null}},"3":{"start":{"line":14,"column":10},"end":{"line":14,"column":null}},"4":{"start":{"line":15,"column":20},"end":{"line":15,"column":null}},"5":{"start":{"line":17,"column":4},"end":{"line":22,"column":null}},"6":{"start":{"line":18,"column":19},"end":{"line":18,"column":null}},"7":{"start":{"line":19,"column":6},"end":{"line":19,"column":null}},"8":{"start":{"line":20,"column":6},"end":{"line":20,"column":null}},"9":{"start":{"line":21,"column":6},"end":{"line":21,"column":null}},"10":{"start":{"line":24,"column":4},"end":{"line":24,"column":null}},"11":{"start":{"line":26,"column":2},"end":{"line":26,"column":null}},"12":{"start":{"line":29,"column":31},"end":{"line":62,"column":null}},"13":{"start":{"line":30,"column":21},"end":{"line":35,"column":null}},"14":{"start":{"line":31,"column":22},"end":{"line":31,"column":null}},"15":{"start":{"line":32,"column":4},"end":{"line":34,"column":null}},"16":{"start":{"line":33,"column":6},"end":{"line":33,"column":null}},"17":{"start":{"line":38,"column":2},"end":{"line":41,"column":null}},"18":{"start":{"line":39,"column":4},"end":{"line":39,"column":null}},"19":{"start":{"line":40,"column":4},"end":{"line":40,"column":null}},"20":{"start":{"line":44,"column":16},"end":{"line":44,"column":null}},"21":{"start":{"line":45,"column":2},"end":{"line":54,"column":null}},"22":{"start":{"line":46,"column":4},"end":{"line":53,"column":null}},"23":{"start":{"line":47,"column":6},"end":{"line":47,"column":null}},"24":{"start":{"line":49,"column":6},"end":{"line":49,"column":null}},"25":{"start":{"line":50,"column":6},"end":{"line":50,"column":null}},"26":{"start":{"line":52,"column":6},"end":{"line":52,"column":null}},"27":{"start":{"line":57,"column":16},"end":{"line":57,"column":null}},"28":{"start":{"line":58,"column":2},"end":{"line":60,"column":null}},"29":{"start":{"line":59,"column":4},"end":{"line":59,"column":null}},"30":{"start":{"line":61,"column":2},"end":{"line":61,"column":null}}},"fnMap":{"0":{"name":"(anonymous_0)","decl":{"start":{"line":12,"column":26},"end":{"line":12,"column":33}},"loc":{"start":{"line":12,"column":42},"end":{"line":27,"column":null}},"line":12},"1":{"name":"(anonymous_1)","decl":{"start":{"line":29,"column":31},"end":{"line":29,"column":38}},"loc":{"start":{"line":29,"column":57},"end":{"line":62,"column":null}},"line":29},"2":{"name":"(anonymous_2)","decl":{"start":{"line":30,"column":21},"end":{"line":30,"column":33}},"loc":{"start":{"line":30,"column":33},"end":{"line":35,"column":null}},"line":30}},"branchMap":{"0":{"loc":{"start":{"line":17,"column":4},"end":{"line":22,"column":null}},"type":"if","locations":[{"start":{"line":17,"column":4},"end":{"line":22,"column":null}},{"start":{},"end":{}}],"line":17},"1":{"loc":{"start":{"line":32,"column":4},"end":{"line":34,"column":null}},"type":"if","locations":[{"start":{"line":32,"column":4},"end":{"line":34,"column":null}},{"start":{},"end":{}}],"line":32},"2":{"loc":{"start":{"line":32,"column":8},"end":{"line":32,"column":31}},"type":"binary-expr","locations":[{"start":{"line":32,"column":8},"end":{"line":32,"column":21}},{"start":{"line":32,"column":21},"end":{"line":32,"column":31}}],"line":32},"3":{"loc":{"start":{"line":38,"column":2},"end":{"line":41,"column":null}},"type":"if","locations":[{"start":{"line":38,"column":2},"end":{"line":41,"column":null}},{"start":{},"end":{}}],"line":38},"4":{"loc":{"start":{"line":45,"column":2},"end":{"line":54,"column":null}},"type":"if","locations":[{"start":{"line":45,"column":2},"end":{"line":54,"column":null}},{"start":{},"end":{}}],"line":45},"5":{"loc":{"start":{"line":58,"column":2},"end":{"line":60,"column":null}},"type":"if","locations":[{"start":{"line":58,"column":2},"end":{"line":60,"column":null}},{"start":{},"end":{}}],"line":58},"6":{"loc":{"start":{"line":58,"column":6},"end":{"line":58,"column":25}},"type":"binary-expr","locations":[{"start":{"line":58,"column":6},"end":{"line":58,"column":15}},{"start":{"line":58,"column":15},"end":{"line":58,"column":25}}],"line":58}},"s":{"0":1,"1":1,"2":0,"3":0,"4":0,"5":0,"6":0,"7":0,"8":0,"9":0,"10":0,"11":0,"12":1,"13":1,"14":0,"15":0,"16":0,"17":1,"18":0,"19":0,"20":1,"21":1,"22":0,"23":0,"24":0,"25":0,"26":0,"27":0,"28":0,"29":0,"30":0},"f":{"0":0,"1":1,"2":0},"b":{"0":[0,0],"1":[0,0],"2":[0,0],"3":[0,1],"4":[0,1],"5":[0,0],"6":[0,0]},"meta":{"lastBranch":7,"lastFunction":3,"lastStatement":31,"seen":{"s:4:25:10:Infinity":0,"s:12:26:27:Infinity":1,"f:12:26:12:33":0,"s:13:2:25:Infinity":2,"s:14:10:14:Infinity":3,"s:15:20:15:Infinity":4,"b:17:4:22:Infinity:undefined:undefined:undefined:undefined":0,"s:17:4:22:Infinity":5,"s:18:19:18:Infinity":6,"s:19:6:19:Infinity":7,"s:20:6:20:Infinity":8,"s:21:6:21:Infinity":9,"s:24:4:24:Infinity":10,"s:26:2:26:Infinity":11,"s:29:31:62:Infinity":12,"f:29:31:29:38":1,"s:30:21:35:Infinity":13,"f:30:21:30:33":2,"s:31:22:31:Infinity":14,"b:32:4:34:Infinity:undefined:undefined:undefined:undefined":1,"s:32:4:34:Infinity":15,"b:32:8:32:21:32:21:32:31":2,"s:33:6:33:Infinity":16,"b:38:2:41:Infinity:undefined:undefined:undefined:undefined":3,"s:38:2:41:Infinity":17,"s:39:4:39:Infinity":18,"s:40:4:40:Infinity":19,"s:44:16:44:Infinity":20,"b:45:2:54:Infinity:undefined:undefined:undefined:undefined":4,"s:45:2:54:Infinity":21,"s:46:4:53:Infinity":22,"s:47:6:47:Infinity":23,"s:49:6:49:Infinity":24,"s:50:6:50:Infinity":25,"s:52:6:52:Infinity":26,"s:57:16:57:Infinity":27,"b:58:2:60:Infinity:undefined:undefined:undefined:undefined":5,"s:58:2:60:Infinity":28,"b:58:6:58:15:58:15:58:25":6,"s:59:4:59:Infinity":29,"s:61:2:61:Infinity":30},"fnNames":{}}}
,"/home/nicoj/dev/xXN1CG4M3RXx/n1code/main/src/lib/firebase.js": {"path":"/home/nicoj/dev/xXN1CG4M3RXx/n1code/main/src/lib/firebase.js","statementMap":{"0":{"start":{"line":6,"column":23},"end":{"line":14,"column":null}},"1":{"start":{"line":16,"column":6},"end":{"line":16,"column":null}},"2":{"start":{"line":17,"column":13},"end":{"line":17,"column":null}},"3":{"start":{"line":18,"column":13},"end":{"line":18,"column":null}},"4":{"start":{"line":19,"column":13},"end":{"line":19,"column":null}}},"fnMap":{},"branchMap":{},"s":{"0":2,"1":2,"2":2,"3":2,"4":2},"f":{},"b":{},"meta":{"lastBranch":0,"lastFunction":0,"lastStatement":5,"seen":{"s:6:23:14:Infinity":0,"s:16:6:16:Infinity":1,"s:17:13:17:Infinity":2,"s:18:13:18:Infinity":3,"s:19:13:19:Infinity":4},"fnNames":{}}}
,"/home/nicoj/dev/xXN1CG4M3RXx/n1code/main/src/pages/Contact.jsx": {"path":"/home/nicoj/dev/xXN1CG4M3RXx/n1code/main/src/pages/Contact.jsx","statementMap":{"0":{"start":{"line":6,"column":15},"end":{"line":6,"column":null}},"1":{"start":{"line":6,"column":15},"end":{"line":7,"column":null}},"2":{"start":{"line":7,"column":43},"end":{"line":7,"column":79}},"3":{"start":{"line":7,"column":79},"end":{"line":7,"column":null}},"4":{"start":{"line":7,"column":2},"end":{"line":7,"column":null}},"5":{"start":{"line":8,"column":2},"end":{"line":8,"column":47}},"6":{"start":{"line":8,"column":47},"end":{"line":44,"column":4}},"7":{"start":{"line":10,"column":23},"end":{"line":43,"column":null}},"8":{"start":{"line":11,"column":4},"end":{"line":11,"column":null}},"9":{"start":{"line":12,"column":4},"end":{"line":12,"column":27}},"10":{"start":{"line":14,"column":4},"end":{"line":42,"column":null}},"11":{"start":{"line":16,"column":6},"end":{"line":20,"column":null}},"12":{"start":{"line":23,"column":23},"end":{"line":27,"column":null}},"13":{"start":{"line":29,"column":6},"end":{"line":30,"column":null}},"14":{"start":{"line":30,"column":8},"end":{"line":30,"column":61}},"15":{"start":{"line":34,"column":6},"end":{"line":34,"column":null}},"16":{"start":{"line":35,"column":6},"end":{"line":35,"column":null}},"17":{"start":{"line":38,"column":6},"end":{"line":38,"column":47}},"18":{"start":{"line":38,"column":23},"end":{"line":38,"column":42}},"19":{"start":{"line":39,"column":13},"end":{"line":39,"column":null}},"20":{"start":{"line":40,"column":6},"end":{"line":40,"column":null}},"21":{"start":{"line":41,"column":6},"end":{"line":41,"column":null}},"22":{"start":{"line":42,"column":6},"end":{"line":42,"column":47}},"23":{"start":{"line":42,"column":23},"end":{"line":42,"column":42}},"24":{"start":{"line":44,"column":3},"end":{"line":44,"column":4}},"25":{"start":{"line":10,"column":23},"end":{"line":10,"column":null}},"26":{"start":{"line":44,"column":4},"end":{"line":51,"column":null}},"27":{"start":{"line":49,"column":8},"end":{"line":51,"column":null}},"28":{"start":{"line":51,"column":14},"end":{"line":51,"column":null}},"29":{"start":{"line":51,"column":14},"end":{"line":58,"column":null}},"30":{"start":{"line":48,"column":6},"end":{"line":58,"column":null}},"31":{"start":{"line":58,"column":12},"end":{"line":58,"column":null}},"32":{"start":{"line":58,"column":12},"end":{"line":64,"column":null}},"33":{"start":{"line":64,"column":14},"end":{"line":64,"column":null}},"34":{"start":{"line":64,"column":133},"end":{"line":64,"column":null}},"35":{"start":{"line":64,"column":133},"end":{"line":70,"column":null}},"36":{"start":{"line":70,"column":26},"end":{"line":70,"column":83}},"37":{"start":{"line":70,"column":33},"end":{"line":70,"column":83}},"38":{"start":{"line":70,"column":83},"end":{"line":70,"column":null}},"39":{"start":{"line":70,"column":83},"end":{"line":74,"column":null}},"40":{"start":{"line":63,"column":12},"end":{"line":74,"column":null}},"41":{"start":{"line":74,"column":18},"end":{"line":74,"column":null}},"42":{"start":{"line":74,"column":18},"end":{"line":77,"column":null}},"43":{"start":{"line":77,"column":14},"end":{"line":77,"column":null}},"44":{"start":{"line":77,"column":135},"end":{"line":77,"column":null}},"45":{"start":{"line":77,"column":135},"end":{"line":83,"column":null}},"46":{"start":{"line":83,"column":26},"end":{"line":83,"column":84}},"47":{"start":{"line":83,"column":33},"end":{"line":83,"column":84}},"48":{"start":{"line":83,"column":84},"end":{"line":83,"column":null}},"49":{"start":{"line":83,"column":84},"end":{"line":87,"column":null}},"50":{"start":{"line":76,"column":12},"end":{"line":87,"column":null}},"51":{"start":{"line":87,"column":18},"end":{"line":87,"column":null}},"52":{"start":{"line":87,"column":18},"end":{"line":88,"column":null}},"53":{"start":{"line":62,"column":10},"end":{"line":88,"column":null}},"54":{"start":{"line":88,"column":16},"end":{"line":88,"column":null}},"55":{"start":{"line":88,"column":16},"end":{"line":91,"column":null}},"56":{"start":{"line":91,"column":12},"end":{"line":91,"column":null}},"57":{"start":{"line":91,"column":137},"end":{"line":91,"column":null}},"58":{"start":{"line":91,"column":137},"end":{"line":97,"column":null}},"59":{"start":{"line":97,"column":24},"end":{"line":97,"column":84}},"60":{"start":{"line":97,"column":31},"end":{"line":97,"column":84}},"61":{"start":{"line":97,"column":84},"end":{"line":97,"column":null}},"62":{"start":{"line":97,"column":84},"end":{"line":101,"column":null}},"63":{"start":{"line":90,"column":10},"end":{"line":101,"column":null}},"64":{"start":{"line":101,"column":16},"end":{"line":101,"column":null}},"65":{"start":{"line":105,"column":22},"end":{"line":105,"column":45}},"66":{"start":{"line":105,"column":45},"end":{"line":131,"column":null}},"67":{"start":{"line":108,"column":13},"end":{"line":130,"column":null}},"68":{"start":{"line":131,"column":13},"end":{"line":131,"column":null}},"69":{"start":{"line":131,"column":13},"end":{"line":132,"column":null}},"70":{"start":{"line":103,"column":10},"end":{"line":132,"column":null}},"71":{"start":{"line":132,"column":19},"end":{"line":132,"column":null}},"72":{"start":{"line":132,"column":19},"end":{"line":135,"column":null}},"73":{"start":{"line":47,"column":4},"end":{"line":135,"column":null}},"74":{"start":{"line":135,"column":10},"end":{"line":135,"column":null}},"75":{"start":{"line":135,"column":10},"end":{"line":47,"column":19}}},"fnMap":{"0":{"name":"Contact","decl":{"start":{"line":6,"column":15},"end":{"line":6,"column":null}},"loc":{"start":{"line":6,"column":15},"end":{"line":135,"column":null}},"line":6},"1":{"name":"(anonymous_1)","decl":{"start":{"line":10,"column":23},"end":{"line":10,"column":null}},"loc":{"start":{"line":10,"column":23},"end":{"line":43,"column":null}},"line":10},"2":{"name":"(anonymous_2)","decl":{"start":{"line":38,"column":6},"end":{"line":38,"column":23}},"loc":{"start":{"line":38,"column":23},"end":{"line":38,"column":42}},"line":38},"3":{"name":"(anonymous_3)","decl":{"start":{"line":42,"column":6},"end":{"line":42,"column":23}},"loc":{"start":{"line":42,"column":23},"end":{"line":42,"column":42}},"line":42},"4":{"name":"(anonymous_4)","decl":{"start":{"line":70,"column":26},"end":{"line":70,"column":33}},"loc":{"start":{"line":70,"column":33},"end":{"line":70,"column":83}},"line":70},"5":{"name":"(anonymous_5)","decl":{"start":{"line":83,"column":26},"end":{"line":83,"column":33}},"loc":{"start":{"line":83,"column":33},"end":{"line":83,"column":84}},"line":83},"6":{"name":"(anonymous_6)","decl":{"start":{"line":97,"column":24},"end":{"line":97,"column":31}},"loc":{"start":{"line":97,"column":31},"end":{"line":97,"column":84}},"line":97}},"branchMap":{"0":{"loc":{"start":{"line":6,"column":15},"end":{"line":7,"column":null}},"type":"if","locations":[{"start":{"line":6,"column":15},"end":{"line":7,"column":null}},{"start":{"line":7,"column":79},"end":{"line":7,"column":null}}],"line":6},"1":{"loc":{"start":{"line":8,"column":47},"end":{"line":44,"column":4}},"type":"if","locations":[{"start":{"line":8,"column":47},"end":{"line":44,"column":4}},{"start":{"line":44,"column":3},"end":{"line":44,"column":4}}],"line":8},"2":{"loc":{"start":{"line":29,"column":6},"end":{"line":30,"column":null}},"type":"if","locations":[{"start":{"line":29,"column":6},"end":{"line":30,"column":null}},{"start":{},"end":{}}],"line":29},"3":{"loc":{"start":{"line":44,"column":4},"end":{"line":51,"column":null}},"type":"if","locations":[{"start":{"line":44,"column":4},"end":{"line":51,"column":null}},{"start":{"line":51,"column":14},"end":{"line":51,"column":null}}],"line":44},"4":{"loc":{"start":{"line":51,"column":14},"end":{"line":58,"column":null}},"type":"if","locations":[{"start":{"line":51,"column":14},"end":{"line":58,"column":null}},{"start":{"line":58,"column":12},"end":{"line":58,"column":null}}],"line":51},"5":{"loc":{"start":{"line":58,"column":12},"end":{"line":64,"column":null}},"type":"if","locations":[{"start":{"line":58,"column":12},"end":{"line":64,"column":null}},{"start":{"line":64,"column":133},"end":{"line":64,"column":null}}],"line":58},"6":{"loc":{"start":{"line":64,"column":133},"end":{"line":70,"column":null}},"type":"if","locations":[{"start":{"line":64,"column":133},"end":{"line":70,"column":null}},{"start":{"line":70,"column":83},"end":{"line":70,"column":null}}],"line":64},"7":{"loc":{"start":{"line":70,"column":83},"end":{"line":74,"column":null}},"type":"if","locations":[{"start":{"line":70,"column":83},"end":{"line":74,"column":null}},{"start":{"line":74,"column":18},"end":{"line":74,"column":null}}],"line":70},"8":{"loc":{"start":{"line":70,"column":83},"end":{"line":70,"column":null}},"type":"binary-expr","locations":[{"start":{"line":70,"column":83},"end":{"line":70,"column":null}},{"start":{"line":70,"column":83},"end":{"line":70,"column":null}}],"line":70},"9":{"loc":{"start":{"line":74,"column":18},"end":{"line":77,"column":null}},"type":"if","locations":[{"start":{"line":74,"column":18},"end":{"line":77,"column":null}},{"start":{"line":77,"column":135},"end":{"line":77,"column":null}}],"line":74},"10":{"loc":{"start":{"line":77,"column":135},"end":{"line":83,"column":null}},"type":"if","locations":[{"start":{"line":77,"column":135},"end":{"line":83,"column":null}},{"start":{"line":83,"column":84},"end":{"line":83,"column":null}}],"line":77},"11":{"loc":{"start":{"line":83,"column":84},"end":{"line":87,"column":null}},"type":"if","locations":[{"start":{"line":83,"column":84},"end":{"line":87,"column":null}},{"start":{"line":87,"column":18},"end":{"line":87,"column":null}}],"line":83},"12":{"loc":{"start":{"line":83,"column":84},"end":{"line":83,"column":null}},"type":"binary-expr","locations":[{"start":{"line":83,"column":84},"end":{"line":83,"column":null}},{"start":{"line":83,"column":84},"end":{"line":83,"column":null}}],"line":83},"13":{"loc":{"start":{"line":87,"column":18},"end":{"line":88,"column":null}},"type":"if","locations":[{"start":{"line":87,"column":18},"end":{"line":88,"column":null}},{"start":{"line":88,"column":16},"end":{"line":88,"column":null}}],"line":87},"14":{"loc":{"start":{"line":87,"column":18},"end":{"line":87,"column":null}},"type":"binary-expr","locations":[{"start":{"line":87,"column":18},"end":{"line":87,"column":null}},{"start":{"line":87,"column":18},"end":{"line":87,"column":null}}],"line":87},"15":{"loc":{"start":{"line":88,"column":16},"end":{"line":91,"column":null}},"type":"if","locations":[{"start":{"line":88,"column":16},"end":{"line":91,"column":null}},{"start":{"line":91,"column":137},"end":{"line":91,"column":null}}],"line":88},"16":{"loc":{"start":{"line":91,"column":137},"end":{"line":97,"column":null}},"type":"if","locations":[{"start":{"line":91,"column":137},"end":{"line":97,"column":null}},{"start":{"line":97,"column":84},"end":{"line":97,"column":null}}],"line":91},"17":{"loc":{"start":{"line":97,"column":84},"end":{"line":101,"column":null}},"type":"if","locations":[{"start":{"line":97,"column":84},"end":{"line":101,"column":null}},{"start":{"line":101,"column":16},"end":{"line":101,"column":null}}],"line":97},"18":{"loc":{"start":{"line":97,"column":84},"end":{"line":97,"column":null}},"type":"binary-expr","locations":[{"start":{"line":97,"column":84},"end":{"line":97,"column":null}},{"start":{"line":97,"column":84},"end":{"line":97,"column":null}}],"line":97},"19":{"loc":{"start":{"line":105,"column":45},"end":{"line":131,"column":null}},"type":"if","locations":[{"start":{"line":105,"column":45},"end":{"line":131,"column":null}},{"start":{"line":131,"column":13},"end":{"line":131,"column":null}}],"line":105},"20":{"loc":{"start":{"line":108,"column":13},"end":{"line":130,"column":null}},"type":"cond-expr","locations":[{"start":{"line":109,"column":14},"end":{"line":116,"column":27}},{"start":{"line":116,"column":16},"end":{"line":130,"column":null}}],"line":108},"21":{"loc":{"start":{"line":116,"column":16},"end":{"line":130,"column":null}},"type":"cond-expr","locations":[{"start":{"line":117,"column":14},"end":{"line":121,"column":27}},{"start":{"line":121,"column":16},"end":{"line":130,"column":null}}],"line":116},"22":{"loc":{"start":{"line":121,"column":16},"end":{"line":130,"column":null}},"type":"cond-expr","locations":[{"start":{"line":122,"column":14},"end":{"line":127,"column":30}},{"start":{"line":127,"column":14},"end":{"line":130,"column":null}}],"line":121},"23":{"loc":{"start":{"line":131,"column":13},"end":{"line":132,"column":null}},"type":"if","locations":[{"start":{"line":131,"column":13},"end":{"line":132,"column":null}},{"start":{"line":132,"column":19},"end":{"line":132,"column":null}}],"line":131},"24":{"loc":{"start":{"line":131,"column":13},"end":{"line":131,"column":null}},"type":"binary-expr","locations":[{"start":{"line":131,"column":13},"end":{"line":131,"column":null}},{"start":{"line":131,"column":13},"end":{"line":131,"column":null}}],"line":131},"25":{"loc":{"start":{"line":132,"column":19},"end":{"line":135,"column":null}},"type":"if","locations":[{"start":{"line":132,"column":19},"end":{"line":135,"column":null}},{"start":{"line":135,"column":10},"end":{"line":135,"column":null}}],"line":132},"26":{"loc":{"start":{"line":132,"column":19},"end":{"line":132,"column":null}},"type":"binary-expr","locations":[{"start":{"line":132,"column":19},"end":{"line":132,"column":null}},{"start":{"line":132,"column":19},"end":{"line":132,"column":null}},{"start":{"line":132,"column":19},"end":{"line":132,"column":null}},{"start":{"line":132,"column":19},"end":{"line":132,"column":null}}],"line":132}},"s":{"0":13,"1":13,"2":3,"3":10,"4":13,"5":13,"6":13,"7":10,"8":2,"9":2,"10":2,"11":2,"12":1,"13":1,"14":0,"15":1,"16":1,"17":1,"18":0,"19":1,"20":1,"21":1,"22":1,"23":0,"24":3,"25":13,"26":13,"27":3,"28":10,"29":13,"30":3,"31":10,"32":13,"33":3,"34":10,"35":13,"36":10,"37":2,"38":3,"39":13,"40":10,"41":3,"42":13,"43":3,"44":10,"45":13,"46":10,"47":2,"48":3,"49":13,"50":10,"51":3,"52":13,"53":10,"54":3,"55":13,"56":3,"57":10,"58":13,"59":10,"60":2,"61":3,"62":13,"63":10,"64":3,"65":13,"66":13,"67":7,"68":6,"69":13,"70":7,"71":6,"72":13,"73":13,"74":0,"75":13},"f":{"0":13,"1":2,"2":0,"3":0,"4":2,"5":2,"6":2},"b":{"0":[3,10],"1":[10,3],"2":[0,1],"3":[3,10],"4":[3,10],"5":[3,10],"6":[10,3],"7":[10,3],"8":[13,7],"9":[3,10],"10":[10,3],"11":[10,3],"12":[13,7],"13":[10,3],"14":[13,3],"15":[3,10],"16":[10,3],"17":[10,3],"18":[13,7],"19":[7,6],"20":[2,5],"21":[1,4],"22":[1,3],"23":[7,6],"24":[13,6],"25":[13,0],"26":[13,3,3,3]},"meta":{"lastBranch":27,"lastFunction":7,"lastStatement":76,"seen":{"f:6:15:6:Infinity":0,"s:6:15:6:Infinity":0,"b:6:15:7:Infinity:7:79:7:Infinity":0,"s:6:15:7:Infinity":1,"s:7:43:7:79":2,"s:7:79:7:Infinity":3,"s:7:2:7:Infinity":4,"s:8:2:8:47":5,"b:8:47:44:4:44:3:44:4":1,"s:8:47:44:4":6,"s:10:23:43:Infinity":7,"f:10:23:10:Infinity":1,"s:11:4:11:Infinity":8,"s:12:4:12:27":9,"s:14:4:42:Infinity":10,"s:16:6:20:Infinity":11,"s:23:23:27:Infinity":12,"b:29:6:30:Infinity:undefined:undefined:undefined:undefined":2,"s:29:6:30:Infinity":13,"s:30:8:30:61":14,"s:34:6:34:Infinity":15,"s:35:6:35:Infinity":16,"s:38:6:38:47":17,"f:38:6:38:23":2,"s:38:23:38:42":18,"s:39:13:39:Infinity":19,"s:40:6:40:Infinity":20,"s:41:6:41:Infinity":21,"s:42:6:42:47":22,"f:42:6:42:23":3,"s:42:23:42:42":23,"s:44:3:44:4":24,"s:10:23:10:Infinity":25,"b:44:4:51:Infinity:51:14:51:Infinity":3,"s:44:4:51:Infinity":26,"s:49:8:51:Infinity":27,"s:51:14:51:Infinity":28,"b:51:14:58:Infinity:58:12:58:Infinity":4,"s:51:14:58:Infinity":29,"s:48:6:58:Infinity":30,"s:58:12:58:Infinity":31,"b:58:12:64:Infinity:64:133:64:Infinity":5,"s:58:12:64:Infinity":32,"s:64:14:64:Infinity":33,"s:64:133:64:Infinity":34,"b:64:133:70:Infinity:70:83:70:Infinity":6,"s:64:133:70:Infinity":35,"s:70:26:70:83":36,"f:70:26:70:33":4,"s:70:33:70:83":37,"s:70:83:70:Infinity":38,"b:70:83:74:Infinity:74:18:74:Infinity":7,"s:70:83:74:Infinity":39,"b:70:83:70:Infinity:70:83:70:Infinity":8,"s:63:12:74:Infinity":40,"s:74:18:74:Infinity":41,"b:74:18:77:Infinity:77:135:77:Infinity":9,"s:74:18:77:Infinity":42,"s:77:14:77:Infinity":43,"s:77:135:77:Infinity":44,"b:77:135:83:Infinity:83:84:83:Infinity":10,"s:77:135:83:Infinity":45,"s:83:26:83:84":46,"f:83:26:83:33":5,"s:83:33:83:84":47,"s:83:84:83:Infinity":48,"b:83:84:87:Infinity:87:18:87:Infinity":11,"s:83:84:87:Infinity":49,"b:83:84:83:Infinity:83:84:83:Infinity":12,"s:76:12:87:Infinity":50,"s:87:18:87:Infinity":51,"b:87:18:88:Infinity:88:16:88:Infinity":13,"s:87:18:88:Infinity":52,"b:87:18:87:Infinity:87:18:87:Infinity":14,"s:62:10:88:Infinity":53,"s:88:16:88:Infinity":54,"b:88:16:91:Infinity:91:137:91:Infinity":15,"s:88:16:91:Infinity":55,"s:91:12:91:Infinity":56,"s:91:137:91:Infinity":57,"b:91:137:97:Infinity:97:84:97:Infinity":16,"s:91:137:97:Infinity":58,"s:97:24:97:84":59,"f:97:24:97:31":6,"s:97:31:97:84":60,"s:97:84:97:Infinity":61,"b:97:84:101:Infinity:101:16:101:Infinity":17,"s:97:84:101:Infinity":62,"b:97:84:97:Infinity:97:84:97:Infinity":18,"s:90:10:101:Infinity":63,"s:101:16:101:Infinity":64,"s:105:22:105:45":65,"b:105:45:131:Infinity:131:13:131:Infinity":19,"s:105:45:131:Infinity":66,"s:108:13:130:Infinity":67,"b:109:14:116:27:116:16:130:Infinity":20,"b:117:14:121:27:121:16:130:Infinity":21,"b:122:14:127:30:127:14:130:Infinity":22,"s:131:13:131:Infinity":68,"b:131:13:132:Infinity:132:19:132:Infinity":23,"s:131:13:132:Infinity":69,"b:131:13:131:Infinity:131:13:131:Infinity":24,"s:103:10:132:Infinity":70,"s:132:19:132:Infinity":71,"b:132:19:135:Infinity:135:10:135:Infinity":25,"s:132:19:135:Infinity":72,"b:132:19:132:Infinity:132:19:132:Infinity:132:19:132:Infinity:132:19:132:Infinity":26,"s:47:4:135:Infinity":73,"s:135:10:135:Infinity":74,"s:135:10:47:19":75},"fnNames":{}}}
,"/home/nicoj/dev/xXN1CG4M3RXx/n1code/main/src/pages/Home.jsx": {"path":"/home/nicoj/dev/xXN1CG4M3RXx/n1code/main/src/pages/Home.jsx","statementMap":{"0":{"start":{"line":9,"column":18},"end":{"line":9,"column":null}},"1":{"start":{"line":10,"column":18},"end":{"line":10,"column":null}},"2":{"start":{"line":13,"column":2},"end":{"line":36,"column":null}},"3":{"start":{"line":14,"column":25},"end":{"line":34,"column":null}},"4":{"start":{"line":15,"column":6},"end":{"line":33,"column":null}},"5":{"start":{"line":16,"column":14},"end":{"line":25,"column":null}},"6":{"start":{"line":17,"column":10},"end":{"line":24,"column":null}},"7":{"start":{"line":18,"column":12},"end":{"line":20,"column":null}},"8":{"start":{"line":19,"column":14},"end":{"line":19,"column":null}},"9":{"start":{"line":21,"column":12},"end":{"line":21,"column":null}},"10":{"start":{"line":23,"column":12},"end":{"line":23,"column":null}},"11":{"start":{"line":27,"column":21},"end":{"line":27,"column":null}},"12":{"start":{"line":28,"column":8},"end":{"line":28,"column":null}},"13":{"start":{"line":30,"column":8},"end":{"line":30,"column":null}},"14":{"start":{"line":32,"column":8},"end":{"line":32,"column":null}},"15":{"start":{"line":35,"column":4},"end":{"line":35,"column":null}},"16":{"start":{"line":38,"column":26},"end":{"line":50,"column":null}},"17":{"start":{"line":39,"column":4},"end":{"line":39,"column":null}},"18":{"start":{"line":39,"column":17},"end":{"line":39,"column":null}},"19":{"start":{"line":40,"column":4},"end":{"line":49,"column":null}},"20":{"start":{"line":41,"column":12},"end":{"line":41,"column":null}},"21":{"start":{"line":42,"column":6},"end":{"line":46,"column":null}},"22":{"start":{"line":48,"column":6},"end":{"line":48,"column":null}},"23":{"start":{"line":52,"column":2},"end":{"line":58,"column":null}},"24":{"start":{"line":53,"column":4},"end":{"line":56,"column":null}},"25":{"start":{"line":60,"column":2},"end":{"line":60,"column":null}},"26":{"start":{"line":60,"column":16},"end":{"line":60,"column":null}},"27":{"start":{"line":62,"column":8},"end":{"line":69,"column":null}},"28":{"start":{"line":63,"column":4},"end":{"line":67,"column":null}},"29":{"start":{"line":64,"column":6},"end":{"line":64,"column":null}},"30":{"start":{"line":65,"column":11},"end":{"line":67,"column":null}},"31":{"start":{"line":66,"column":6},"end":{"line":66,"column":null}},"32":{"start":{"line":68,"column":4},"end":{"line":68,"column":null}},"33":{"start":{"line":71,"column":8},"end":{"line":81,"column":null}},"34":{"start":{"line":73,"column":4},"end":{"line":73,"column":null}},"35":{"start":{"line":73,"column":33},"end":{"line":73,"column":null}},"36":{"start":{"line":75,"column":4},"end":{"line":79,"column":null}},"37":{"start":{"line":76,"column":6},"end":{"line":76,"column":null}},"38":{"start":{"line":77,"column":11},"end":{"line":79,"column":null}},"39":{"start":{"line":78,"column":6},"end":{"line":78,"column":null}},"40":{"start":{"line":80,"column":4},"end":{"line":80,"column":null}},"41":{"start":{"line":83,"column":20},"end":{"line":83,"column":null}},"42":{"start":{"line":84,"column":24},"end":{"line":84,"column":null}},"43":{"start":{"line":86,"column":8},"end":{"line":89,"column":null}},"44":{"start":{"line":87,"column":10},"end":{"line":87,"column":null}},"45":{"start":{"line":88,"column":4},"end":{"line":88,"column":null}},"46":{"start":{"line":91,"column":2},"end":{"line":163,"column":null}},"47":{"start":{"line":139,"column":14},"end":{"line":147,"column":null}},"48":{"start":{"line":149,"column":12},"end":{"line":156,"column":null}},"49":{"start":{"line":150,"column":63},"end":{"line":150,"column":89}},"50":{"start":{"line":154,"column":104},"end":{"line":154,"column":130}}},"fnMap":{"0":{"name":"Home","decl":{"start":{"line":8,"column":24},"end":{"line":8,"column":31}},"loc":{"start":{"line":8,"column":31},"end":{"line":165,"column":null}},"line":8},"1":{"name":"(anonymous_1)","decl":{"start":{"line":13,"column":2},"end":{"line":13,"column":18}},"loc":{"start":{"line":13,"column":18},"end":{"line":36,"column":5}},"line":13},"2":{"name":"(anonymous_2)","decl":{"start":{"line":14,"column":25},"end":{"line":14,"column":37}},"loc":{"start":{"line":14,"column":37},"end":{"line":34,"column":null}},"line":14},"3":{"name":"(anonymous_3)","decl":{"start":{"line":16,"column":14},"end":{"line":16,"column":28}},"loc":{"start":{"line":16,"column":37},"end":{"line":25,"column":null}},"line":16},"4":{"name":"(anonymous_4)","decl":{"start":{"line":38,"column":26},"end":{"line":38,"column":33}},"loc":{"start":{"line":38,"column":44},"end":{"line":50,"column":null}},"line":38},"5":{"name":"(anonymous_5)","decl":{"start":{"line":62,"column":8},"end":{"line":62,"column":39}},"loc":{"start":{"line":62,"column":39},"end":{"line":69,"column":null}},"line":62},"6":{"name":"(anonymous_6)","decl":{"start":{"line":71,"column":8},"end":{"line":71,"column":39}},"loc":{"start":{"line":71,"column":39},"end":{"line":81,"column":null}},"line":71},"7":{"name":"(anonymous_7)","decl":{"start":{"line":86,"column":8},"end":{"line":86,"column":19}},"loc":{"start":{"line":86,"column":32},"end":{"line":89,"column":null}},"line":86},"8":{"name":"(anonymous_8)","decl":{"start":{"line":137,"column":25},"end":{"line":137,"column":30}},"loc":{"start":{"line":137,"column":39},"end":{"line":158,"column":11}},"line":137},"9":{"name":"(anonymous_9)","decl":{"start":{"line":150,"column":48},"end":{"line":150,"column":63}},"loc":{"start":{"line":150,"column":63},"end":{"line":150,"column":89}},"line":150},"10":{"name":"(anonymous_10)","decl":{"start":{"line":154,"column":89},"end":{"line":154,"column":104}},"loc":{"start":{"line":154,"column":104},"end":{"line":154,"column":130}},"line":154}},"branchMap":{"0":{"loc":{"start":{"line":17,"column":10},"end":{"line":24,"column":null}},"type":"if","locations":[{"start":{"line":17,"column":10},"end":{"line":24,"column":null}},{"start":{"line":22,"column":17},"end":{"line":24,"column":null}}],"line":17},"1":{"loc":{"start":{"line":18,"column":12},"end":{"line":20,"column":null}},"type":"if","locations":[{"start":{"line":18,"column":12},"end":{"line":20,"column":null}},{"start":{},"end":{}}],"line":18},"2":{"loc":{"start":{"line":39,"column":4},"end":{"line":39,"column":null}},"type":"if","locations":[{"start":{"line":39,"column":4},"end":{"line":39,"column":null}},{"start":{},"end":{}}],"line":39},"3":{"loc":{"start":{"line":52,"column":2},"end":{"line":58,"column":null}},"type":"if","locations":[{"start":{"line":52,"column":2},"end":{"line":58,"column":null}},{"start":{},"end":{}}],"line":52},"4":{"loc":{"start":{"line":60,"column":2},"end":{"line":60,"column":null}},"type":"if","locations":[{"start":{"line":60,"column":2},"end":{"line":60,"column":null}},{"start":{},"end":{}}],"line":60},"5":{"loc":{"start":{"line":63,"column":4},"end":{"line":67,"column":null}},"type":"if","locations":[{"start":{"line":63,"column":4},"end":{"line":67,"column":null}},{"start":{"line":65,"column":11},"end":{"line":67,"column":null}}],"line":63},"6":{"loc":{"start":{"line":65,"column":11},"end":{"line":67,"column":null}},"type":"if","locations":[{"start":{"line":65,"column":11},"end":{"line":67,"column":null}},{"start":{},"end":{}}],"line":65},"7":{"loc":{"start":{"line":73,"column":4},"end":{"line":73,"column":null}},"type":"if","locations":[{"start":{"line":73,"column":4},"end":{"line":73,"column":null}},{"start":{},"end":{}}],"line":73},"8":{"loc":{"start":{"line":75,"column":4},"end":{"line":79,"column":null}},"type":"if","locations":[{"start":{"line":75,"column":4},"end":{"line":79,"column":null}},{"start":{"line":77,"column":11},"end":{"line":79,"column":null}}],"line":75},"9":{"loc":{"start":{"line":77,"column":11},"end":{"line":79,"column":null}},"type":"if","locations":[{"start":{"line":77,"column":11},"end":{"line":79,"column":null}},{"start":{},"end":{}}],"line":77},"10":{"loc":{"start":{"line":83,"column":20},"end":{"line":83,"column":null}},"type":"cond-expr","locations":[{"start":{"line":83,"column":42},"end":{"line":83,"column":103}},{"start":{"line":83,"column":103},"end":{"line":83,"column":null}}],"line":83},"11":{"loc":{"start":{"line":84,"column":24},"end":{"line":84,"column":null}},"type":"cond-expr","locations":[{"start":{"line":84,"column":46},"end":{"line":84,"column":99}},{"start":{"line":84,"column":99},"end":{"line":84,"column":null}}],"line":84},"12":{"loc":{"start":{"line":103,"column":22},"end":{"line":103,"column":59}},"type":"binary-expr","locations":[{"start":{"line":103,"column":22},"end":{"line":103,"column":52}},{"start":{"line":103,"column":52},"end":{"line":103,"column":59}}],"line":103},"13":{"loc":{"start":{"line":114,"column":13},"end":{"line":117,"column":null}},"type":"cond-expr","locations":[{"start":{"line":115,"column":14},"end":{"line":117,"column":15}},{"start":{"line":117,"column":14},"end":{"line":117,"column":null}}],"line":114},"14":{"loc":{"start":{"line":145,"column":19},"end":{"line":146,"column":null}},"type":"binary-expr","locations":[{"start":{"line":145,"column":19},"end":{"line":145,"column":39}},{"start":{"line":145,"column":39},"end":{"line":146,"column":null}}],"line":145},"15":{"loc":{"start":{"line":149,"column":19},"end":{"line":156,"column":null}},"type":"cond-expr","locations":[{"start":{"line":150,"column":14},"end":{"line":152,"column":null}},{"start":{"line":154,"column":14},"end":{"line":156,"column":null}}],"line":149}},"s":{"0":10,"1":10,"2":10,"3":5,"4":5,"5":5,"6":6,"7":4,"8":0,"9":4,"10":2,"11":5,"12":3,"13":1,"14":4,"15":5,"16":10,"17":1,"18":0,"19":1,"20":1,"21":1,"22":0,"23":10,"24":7,"25":3,"26":1,"27":2,"28":2,"29":1,"30":1,"31":0,"32":1,"33":2,"34":2,"35":0,"36":2,"37":0,"38":2,"39":1,"40":1,"41":2,"42":10,"43":10,"44":3,"45":3,"46":10,"47":3,"48":3,"49":0,"50":1},"f":{"0":10,"1":5,"2":5,"3":6,"4":1,"5":2,"6":2,"7":3,"8":3,"9":0,"10":1},"b":{"0":[4,2],"1":[0,4],"2":[0,1],"3":[7,3],"4":[1,2],"5":[1,1],"6":[0,1],"7":[0,2],"8":[0,2],"9":[1,1],"10":[0,2],"11":[0,2],"12":[10,2],"13":[1,1],"14":[3,0],"15":[1,2]},"meta":{"lastBranch":16,"lastFunction":11,"lastStatement":51,"seen":{"f:8:24:8:31":0,"s:9:18:9:Infinity":0,"s:10:18:10:Infinity":1,"s:13:2:36:Infinity":2,"f:13:2:13:18":1,"s:14:25:34:Infinity":3,"f:14:25:14:37":2,"s:15:6:33:Infinity":4,"s:16:14:25:Infinity":5,"f:16:14:16:28":3,"b:17:10:24:Infinity:22:17:24:Infinity":0,"s:17:10:24:Infinity":6,"b:18:12:20:Infinity:undefined:undefined:undefined:undefined":1,"s:18:12:20:Infinity":7,"s:19:14:19:Infinity":8,"s:21:12:21:Infinity":9,"s:23:12:23:Infinity":10,"s:27:21:27:Infinity":11,"s:28:8:28:Infinity":12,"s:30:8:30:Infinity":13,"s:32:8:32:Infinity":14,"s:35:4:35:Infinity":15,"s:38:26:50:Infinity":16,"f:38:26:38:33":4,"b:39:4:39:Infinity:undefined:undef
[...]
t":{"line":23,"column":8},"end":{"line":23,"column":null}},"11":{"start":{"line":25,"column":8},"end":{"line":25,"column":null}},"12":{"start":{"line":28,"column":4},"end":{"line":28,"column":null}},"13":{"start":{"line":31,"column":2},"end":{"line":50,"column":null}},"14":{"start":{"line":47,"column":10},"end":{"line":47,"column":null}}},"fnMap":{"0":{"name":"Projects","decl":{"start":{"line":7,"column":24},"end":{"line":7,"column":35}},"loc":{"start":{"line":7,"column":35},"end":{"line":52,"column":null}},"line":7},"1":{"name":"(anonymous_1)","decl":{"start":{"line":12,"column":2},"end":{"line":12,"column":18}},"loc":{"start":{"line":12,"column":18},"end":{"line":29,"column":5}},"line":12},"2":{"name":"(anonymous_2)","decl":{"start":{"line":13,"column":26},"end":{"line":13,"column":38}},"loc":{"start":{"line":13,"column":38},"end":{"line":27,"column":null}},"line":13},"3":{"name":"(anonymous_3)","decl":{"start":{"line":15,"column":14},"end":{"line":15,"column":28}},"loc":{"start":{"line":15,"column":37},"end":{"line":19,"column":null}},"line":15},"4":{"name":"(anonymous_4)","decl":{"start":{"line":46,"column":18},"end":{"line":46,"column":23}},"loc":{"start":{"line":47,"column":10},"end":{"line":47,"column":null}},"line":47}},"branchMap":{"0":{"loc":{"start":{"line":16,"column":10},"end":{"line":18,"column":null}},"type":"if","locations":[{"start":{"line":16,"column":10},"end":{"line":18,"column":null}},{"start":{},"end":{}}],"line":16},"1":{"loc":{"start":{"line":17,"column":24},"end":{"line":17,"column":39}},"type":"binary-expr","locations":[{"start":{"line":17,"column":24},"end":{"line":17,"column":37}},{"start":{"line":17,"column":37},"end":{"line":17,"column":39}}],"line":17}},"s":{"0":3,"1":3,"2":3,"3":1,"4":1,"5":1,"6":2,"7":2,"8":1,"9":1,"10":0,"11":1,"12":1,"13":3,"14":2},"f":{"0":3,"1":1,"2":1,"3":2,"4":2},"b":{"0":[2,0],"1":[2,0]},"meta":{"lastBranch":2,"lastFunction":5,"lastStatement":15,"seen":{"f:7:24:7:35":0,"s:8:19:8:Infinity":0,"s:9:18:9:Infinity":1,"s:12:2:29:Infinity":2,"f:12:2:12:18":1,"s:13:26:27:Infinity":3,"f:13:26:13:38":2,"s:14:6:26:Infinity":4,"s:15:14:19:Infinity":5,"f:15:14:15:28":3,"b:16:10:18:Infinity:undefined:undefined:undefined:undefined":0,"s:16:10:18:Infinity":6,"s:17:12:17:Infinity":7,"b:17:24:17:37:17:37:17:39":1,"s:20:21:20:Infinity":8,"s:21:8:21:Infinity":9,"s:23:8:23:Infinity":10,"s:25:8:25:Infinity":11,"s:28:4:28:Infinity":12,"s:31:2:50:Infinity":13,"f:46:18:46:23":4,"s:47:10:47:Infinity":14},"fnNames":{}}}
,"/home/nicoj/dev/xXN1CG4M3RXx/n1code/main/src/pages/Setup.jsx": {"path":"/home/nicoj/dev/xXN1CG4M3RXx/n1code/main/src/pages/Setup.jsx","statementMap":{"0":{"start":{"line":7,"column":15},"end":{"line":7,"column":null}},"1":{"start":{"line":7,"column":15},"end":{"line":12,"column":5}},"2":{"start":{"line":8,"column":45},"end":{"line":12,"column":3}},"3":{"start":{"line":12,"column":3},"end":{"line":12,"column":5}},"4":{"start":{"line":8,"column":2},"end":{"line":12,"column":5}},"5":{"start":{"line":12,"column":5},"end":{"line":34,"column":8}},"6":{"start":{"line":15,"column":12},"end":{"line":33,"column":null}},"7":{"start":{"line":16,"column":23},"end":{"line":31,"column":null}},"8":{"start":{"line":17,"column":6},"end":{"line":30,"column":null}},"9":{"start":{"line":18,"column":8},"end":{"line":25,"column":null}},"10":{"start":{"line":19,"column":10},"end":{"line":24,"column":null}},"11":{"start":{"line":20,"column":12},"end":{"line":24,"column":14}},"12":{"start":{"line":27,"column":21},"end":{"line":27,"column":null}},"13":{"start":{"line":28,"column":8},"end":{"line":28,"column":24}},"14":{"start":{"line":29,"column":15},"end":{"line":29,"column":null}},"15":{"start":{"line":30,"column":8},"end":{"line":30,"column":53}},"16":{"start":{"line":33,"column":4},"end":{"line":33,"column":16}},"17":{"start":{"line":34,"column":5},"end":{"line":34,"column":7}},"18":{"start":{"line":34,"column":7},"end":{"line":34,"column":8}},"19":{"start":{"line":15,"column":2},"end":{"line":34,"column":8}},"20":{"start":{"line":34,"column":8},"end":{"line":41,"column":null}},"21":{"start":{"line":39,"column":8},"end":{"line":41,"column":null}},"22":{"start":{"line":41,"column":14},"end":{"line":41,"column":null}},"23":{"start":{"line":41,"column":14},"end":{"line":48,"column":null}},"24":{"start":{"line":38,"column":6},"end":{"line":48,"column":null}},"25":{"start":{"line":48,"column":12},"end":{"line":48,"column":null}},"26":{"start":{"line":48,"column":12},"end":{"line":53,"column":null}},"27":{"start":{"line":53,"column":16},"end":{"line":53,"column":43}},"28":{"start":{"line":53,"column":43},"end":{"line":53,"column":null}},"29":{"start":{"line":53,"column":43},"end":{"line":55,"column":null}},"30":{"start":{"line":51,"column":8},"end":{"line":54,"column":null}},"31":{"start":{"line":55,"column":10},"end":{"line":55,"column":null}},"32":{"start":{"line":55,"column":10},"end":{"line":58,"column":null}},"33":{"start":{"line":58,"column":16},"end":{"line":58,"column":47}},"34":{"start":{"line":58,"column":47},"end":{"line":58,"column":null}},"35":{"start":{"line":58,"column":47},"end":{"line":60,"column":null}},"36":{"start":{"line":56,"column":8},"end":{"line":59,"column":null}},"37":{"start":{"line":60,"column":10},"end":{"line":60,"column":null}},"38":{"start":{"line":60,"column":10},"end":{"line":63,"column":null}},"39":{"start":{"line":63,"column":16},"end":{"line":63,"column":48}},"40":{"start":{"line":63,"column":48},"end":{"line":63,"column":null}},"41":{"start":{"line":63,"column":48},"end":{"line":65,"column":null}},"42":{"start":{"line":61,"column":8},"end":{"line":64,"column":null}},"43":{"start":{"line":65,"column":10},"end":{"line":65,"column":null}},"44":{"start":{"line":65,"column":10},"end":{"line":67,"column":null}},"45":{"start":{"line":37,"column":4},"end":{"line":67,"column":null}},"46":{"start":{"line":67,"column":10},"end":{"line":67,"column":null}},"47":{"start":{"line":67,"column":10},"end":{"line":37,"column":19}}},"fnMap":{"0":{"name":"Setup","decl":{"start":{"line":7,"column":15},"end":{"line":7,"column":null}},"loc":{"start":{"line":7,"column":15},"end":{"line":67,"column":null}},"line":7},"1":{"name":"(anonymous_1)","decl":{"start":{"line":15,"column":12},"end":{"line":15,"column":null}},"loc":{"start":{"line":15,"column":12},"end":{"line":33,"column":null}},"line":15},"2":{"name":"(anonymous_2)","decl":{"start":{"line":16,"column":23},"end":{"line":16,"column":null}},"loc":{"start":{"line":16,"column":23},"end":{"line":31,"column":null}},"line":16},"3":{"name":"(anonymous_3)","decl":{"start":{"line":18,"column":8},"end":{"line":18,"column":27}},"loc":{"start":{"line":18,"column":27},"end":{"line":25,"column":null}},"line":18}},"branchMap":{"0":{"loc":{"start":{"line":7,"column":15},"end":{"line":12,"column":5}},"type":"if","locations":[{"start":{"line":7,"column":15},"end":{"line":12,"column":5}},{"start":{"line":12,"column":3},"end":{"line":12,"column":5}}],"line":7},"1":{"loc":{"start":{"line":12,"column":5},"end":{"line":34,"column":8}},"type":"if","locations":[{"start":{"line":12,"column":5},"end":{"line":34,"column":8}},{"start":{"line":34,"column":7},"end":{"line":34,"column":8}}],"line":12},"2":{"loc":{"start":{"line":19,"column":10},"end":{"line":24,"column":null}},"type":"if","locations":[{"start":{"line":19,"column":10},"end":{"line":24,"column":null}},{"start":{},"end":{}}],"line":19},"3":{"loc":{"start":{"line":21,"column":24},"end":{"line":21,"column":28}},"type":"binary-expr","locations":[{"start":{"line":21,"column":24},"end":{"line":21,"column":41}},{"start":{"line":21,"column":41},"end":{"line":21,"column":58}},{"start":{"line":21,"column":24},"end":{"line":21,"column":28}}],"line":21},"4":{"loc":{"start":{"line":22,"column":33},"end":{"line":22,"column":37}},"type":"binary-expr","locations":[{"start":{"line":22,"column":33},"end":{"line":22,"column":61}},{"start":{"line":22,"column":33},"end":{"line":22,"column":37}}],"line":22},"5":{"loc":{"start":{"line":23,"column":27},"end":{"line":23,"column":31}},"type":"binary-expr","locations":[{"start":{"line":23,"column":27},"end":{"line":23,"column":null}},{"start":{"line":23,"column":27},"end":{"line":23,"column":31}}],"line":23},"6":{"loc":{"start":{"line":34,"column":8},"end":{"line":41,"column":null}},"type":"if","locations":[{"start":{"line":34,"column":8},"end":{"line":41,"column":null}},{"start":{"line":41,"column":14},"end":{"line":41,"column":null}}],"line":34},"7":{"loc":{"start":{"line":41,"column":14},"end":{"line":48,"column":null}},"type":"if","locations":[{"start":{"line":41,"column":14},"end":{"line":48,"column":null}},{"start":{"line":48,"column":12},"end":{"line":48,"column":null}}],"line":41},"8":{"loc":{"start":{"line":48,"column":12},"end":{"line":53,"column":null}},"type":"if","locations":[{"start":{"line":48,"column":12},"end":{"line":53,"column":null}},{"start":{"line":53,"column":43},"end":{"line":53,"column":null}}],"line":48},"9":{"loc":{"start":{"line":53,"column":43},"end":{"line":55,"column":null}},"type":"if","locations":[{"start":{"line":53,"column":43},"end":{"line":55,"column":null}},{"start":{"line":55,"column":10},"end":{"line":55,"column":null}}],"line":53},"10":{"loc":{"start":{"line":55,"column":10},"end":{"line":58,"column":null}},"type":"if","locations":[{"start":{"line":55,"column":10},"end":{"line":58,"column":null}},{"start":{"line":58,"column":47},"end":{"line":58,"column":null}}],"line":55},"11":{"loc":{"start":{"line":58,"column":47},"end":{"line":60,"column":null}},"type":"if","locations":[{"start":{"line":58,"column":47},"end":{"line":60,"column":null}},{"start":{"line":60,"column":10},"end":{"line":60,"column":null}}],"line":58},"12":{"loc":{"start":{"line":60,"column":10},"end":{"line":63,"column":null}},"type":"if","locations":[{"start":{"line":60,"column":10},"end":{"line":63,"column":null}},{"start":{"line":63,"column":48},"end":{"line":63,"column":null}}],"line":60},"13":{"loc":{"start":{"line":63,"column":48},"end":{"line":65,"column":null}},"type":"if","locations":[{"start":{"line":63,"column":48},"end":{"line":65,"column":null}},{"start":{"line":65,"column":10},"end":{"line":65,"column":null}}],"line":63},"14":{"loc":{"start":{"line":65,"column":10},"end":{"line":67,"column":null}},"type":"if","locations":[{"start":{"line":65,"column":10},"end":{"line":67,"column":null}},{"start":{"line":67,"column":10},"end":{"line":67,"column":null}}],"line":65},"15":{"loc":{"start":{"line":65,"column":10},"end":{"line":65,"column":null}},"type":"binary-expr","locations":[{"start":{"line":65,"column":10},"end":{"line":65,"column":null}},{"start":{"line":65,"column":10},"end":{"line":65,"column":null}},{"start":{"line":65,"column":10},"end":{"line":65,"column":null}}],"line":65}},"s":{"0":3,"1":3,"2":1,"3":2,"4":3,"5":3,"6":1,"7":1,"8":1,"9":1,"10":2,"11":2,"12":1,"13":1,"14":0,"15":0,"16":1,"17":1,"18":2,"19":3,"20":3,"21":1,"22":2,"23":3,"24":1,"25":2,"26":3,"27":1,"28":2,"29":3,"30":2,"31":1,"32":3,"33":1,"34":2,"35":3,"36":2,"37":1,"38":3,"39":1,"40":2,"41":3,"42":2,"43":1,"44":3,"45":2,"46":1,"47":3},"f":{"0":3,"1":1,"2":1,"3":2},"b":{"0":[1,2],"1":[1,2],"2":[2,0],"3":[2,0,0],"4":[2,0],"5":[2,0],"6":[1,2],"7":[1,2],"8":[1,2],"9":[2,1],"10":[1,2],"11":[2,1],"12":[1,2],"13":[2,1],"14":[2,1],"15":[3,1,1]},"meta":{"lastBranch":16,"lastFunction":4,"lastStatement":48,"seen":{"f:7:15:7:Infinity":0,"s:7:15:7:Infinity":0,"b:7:15:12:5:12:3:12:5":0,"s:7:15:12:5":1,"s:8:45:12:3":2,"s:12:3:12:5":3,"s:8:2:12:5":4,"b:12:5:34:8:34:7:34:8":1,"s:12:5:34:8":5,"s:15:12:33:Infinity":6,"f:15:12:15:Infinity":1,"s:16:23:31:Infinity":7,"f:16:23:16:Infinity":2,"s:17:6:30:Infinity":8,"s:18:8:25:Infinity":9,"f:18:8:18:27":3,"b:19:10:24:Infinity:undefined:undefined:undefined:undefined":2,"s:19:10:24:Infinity":10,"s:20:12:24:14":11,"b:21:24:21:41:21:41:21:58:21:24:21:28":3,"b:22:33:22:61:22:33:22:37":4,"b:23:27:23:Infinity:23:27:23:31":5,"s:27:21:27:Infinity":12,"s:28:8:28:24":13,"s:29:15:29:Infinity":14,"s:30:8:30:53":15,"s:33:4:33:16":16,"s:34:5:34:7":17,"s:34:7:34:8":18,"s:15:2:34:8":19,"b:34:8:41:Infinity:41:14:41:Infinity":6,"s:34:8:41:Infinity":20,"s:39:8:41:Infinity":21,"s:41:14:41:Infinity":22,"b:41:14:48:Infinity:48:12:48:Infinity":7,"s:41:14:48:Infinity":23,"s:38:6:48:Infinity":24,"s:48:12:48:Infinity":25,"b:48:12:53:Infinity:53:43:53:Infinity":8,"s:48:12:53:Infinity":26,"s:53:16:53:43":27,"s:53:43:53:Infinity":28,"b:53:43:55:Infinity:55:10:55:Infinity":9,"s:53:43:55:Infinity":29,"s:51:8:54:Infinity":30,"s:55:10:55:Infinity":31,"b:55:10:58:Infinity:58:47:58:Infinity":10,"s:55:10:58:Infinity":32,"s:58:16:58:47":33,"s:58:47:58:Infinity":34,"b:58:47:60:Infinity:60:10:60:Infinity":11,"s:58:47:60:Infinity":35,"s:56:8:59:Infinity":36,"s:60:10:60:Infinity":37,"b:60:10:63:Infinity:63:48:63:Infinity":12,"s:60:10:63:Infinity":38,"s:63:16:63:48":39,"s:63:48:63:Infinity":40,"b:63:48:65:Infinity:65:10:65:Infinity":13,"s:63:48:65:Infinity":41,"s:61:8:64:Infinity":42,"s:65:10:65:Infinity":43,"b:65:10:67:Infinity:67:10:67:Infinity":14,"s:65:10:67:Infinity":44,"b:65:10:65:Infinity:65:10:65:Infinity:65:10:65:Infinity":15,"s:37:4:67:Infinity":45,"s:67:10:67:Infinity":46,"s:67:10:37:19":47},"fnNames":{}}}
,"/home/nicoj/dev/xXN1CG4M3RXx/n1code/main/src/pages/Skills.jsx": {"path":"/home/nicoj/dev/xXN1CG4M3RXx/n1code/main/src/pages/Skills.jsx","statementMap":{"0":{"start":{"line":7,"column":17},"end":{"line":7,"column":null}},"1":{"start":{"line":8,"column":18},"end":{"line":8,"column":null}},"2":{"start":{"line":10,"column":2},"end":{"line":27,"column":null}},"3":{"start":{"line":11,"column":24},"end":{"line":25,"column":null}},"4":{"start":{"line":12,"column":6},"end":{"line":24,"column":null}},"5":{"start":{"line":13,"column":14},"end":{"line":17,"column":null}},"6":{"start":{"line":14,"column":10},"end":{"line":16,"column":null}},"7":{"start":{"line":15,"column":12},"end":{"line":15,"column":null}},"8":{"start":{"line":18,"column":21},"end":{"line":18,"column":null}},"9":{"start":{"line":19,"column":8},"end":{"line":19,"column":null}},"10":{"start":{"line":21,"column":8},"end":{"line":21,"column":null}},"11":{"start":{"line":23,"column":8},"end":{"line":23,"column":null}},"12":{"start":{"line":26,"column":4},"end":{"line":26,"column":null}},"13":{"start":{"line":29,"column":8},"end":{"line":37,"column":null}},"14":{"start":{"line":30,"column":4},"end":{"line":36,"column":null}},"15":{"start":{"line":31,"column":21},"end":{"line":31,"column":null}},"16":{"start":{"line":32,"column":23},"end":{"line":32,"column":null}},"17":{"start":{"line":33,"column":27},"end":{"line":33,"column":null}},"18":{"start":{"line":34,"column":23},"end":{"line":34,"column":null}},"19":{"start":{"line":35,"column":15},"end":{"line":35,"column":null}},"20":{"start":{"line":39,"column":21},"end":{"line":39,"column":null}},"21":{"start":{"line":41,"column":2},"end":{"line":100,"column":null}},"22":{"start":{"line":64,"column":35},"end":{"line":64,"column":null}},"23":{"start":{"line":64,"column":54},"end":{"line":64,"column":77}},"24":{"start":{"line":65,"column":12},"end":{"line":65,"column":null}},"25":{"start":{"line":65,"column":45},"end":{"line":65,"column":null}},"26":{"start":{"line":67,"column":12},"end":{"line":95,"column":null}},"27":{"start":{"line":74,"column":26},"end":{"line":74,"column":null}},"28":{"start":{"line":75,"column":20},"end":{"line":91,"column":null}}},"fnMap":{"0":{"name":"Skills","decl":{"start":{"line":6,"column":24},"end":{"line":6,"column":33}},"loc":{"start":{"line":6,"column":33},"end":{"line":102,"column":null}},"line":6},"1":{"name":"(anonymous_1)","decl":{"start":{"line":10,"column":2},"end":{"line":10,"column":18}},"loc":{"start":{"line":10,"column":18},"end":{"line":27,"column":5}},"line":10},"2":{"name":"(anonymous_2)","decl":{"start":{"line":11,"column":24},"end":{"line":11,"column":36}},"loc":{"start":{"line":11,"column":36},"end":{"line":25,"column":null}},"line":11},"3":{"name":"(anonymous_3)","decl":{"start":{"line":13,"column":14},"end":{"line":13,"column":28}},"loc":{"start":{"line":13,"column":37},"end":{"line":17,"column":null}},"line":13},"4":{"name":"(anonymous_4)","decl":{"start":{"line":29,"column":8},"end":{"line":29,"column":31}},"loc":{"start":{"line":29,"column":41},"end":{"line":37,"column":null}},"line":29},"5":{"name":"(anonymous_5)","decl":{"start":{"line":63,"column":22},"end":{"line":63,"column":27}},"loc":{"start":{"line":63,"column":40},"end":{"line":97,"column":11}},"line":63},"6":{"name":"(anonymous_6)","decl":{"start":{"line":64,"column":42},"end":{"line":64,"column":49}},"loc":{"start":{"line":64,"column":54},"end":{"line":64,"column":77}},"line":64},"7":{"name":"(anonymous_7)","decl":{"start":{"line":73,"column":34},"end":{"line":73,"column":39}},"loc":{"start":{"line":73,"column":49},"end":{"line":93,"column":19}},"line":73}},"branchMap":{"0":{"loc":{"start":{"line":14,"column":10},"end":{"line":16,"column":null}},"type":"if","locations":[{"start":{"line":14,"column":10},"end":{"line":16,"column":null}},{"start":{},"end":{}}],"line":14},"1":{"loc":{"start":{"line":15,"column":22},"end":{"line":15,"column":37}},"type":"binary-expr","locations":[{"start":{"line":15,"column":22},"end":{"line":15,"column":35}},{"start":{"line":15,"column":35},"end":{"line":15,"column":37}}],"line":15},"2":{"loc":{"start":{"line":30,"column":4},"end":{"line":36,"column":null}},"type":"switch","locations":[{"start":{"line":31,"column":6},"end":{"line":31,"column":null}},{"start":{"line":32,"column":6},"end":{"line":32,"column":null}},{"start":{"line":33,"column":6},"end":{"line":33,"column":null}},{"start":{"line":34,"column":6},"end":{"line":34,"column":null}},{"start":{"line":35,"column":6},"end":{"line":35,"column":null}}],"line":30},"3":{"loc":{"start":{"line":55,"column":7},"end":{"line":100,"column":null}},"type":"cond-expr","locations":[{"start":{"line":56,"column":8},"end":{"line":59,"column":17}},{"start":{"line":59,"column":10},"end":{"line":100,"column":null}}],"line":55},"4":{"loc":{"start":{"line":59,"column":10},"end":{"line":100,"column":null}},"type":"cond-expr","locations":[{"start":{"line":60,"column":8},"end":{"line":62,"column":9}},{"start":{"line":62,"column":8},"end":{"line":100,"column":null}}],"line":59},"5":{"loc":{"start":{"line":65,"column":12},"end":{"line":65,"column":null}},"type":"if","locations":[{"start":{"line":65,"column":12},"end":{"line":65,"column":null}},{"start":{},"end":{}}],"line":65}},"s":{"0":7,"1":7,"2":7,"3":3,"4":3,"5":3,"6":4,"7":4,"8":3,"9":2,"10":0,"11":2,"12":3,"13":7,"14":5,"15":1,"16":1,"17":1,"18":1,"19":1,"20":7,"21":7,"22":5,"23":25,"24":5,"25":0,"26":5,"27":5,"28":5},"f":{"0":7,"1":3,"2":3,"3":4,"4":5,"5":5,"6":25,"7":5},"b":{"0":[4,0],"1":[4,0],"2":[1,1,1,1,1],"3":[5,2],"4":[1,1],"5":[0,5]},"meta":{"lastBranch":6,"lastFunction":8,"lastStatement":29,"seen":{"f:6:24:6:33":0,"s:7:17:7:Infinity":0,"s:8:18:8:Infinity":1,"s:10:2:27:Infinity":2,"f:10:2:10:18":1,"s:11:24:25:Infinity":3,"f:11:24:11:36":2,"s:12:6:24:Infinity":4,"s:13:14:17:Infinity":5,"f:13:14:13:28":3,"b:14:10:16:Infinity:undefined:undefined:undefined:undefined":0,"s:14:10:16:Infinity":6,"s:15:12:15:Infinity":7,"b:15:22:15:35:15:35:15:37":1,"s:18:21:18:Infinity":8,"s:19:8:19:Infinity":9,"s:21:8:21:Infinity":10,"s:23:8:23:Infinity":11,"s:26:4:26:Infinity":12,"s:29:8:37:Infinity":13,"f:29:8:29:31":4,"b:31:6:31:Infinity:32:6:32:Infinity:33:6:33:Infinity:34:6:34:Infinity:35:6:35:Infinity":2,"s:30:4:36:Infinity":14,"s:31:21:31:Infinity":15,"s:32:23:32:Infinity":16,"s:33:27:33:Infinity":17,"s:34:23:34:Infinity":18,"s:35:15:35:Infinity":19,"s:39:21:39:Infinity":20,"s:41:2:100:Infinity":21,"b:56:8:59:17:59:10:100:Infinity":3,"b:60:8:62:9:62:8:100:Infinity":4,"f:63:22:63:27":5,"s:64:35:64:Infinity":22,"f:64:42:64:49":6,"s:64:54:64:77":23,"b:65:12:65:Infinity:undefined:undefined:undefined:undefined":5,"s:65:12:65:Infinity":24,"s:65:45:65:Infinity":25,"s:67:12:95:Infinity":26,"f:73:34:73:39":7,"s:74:26:74:Infinity":27,"s:75:20:91:Infinity":28},"fnNames":{}}}
}
